<?xml version="1.0" encoding="UTF-8"?>
<coverage generated="1784197547807" clover="3.2.0">
  <project timestamp="1784197547807" name="All files">
    <metrics statements="415" coveredstatements="353" conditionals="305" coveredconditionals="205" methods="125" coveredmethods="110" elements="845" coveredelements="668" complexity="0" loc="415" ncloc="415" packages="2" files="5" classes="5"/>
    <package name="src">
      <metrics statements="10" coveredstatements="10" conditionals="4" coveredconditionals="4" methods="2" coveredmethods="2"/>
      <file name="App.jsx" path="/home/christian-sperb/Documents/projects/unyleya/3P-1-frontend/frontend/src/App.jsx">
        <metrics statements="10" coveredstatements="10" conditionals="4" coveredconditionals="4" methods="2" coveredmethods="2"/>
        <line num="8" count="4" type="stmt"/>
        <line num="9" count="4" type="stmt"/>
        <line num="11" count="4" type="stmt"/>
        <line num="12" count="1" type="stmt"/>
        <line num="13" count="1" type="stmt"/>
        <line num="14" count="1" type="stmt"/>
        <line num="17" count="4" type="cond" truecount="2" falsecount="0"/>
        <line num="18" count="4" type="stmt"/>
        <line num="20" count="4" type="stmt"/>
        <line num="22" count="4" type="stmt"/>
      </file>
    </package>
    <package name="src.pages">
      <metrics statements="405" coveredstatements="343" conditionals="301" coveredconditionals="201" methods="123" coveredmethods="108"/>
      <file name="Estoque.jsx" path="/home/christian-sperb/Documents/projects/unyleya/3P-1-frontend/frontend/src/pages/Estoque.jsx">
        <metrics statements="58" coveredstatements="49" conditionals="26" coveredconditionals="24" methods="17" coveredmethods="15"/>
        <line num="6" count="21" type="stmt"/>
        <line num="7" count="21" type="stmt"/>
        <line num="8" count="21" type="stmt"/>
        <line num="9" count="21" type="stmt"/>
        <line num="10" count="21" type="stmt"/>
        <line num="11" count="21" type="stmt"/>
        <line num="13" count="21" type="stmt"/>
        <line num="16" count="21" type="stmt"/>
        <line num="17" count="8" type="stmt"/>
        <line num="18" count="8" type="stmt"/>
        <line num="19" count="8" type="stmt"/>
        <line num="20" count="8" type="cond" truecount="1" falsecount="1"/>
        <line num="21" count="0" type="stmt"/>
        <line num="22" count="0" type="stmt"/>
        <line num="25" count="8" type="stmt"/>
        <line num="33" count="8" type="cond" truecount="4" falsecount="0"/>
        <line num="34" count="1" type="stmt"/>
        <line num="35" count="1" type="stmt"/>
        <line num="36" count="1" type="stmt"/>
        <line num="39" count="7" type="cond" truecount="2" falsecount="0"/>
        <line num="41" count="6" type="stmt"/>
        <line num="42" count="6" type="stmt"/>
        <line num="43" count="12" type="stmt"/>
        <line num="44" count="6" type="stmt"/>
        <line num="46" count="6" type="stmt"/>
        <line num="48" count="2" type="stmt"/>
        <line num="50" count="8" type="stmt"/>
        <line num="54" count="8" type="stmt"/>
        <line num="57" count="21" type="stmt"/>
        <line num="58" count="2" type="cond" truecount="2" falsecount="0"/>
        <line num="59" count="1" type="stmt"/>
        <line num="62" count="1" type="stmt"/>
        <line num="63" count="1" type="stmt"/>
        <line num="64" count="1" type="stmt"/>
        <line num="71" count="1" type="cond" truecount="1" falsecount="1"/>
        <line num="72" count="2" type="stmt"/>
        <line num="74" count="0" type="stmt"/>
        <line num="77" count="0" type="stmt"/>
        <line num="78" count="0" type="stmt"/>
        <line num="82" count="21" type="stmt"/>
        <line num="83" count="1" type="stmt"/>
        <line num="84" count="1" type="stmt"/>
        <line num="87" count="21" type="stmt"/>
        <line num="88" count="1" type="stmt"/>
        <line num="89" count="1" type="stmt"/>
        <line num="93" count="21" type="stmt"/>
        <line num="94" count="0" type="stmt"/>
        <line num="95" count="0" type="stmt"/>
        <line num="96" count="0" type="stmt"/>
        <line num="100" count="21" type="cond" truecount="2" falsecount="0"/>
        <line num="103" count="21" type="stmt"/>
        <line num="104" count="21" type="stmt"/>
        <line num="107" count="21" type="stmt"/>
        <line num="136" count="0" type="stmt"/>
        <line num="146" count="2" type="stmt"/>
        <line num="175" count="14" type="stmt"/>
        <line num="186" count="1" type="stmt"/>
        <line num="193" count="2" type="stmt"/>
      </file>
      <file name="Login.jsx" path="/home/christian-sperb/Documents/projects/unyleya/3P-1-frontend/frontend/src/pages/Login.jsx">
        <metrics statements="19" coveredstatements="19" conditionals="6" coveredconditionals="5" methods="4" coveredmethods="4"/>
        <line num="5" count="15" type="stmt"/>
        <line num="6" count="15" type="stmt"/>
        <line num="7" count="15" type="stmt"/>
        <line num="9" count="15" type="stmt"/>
        <line num="11" count="15" type="stmt"/>
        <line num="12" count="3" type="stmt"/>
        <line num="13" count="3" type="stmt"/>
        <line num="15" count="3" type="stmt"/>
        <line num="16" count="3" type="stmt"/>
        <line num="22" count="2" type="stmt"/>
        <line num="24" count="2" type="cond" truecount="2" falsecount="0"/>
        <line num="25" count="1" type="stmt"/>
        <line num="26" count="1" type="stmt"/>
        <line num="28" count="1" type="stmt"/>
        <line num="30" count="1" type="cond" truecount="1" falsecount="1"/>
        <line num="33" count="1" type="stmt"/>
        <line num="37" count="15" type="stmt"/>
        <line num="53" count="3" type="stmt"/>
        <line num="64" count="3" type="stmt"/>
      </file>
      <file name="Pdv.jsx" path="/home/christian-sperb/Documents/projects/unyleya/3P-1-frontend/frontend/src/pages/Pdv.jsx">
        <metrics statements="100" coveredstatements="82" conditionals="66" coveredconditionals="50" methods="31" coveredmethods="25"/>
        <line num="5" count="36" type="stmt"/>
        <line num="6" count="36" type="stmt"/>
        <line num="7" count="36" type="stmt"/>
        <line num="8" count="36" type="stmt"/>
        <line num="11" count="36" type="stmt"/>
        <line num="12" count="36" type="stmt"/>
        <line num="15" count="36" type="stmt"/>
        <line num="16" count="36" type="stmt"/>
        <line num="17" count="36" type="stmt"/>
        <line num="18" count="36" type="stmt"/>
        <line num="19" count="36" type="stmt"/>
        <line num="21" count="36" type="stmt"/>
        <line num="22" count="36" type="stmt"/>
        <line num="23" count="36" type="stmt"/>
        <line num="24" count="36" type="stmt"/>
        <line num="26" count="36" type="stmt"/>
        <line num="29" count="36" type="stmt"/>
        <line num="30" count="9" type="stmt"/>
        <line num="31" count="9" type="stmt"/>
        <line num="32" count="9" type="cond" truecount="1" falsecount="1"/>
        <line num="34" count="9" type="stmt"/>
        <line num="38" count="9" type="cond" truecount="3" falsecount="1"/>
        <line num="39" count="0" type="stmt"/>
        <line num="40" count="0" type="stmt"/>
        <line num="41" count="0" type="stmt"/>
        <line num="44" count="9" type="stmt"/>
        <line num="45" count="18" type="cond" truecount="2" falsecount="0"/>
        <line num="46" count="9" type="stmt"/>
        <line num="48" count="0" type="stmt"/>
        <line num="50" count="9" type="stmt"/>
        <line num="55" count="36" type="stmt"/>
        <line num="57" count="56" type="stmt"/>
        <line num="58" count="36" type="cond" truecount="2" falsecount="0"/>
        <line num="61" count="36" type="stmt"/>
        <line num="62" count="11" type="stmt"/>
        <line num="63" count="11" type="stmt"/>
        <line num="64" count="11" type="cond" truecount="2" falsecount="0"/>
        <line num="65" count="5" type="cond" truecount="2" falsecount="0"/>
        <line num="66" count="1" type="stmt"/>
        <line num="67" count="1" type="stmt"/>
        <line num="69" count="4" type="cond" truecount="1" falsecount="1"/>
        <line num="71" count="6" type="stmt"/>
        <line num="75" count="36" type="stmt"/>
        <line num="77" count="36" type="stmt"/>
        <line num="78" count="36" type="stmt"/>
        <line num="81" count="36" type="stmt"/>
        <line num="82" count="1" type="cond" truecount="1" falsecount="1"/>
        <line num="83" count="0" type="stmt"/>
        <line num="84" count="0" type="stmt"/>
        <line num="87" count="1" type="stmt"/>
        <line num="88" count="1" type="stmt"/>
        <line num="90" count="1" type="stmt"/>
        <line num="91" count="1" type="stmt"/>
        <line num="94" count="1" type="stmt"/>
        <line num="107" count="1" type="stmt"/>
        <line num="116" count="1" type="cond" truecount="1" falsecount="1"/>
        <line num="117" count="1" type="stmt"/>
        <line num="118" count="1" type="stmt"/>
        <line num="120" count="0" type="stmt"/>
        <line num="123" count="0" type="stmt"/>
        <line num="124" count="0" type="stmt"/>
        <line num="126" count="1" type="stmt"/>
        <line num="131" count="36" type="stmt"/>
        <line num="132" count="2" type="cond" truecount="1" falsecount="1"/>
        <line num="133" count="2" type="stmt"/>
        <line num="135" count="2" type="stmt"/>
        <line num="137" count="2" type="stmt"/>
        <line num="150" count="2" type="stmt"/>
        <line num="151" count="2" type="stmt"/>
        <line num="152" count="2" type="stmt"/>
        <line num="158" count="2" type="cond" truecount="2" falsecount="0"/>
        <line num="159" count="1" type="stmt"/>
        <line num="162" count="1" type="stmt"/>
        <line num="163" count="1" type="stmt"/>
        <line num="164" count="1" type="stmt"/>
        <line num="165" count="1" type="stmt"/>
        <line num="166" count="1" type="stmt"/>
        <line num="167" count="1" type="stmt"/>
        <line num="169" count="1" type="stmt"/>
        <line num="171" count="1" type="stmt"/>
        <line num="172" count="1" type="cond" truecount="2" falsecount="1"/>
        <line num="175" count="0" type="stmt"/>
        <line num="176" count="0" type="stmt"/>
        <line num="178" count="2" type="stmt"/>
        <line num="182" count="36" type="stmt"/>
        <line num="190" count="92" type="cond" truecount="2" falsecount="0"/>
        <line num="201" count="55" type="cond" truecount="2" falsecount="0"/>
        <line num="210" count="11" type="stmt"/>
        <line num="232" count="17" type="stmt"/>
        <line num="237" count="1" type="stmt"/>
        <line num="245" count="0" type="stmt"/>
        <line num="253" count="0" type="stmt"/>
        <line num="257" count="0" type="stmt"/>
        <line num="261" count="0" type="stmt"/>
        <line num="265" count="0" type="stmt"/>
        <line num="270" count="1" type="stmt"/>
        <line num="279" count="1" type="cond" truecount="3" falsecount="0"/>
        <line num="280" count="1" type="stmt"/>
        <line num="286" count="0" type="stmt"/>
        <line num="287" count="0" type="stmt"/>
      </file>
      <file name="Relatorios.jsx" path="/home/christian-sperb/Documents/projects/unyleya/3P-1-frontend/frontend/src/pages/Relatorios.jsx">
        <metrics statements="228" coveredstatements="193" conditionals="203" coveredconditionals="122" methods="71" coveredmethods="64"/>
        <line num="18" count="1" type="stmt"/>
        <line num="19" count="409" type="stmt"/>
        <line num="20" count="409" type="stmt"/>
        <line num="21" count="409" type="stmt"/>
        <line num="22" count="409" type="stmt"/>
        <line num="26" count="46" type="stmt"/>
        <line num="27" count="46" type="stmt"/>
        <line num="28" count="46" type="stmt"/>
        <line num="29" count="46" type="stmt"/>
        <line num="30" count="46" type="stmt"/>
        <line num="33" count="46" type="stmt"/>
        <line num="34" count="46" type="stmt"/>
        <line num="35" count="16" type="stmt"/>
        <line num="36" count="16" type="stmt"/>
        <line num="37" count="16" type="stmt"/>
        <line num="39" count="46" type="stmt"/>
        <line num="40" count="16" type="stmt"/>
        <line num="43" count="46" type="stmt"/>
        <line num="45" count="46" type="stmt"/>
        <line num="46" count="16" type="stmt"/>
        <line num="47" count="16" type="stmt"/>
        <line num="48" count="16" type="stmt"/>
        <line num="49" count="16" type="stmt"/>
        <line num="50" count="16" type="cond" truecount="2" falsecount="0"/>
        <line num="52" count="15" type="stmt"/>
        <line num="54" count="15" type="stmt"/>
        <line num="59" count="15" type="cond" truecount="3" falsecount="1"/>
        <line num="60" count="15" type="stmt"/>
        <line num="61" count="15" type="stmt"/>
        <line num="63" count="15" type="stmt"/>
        <line num="64" count="15" type="stmt"/>
        <line num="67" count="0" type="stmt"/>
        <line num="69" count="16" type="stmt"/>
        <line num="73" count="16" type="stmt"/>
        <line num="76" count="46" type="stmt"/>
        <line num="77" count="1" type="stmt"/>
        <line num="78" count="1" type="stmt"/>
        <line num="79" count="1" type="cond" truecount="1" falsecount="1"/>
        <line num="80" count="0" type="stmt"/>
        <line num="81" count="0" type="stmt"/>
        <line num="82" count="0" type="stmt"/>
        <line num="83" count="0" type="stmt"/>
        <line num="84" count="1" type="cond" truecount="1" falsecount="1"/>
        <line num="85" count="1" type="stmt"/>
        <line num="86" count="1" type="stmt"/>
        <line num="87" count="1" type="stmt"/>
        <line num="88" count="1" type="stmt"/>
        <line num="89" count="0" type="cond" truecount="0" falsecount="2"/>
        <line num="90" count="0" type="stmt"/>
        <line num="91" count="0" type="stmt"/>
        <line num="92" count="0" type="stmt"/>
        <line num="93" count="0" type="stmt"/>
        <line num="94" count="0" type="cond" truecount="0" falsecount="2"/>
        <line num="95" count="0" type="stmt"/>
        <line num="96" count="0" type="stmt"/>
        <line num="100" count="46" type="stmt"/>
        <line num="101" count="1" type="stmt"/>
        <line num="102" count="1" type="stmt"/>
        <line num="105" count="46" type="stmt"/>
        <line num="106" count="1" type="stmt"/>
        <line num="107" count="1" type="stmt"/>
        <line num="110" count="46" type="stmt"/>
        <line num="111" count="3" type="stmt"/>
        <line num="112" count="3" type="stmt"/>
        <line num="113" count="3" type="stmt"/>
        <line num="119" count="2" type="cond" truecount="2" falsecount="0"/>
        <line num="120" count="1" type="stmt"/>
        <line num="121" count="1" type="stmt"/>
        <line num="122" count="2" type="cond" truecount="2" falsecount="0"/>
        <line num="126" count="1" type="stmt"/>
        <line num="129" count="1" type="stmt"/>
        <line num="130" count="1" type="stmt"/>
        <line num="134" count="46" type="stmt"/>
        <line num="135" count="1" type="cond" truecount="1" falsecount="1"/>
        <line num="136" count="1" type="stmt"/>
        <line num="137" count="1" type="stmt"/>
        <line num="138" count="1" type="stmt"/>
        <line num="143" count="1" type="cond" truecount="1" falsecount="1"/>
        <line num="144" count="1" type="stmt"/>
        <line num="145" count="2" type="stmt"/>
        <line num="148" count="0" type="stmt"/>
        <line num="151" count="0" type="stmt"/>
        <line num="152" count="0" type="stmt"/>
        <line num="156" count="46" type="stmt"/>
        <line num="157" count="1" type="cond" truecount="1" falsecount="1"/>
        <line num="160" count="46" type="stmt"/>
        <line num="161" count="44" type="cond" truecount="1" falsecount="1"/>
        <line num="162" count="44" type="stmt"/>
        <line num="163" count="44" type="stmt"/>
        <line num="166" count="46" type="stmt"/>
        <line num="167" count="44" type="cond" truecount="4" falsecount="2"/>
        <line num="168" count="0" type="stmt"/>
        <line num="169" count="1" type="stmt"/>
        <line num="170" count="0" type="stmt"/>
        <line num="171" count="22" type="stmt"/>
        <line num="173" count="21" type="stmt"/>
        <line num="178" count="46" type="stmt"/>
        <line num="179" count="36" type="stmt"/>
        <line num="180" count="37" type="cond" truecount="1" falsecount="1"/>
        <line num="181" count="37" type="stmt"/>
        <line num="182" count="37" type="stmt"/>
        <line num="183" count="37" type="cond" truecount="3" falsecount="1"/>
        <line num="184" count="37" type="cond" truecount="4" falsecount="0"/>
        <line num="185" count="35" type="stmt"/>
        <line num="189" count="46" type="stmt"/>
        <line num="190" count="36" type="stmt"/>
        <line num="193" count="46" type="stmt"/>
        <line num="194" count="44" type="stmt"/>
        <line num="195" count="44" type="cond" truecount="2" falsecount="0"/>
        <line num="197" count="8" type="stmt"/>
        <line num="198" count="16" type="cond" truecount="1" falsecount="1"/>
        <line num="199" count="16" type="cond" truecount="1" falsecount="1"/>
        <line num="201" count="16" type="stmt"/>
        <line num="202" count="16" type="stmt"/>
        <line num="204" count="16" type="cond" truecount="1" falsecount="1"/>
        <line num="205" count="8" type="stmt"/>
        <line num="210" count="16" type="cond" truecount="3" falsecount="0"/>
        <line num="214" count="46" type="stmt"/>
        <line num="215" count="31" type="cond" truecount="1" falsecount="1"/>
        <line num="218" count="46" type="stmt"/>
        <line num="219" count="36" type="stmt"/>
        <line num="222" count="46" type="stmt"/>
        <line num="223" count="36" type="cond" truecount="1" falsecount="1"/>
        <line num="226" count="46" type="stmt"/>
        <line num="227" count="36" type="stmt"/>
        <line num="230" count="46" type="stmt"/>
        <line num="231" count="32" type="cond" truecount="2" falsecount="0"/>
        <line num="235" count="46" type="stmt"/>
        <line num="236" count="36" type="stmt"/>
        <line num="237" count="36" type="stmt"/>
        <line num="238" count="17" type="cond" truecount="1" falsecount="1"/>
        <line num="239" count="17" type="stmt"/>
        <line num="240" count="17" type="cond" truecount="2" falsecount="1"/>
        <line num="241" count="17" type="cond" truecount="1" falsecount="1"/>
        <line num="242" count="17" type="stmt"/>
        <line num="248" count="17" type="cond" truecount="1" falsecount="1"/>
        <line num="249" count="17" type="cond" truecount="1" falsecount="5"/>
        <line num="250" count="17" type="stmt"/>
        <line num="255" count="36" type="stmt"/>
        <line num="256" count="0" type="stmt"/>
        <line num="261" count="46" type="stmt"/>
        <line num="262" count="36" type="stmt"/>
        <line num="263" count="36" type="stmt"/>
        <line num="264" count="40" type="cond" truecount="2" falsecount="1"/>
        <line num="265" count="40" type="cond" truecount="1" falsecount="1"/>
        <line num="266" count="40" type="stmt"/>
        <line num="274" count="36" type="stmt"/>
        <line num="275" count="17" type="cond" truecount="1" falsecount="1"/>
        <line num="276" count="17" type="stmt"/>
        <line num="277" count="17" type="stmt"/>
        <line num="278" count="17" type="cond" truecount="2" falsecount="2"/>
        <line num="279" count="17" type="stmt"/>
        <line num="280" count="17" type="cond" truecount="3" falsecount="3"/>
        <line num="282" count="17" type="cond" truecount="1" falsecount="1"/>
        <line num="283" count="0" type="stmt"/>
        <line num="289" count="17" type="cond" truecount="1" falsecount="1"/>
        <line num="290" count="17" type="cond" truecount="1" falsecount="5"/>
        <line num="291" count="17" type="stmt"/>
        <line num="296" count="36" type="stmt"/>
        <line num="297" count="20" type="stmt"/>
        <line num="302" count="46" type="stmt"/>
        <line num="303" count="31" type="stmt"/>
        <line num="307" count="46" type="stmt"/>
        <line num="308" count="36" type="stmt"/>
        <line num="309" count="36" type="cond" truecount="3" falsecount="1"/>
        <line num="310" count="0" type="cond" truecount="0" falsecount="2"/>
        <line num="311" count="0" type="stmt"/>
        <line num="312" count="0" type="cond" truecount="0" falsecount="2"/>
        <line num="314" count="0" type="cond" truecount="0" falsecount="2"/>
        <line num="315" count="0" type="stmt"/>
        <line num="316" count="0" type="stmt"/>
        <line num="317" count="0" type="stmt"/>
        <line num="320" count="36" type="stmt"/>
        <line num="321" count="36" type="stmt"/>
        <line num="323" count="36" type="cond" truecount="3" falsecount="1"/>
        <line num="325" count="36" type="stmt"/>
        <line num="326" count="36" type="cond" truecount="2" falsecount="0"/>
        <line num="327" count="321" type="stmt"/>
        <line num="328" count="321" type="stmt"/>
        <line num="329" count="321" type="stmt"/>
        <line num="331" count="36" type="stmt"/>
        <line num="334" count="46" type="stmt"/>
        <line num="335" count="36" type="stmt"/>
        <line num="337" count="36" type="stmt"/>
        <line num="338" count="36" type="stmt"/>
        <line num="339" count="321" type="stmt"/>
        <line num="342" count="36" type="stmt"/>
        <line num="343" count="17" type="cond" truecount="1" falsecount="1"/>
        <line num="344" count="17" type="stmt"/>
        <line num="345" count="17" type="stmt"/>
        <line num="346" count="17" type="cond" truecount="1" falsecount="1"/>
        <line num="347" count="17" type="cond" truecount="1" falsecount="1"/>
        <line num="348" count="0" type="cond" truecount="0" falsecount="4"/>
        <line num="349" count="0" type="cond" truecount="0" falsecount="4"/>
        <line num="353" count="36" type="stmt"/>
        <line num="354" count="321" type="stmt"/>
        <line num="355" count="321" type="cond" truecount="1" falsecount="1"/>
        <line num="356" count="321" type="stmt"/>
        <line num="365" count="46" type="stmt"/>
        <line num="366" count="36" type="stmt"/>
        <line num="374" count="36" type="stmt"/>
        <line num="375" count="35" type="cond" truecount="1" falsecount="1"/>
        <line num="376" count="35" type="cond" truecount="1" falsecount="1"/>
        <line num="377" count="35" type="stmt"/>
        <line num="379" count="0" type="stmt"/>
        <line num="383" count="36" type="stmt"/>
        <line num="391" count="36" type="stmt"/>
        <line num="392" count="180" type="stmt"/>
        <line num="397" count="180" type="stmt"/>
        <line num="400" count="46" type="stmt"/>
        <line num="414" count="0" type="stmt"/>
        <line num="420" count="1" type="stmt"/>
        <line num="426" count="0" type="stmt"/>
        <line num="432" count="0" type="stmt"/>
        <line num="490" count="0" type="stmt"/>
        <line num="512" count="53" type="stmt"/>
        <line num="515" count="0" type="stmt"/>
        <line num="534" count="26" type="stmt"/>
        <line num="556" count="58" type="stmt"/>
        <line num="578" count="29" type="stmt"/>
        <line num="607" count="8" type="stmt"/>
        <line num="633" count="44" type="cond" truecount="1" falsecount="1"/>
        <line num="634" count="44" type="stmt"/>
        <line num="636" count="44" type="stmt"/>
        <line num="649" count="1" type="stmt"/>
        <line num="660" count="3" type="stmt"/>
        <line num="671" count="1" type="stmt"/>
        <line num="688" count="1" type="stmt"/>
      </file>
    </package>
  </project>
</coverage>
