<?xml version="1.0" encoding="UTF-8"?>
<coverage generated="1783467636244" clover="3.2.0">
  <project timestamp="1783467636244" name="All files">
    <metrics statements="242" coveredstatements="212" conditionals="174" coveredconditionals="139" methods="72" coveredmethods="64" elements="488" coveredelements="415" complexity="0" loc="242" ncloc="242" packages="1" files="4" classes="4"/>
    <file name="Estoque.jsx" path="/home/christian-sperb/Documents/projects/unyleya/3P-1-frontend/frontend/src/pages/Estoque.jsx">
      <metrics statements="58" coveredstatements="49" conditionals="26" coveredconditionals="24" methods="17" coveredmethods="15"/>
      <line num="6" count="21" type="stmt"/>
      <line num="7" count="21" type="stmt"/>
      <line num="8" count="21" type="stmt"/>
      <line num="9" count="21" type="stmt"/>
      <line num="10" count="21" type="stmt"/>
      <line num="11" count="21" type="stmt"/>
      <line num="13" count="21" type="stmt"/>
      <line num="16" count="21" type="stmt"/>
      <line num="17" count="8" type="stmt"/>
      <line num="18" count="8" type="stmt"/>
      <line num="19" count="8" type="stmt"/>
      <line num="20" count="8" type="cond" truecount="1" falsecount="1"/>
      <line num="21" count="0" type="stmt"/>
      <line num="22" count="0" type="stmt"/>
      <line num="25" count="8" type="stmt"/>
      <line num="33" count="8" type="cond" truecount="4" falsecount="0"/>
      <line num="34" count="1" type="stmt"/>
      <line num="35" count="1" type="stmt"/>
      <line num="36" count="1" type="stmt"/>
      <line num="39" count="7" type="cond" truecount="2" falsecount="0"/>
      <line num="41" count="6" type="stmt"/>
      <line num="42" count="6" type="stmt"/>
      <line num="43" count="12" type="stmt"/>
      <line num="44" count="6" type="stmt"/>
      <line num="46" count="6" type="stmt"/>
      <line num="48" count="2" type="stmt"/>
      <line num="50" count="8" type="stmt"/>
      <line num="54" count="8" type="stmt"/>
      <line num="57" count="21" type="stmt"/>
      <line num="58" count="2" type="cond" truecount="2" falsecount="0"/>
      <line num="59" count="1" type="stmt"/>
      <line num="62" count="1" type="stmt"/>
      <line num="63" count="1" type="stmt"/>
      <line num="64" count="1" type="stmt"/>
      <line num="71" count="1" type="cond" truecount="1" falsecount="1"/>
      <line num="72" count="2" type="stmt"/>
      <line num="74" count="0" type="stmt"/>
      <line num="77" count="0" type="stmt"/>
      <line num="78" count="0" type="stmt"/>
      <line num="82" count="21" type="stmt"/>
      <line num="83" count="1" type="stmt"/>
      <line num="84" count="1" type="stmt"/>
      <line num="87" count="21" type="stmt"/>
      <line num="88" count="1" type="stmt"/>
      <line num="89" count="1" type="stmt"/>
      <line num="93" count="21" type="stmt"/>
      <line num="94" count="0" type="stmt"/>
      <line num="95" count="0" type="stmt"/>
      <line num="96" count="0" type="stmt"/>
      <line num="100" count="21" type="cond" truecount="2" falsecount="0"/>
      <line num="103" count="21" type="stmt"/>
      <line num="104" count="21" type="stmt"/>
      <line num="107" count="21" type="stmt"/>
      <line num="136" count="0" type="stmt"/>
      <line num="146" count="2" type="stmt"/>
      <line num="175" count="14" type="stmt"/>
      <line num="186" count="1" type="stmt"/>
      <line num="193" count="2" type="stmt"/>
    </file>
    <file name="Login.jsx" path="/home/christian-sperb/Documents/projects/unyleya/3P-1-frontend/frontend/src/pages/Login.jsx">
      <metrics statements="19" coveredstatements="19" conditionals="6" coveredconditionals="5" methods="4" coveredmethods="4"/>
      <line num="5" count="15" type="stmt"/>
      <line num="6" count="15" type="stmt"/>
      <line num="7" count="15" type="stmt"/>
      <line num="9" count="15" type="stmt"/>
      <line num="11" count="15" type="stmt"/>
      <line num="12" count="3" type="stmt"/>
      <line num="13" count="3" type="stmt"/>
      <line num="15" count="3" type="stmt"/>
      <line num="16" count="3" type="stmt"/>
      <line num="22" count="2" type="stmt"/>
      <line num="24" count="2" type="cond" truecount="2" falsecount="0"/>
      <line num="25" count="1" type="stmt"/>
      <line num="26" count="1" type="stmt"/>
      <line num="28" count="1" type="stmt"/>
      <line num="30" count="1" type="cond" truecount="1" falsecount="1"/>
      <line num="33" count="1" type="stmt"/>
      <line num="37" count="15" type="stmt"/>
      <line num="53" count="3" type="stmt"/>
      <line num="64" count="3" type="stmt"/>
    </file>
    <file name="Pdv.jsx" path="/home/christian-sperb/Documents/projects/unyleya/3P-1-frontend/frontend/src/pages/Pdv.jsx">
      <metrics statements="100" coveredstatements="82" conditionals="76" coveredconditionals="60" methods="31" coveredmethods="25"/>
      <line num="5" count="36" type="stmt"/>
      <line num="6" count="36" type="stmt"/>
      <line num="7" count="36" type="stmt"/>
      <line num="8" count="36" type="stmt"/>
      <line num="11" count="36" type="stmt"/>
      <line num="12" count="36" type="stmt"/>
      <line num="15" count="36" type="stmt"/>
      <line num="16" count="36" type="stmt"/>
      <line num="17" count="36" type="stmt"/>
      <line num="18" count="36" type="stmt"/>
      <line num="19" count="36" type="stmt"/>
      <line num="21" count="36" type="stmt"/>
      <line num="22" count="36" type="stmt"/>
      <line num="23" count="36" type="stmt"/>
      <line num="24" count="36" type="stmt"/>
      <line num="26" count="36" type="stmt"/>
      <line num="29" count="36" type="stmt"/>
      <line num="30" count="9" type="stmt"/>
      <line num="31" count="9" type="stmt"/>
      <line num="32" count="9" type="cond" truecount="1" falsecount="1"/>
      <line num="34" count="9" type="stmt"/>
      <line num="38" count="9" type="cond" truecount="3" falsecount="1"/>
      <line num="39" count="0" type="stmt"/>
      <line num="40" count="0" type="stmt"/>
      <line num="41" count="0" type="stmt"/>
      <line num="44" count="9" type="stmt"/>
      <line num="45" count="18" type="cond" truecount="2" falsecount="0"/>
      <line num="46" count="9" type="stmt"/>
      <line num="48" count="0" type="stmt"/>
      <line num="50" count="9" type="stmt"/>
      <line num="54" count="36" type="stmt"/>
      <line num="56" count="56" type="stmt"/>
      <line num="57" count="36" type="cond" truecount="2" falsecount="0"/>
      <line num="60" count="36" type="stmt"/>
      <line num="61" count="11" type="stmt"/>
      <line num="62" count="11" type="stmt"/>
      <line num="63" count="11" type="cond" truecount="2" falsecount="0"/>
      <line num="64" count="5" type="cond" truecount="2" falsecount="0"/>
      <line num="65" count="1" type="stmt"/>
      <line num="66" count="1" type="stmt"/>
      <line num="68" count="4" type="cond" truecount="1" falsecount="1"/>
      <line num="70" count="6" type="stmt"/>
      <line num="74" count="36" type="stmt"/>
      <line num="76" count="36" type="stmt"/>
      <line num="77" count="36" type="stmt"/>
      <line num="80" count="36" type="stmt"/>
      <line num="81" count="1" type="cond" truecount="1" falsecount="1"/>
      <line num="82" count="0" type="stmt"/>
      <line num="83" count="0" type="stmt"/>
      <line num="86" count="1" type="stmt"/>
      <line num="87" count="1" type="stmt"/>
      <line num="89" count="1" type="stmt"/>
      <line num="90" count="1" type="stmt"/>
      <line num="93" count="1" type="stmt"/>
      <line num="106" count="1" type="stmt"/>
      <line num="115" count="1" type="cond" truecount="1" falsecount="1"/>
      <line num="116" count="1" type="stmt"/>
      <line num="117" count="1" type="stmt"/>
      <line num="119" count="0" type="stmt"/>
      <line num="122" count="0" type="stmt"/>
      <line num="123" count="0" type="stmt"/>
      <line num="125" count="1" type="stmt"/>
      <line num="130" count="36" type="stmt"/>
      <line num="131" count="2" type="cond" truecount="1" falsecount="1"/>
      <line num="132" count="2" type="stmt"/>
      <line num="134" count="2" type="stmt"/>
      <line num="136" count="2" type="stmt"/>
      <line num="149" count="2" type="stmt"/>
      <line num="150" count="2" type="stmt"/>
      <line num="151" count="2" type="stmt"/>
      <line num="157" count="2" type="cond" truecount="2" falsecount="0"/>
      <line num="158" count="1" type="stmt"/>
      <line num="161" count="1" type="stmt"/>
      <line num="162" count="1" type="stmt"/>
      <line num="163" count="1" type="stmt"/>
      <line num="164" count="1" type="stmt"/>
      <line num="165" count="1" type="stmt"/>
      <line num="166" count="1" type="stmt"/>
      <line num="168" count="1" type="stmt"/>
      <line num="170" count="1" type="stmt"/>
      <line num="171" count="1" type="cond" truecount="2" falsecount="1"/>
      <line num="174" count="0" type="stmt"/>
      <line num="175" count="0" type="stmt"/>
      <line num="177" count="2" type="stmt"/>
      <line num="181" count="36" type="stmt"/>
      <line num="189" count="92" type="cond" truecount="4" falsecount="0"/>
      <line num="200" count="55" type="cond" truecount="2" falsecount="0"/>
      <line num="209" count="11" type="stmt"/>
      <line num="231" count="17" type="stmt"/>
      <line num="236" count="1" type="stmt"/>
      <line num="244" count="0" type="stmt"/>
      <line num="252" count="0" type="stmt"/>
      <line num="256" count="0" type="stmt"/>
      <line num="260" count="0" type="stmt"/>
      <line num="264" count="0" type="stmt"/>
      <line num="269" count="1" type="stmt"/>
      <line num="278" count="1" type="cond" truecount="3" falsecount="0"/>
      <line num="279" count="1" type="stmt"/>
      <line num="285" count="0" type="stmt"/>
      <line num="286" count="0" type="stmt"/>
    </file>
    <file name="Relatorios.jsx" path="/home/christian-sperb/Documents/projects/unyleya/3P-1-frontend/frontend/src/pages/Relatorios.jsx">
      <metrics statements="65" coveredstatements="62" conditionals="66" coveredconditionals="50" methods="20" coveredmethods="20"/>
      <line num="6" count="26" type="stmt"/>
      <line num="7" count="26" type="stmt"/>
      <line num="8" count="26" type="stmt"/>
      <line num="9" count="26" type="stmt"/>
      <line num="10" count="26" type="stmt"/>
      <line num="12" count="26" type="stmt"/>
      <line num="14" count="26" type="stmt"/>
      <line num="15" count="12" type="stmt"/>
      <line num="16" count="12" type="stmt"/>
      <line num="17" count="12" type="stmt"/>
      <line num="18" count="12" type="stmt"/>
      <line num="19" count="12" type="cond" truecount="2" falsecount="0"/>
      <line num="21" count="11" type="stmt"/>
      <line num="23" count="11" type="stmt"/>
      <line num="28" count="11" type="cond" truecount="3" falsecount="1"/>
      <line num="29" count="11" type="stmt"/>
      <line num="30" count="11" type="stmt"/>
      <line num="32" count="22" type="cond" truecount="1" falsecount="1"/>
      <line num="33" count="11" type="stmt"/>
      <line num="35" count="11" type="stmt"/>
      <line num="36" count="11" type="stmt"/>
      <line num="38" count="11" type="stmt"/>
      <line num="39" count="20" type="stmt"/>
      <line num="40" count="20" type="stmt"/>
      <line num="43" count="11" type="stmt"/>
      <line num="45" count="11" type="stmt"/>
      <line num="48" count="0" type="stmt"/>
      <line num="50" count="12" type="stmt"/>
      <line num="54" count="12" type="stmt"/>
      <line num="57" count="26" type="stmt"/>
      <line num="58" count="3" type="stmt"/>
      <line num="59" count="3" type="stmt"/>
      <line num="60" count="3" type="stmt"/>
      <line num="66" count="2" type="cond" truecount="2" falsecount="0"/>
      <line num="67" count="1" type="stmt"/>
      <line num="68" count="1" type="stmt"/>
      <line num="69" count="2" type="cond" truecount="2" falsecount="0"/>
      <line num="73" count="1" type="stmt"/>
      <line num="76" count="1" type="stmt"/>
      <line num="77" count="1" type="stmt"/>
      <line num="81" count="26" type="stmt"/>
      <line num="82" count="1" type="cond" truecount="1" falsecount="1"/>
      <line num="85" count="26" type="cond" truecount="1" falsecount="1"/>
      <line num="86" count="26" type="stmt"/>
      <line num="88" count="26" type="stmt"/>
      <line num="89" count="20" type="cond" truecount="1" falsecount="1"/>
      <line num="90" count="20" type="stmt"/>
      <line num="91" count="20" type="stmt"/>
      <line num="94" count="26" type="stmt"/>
      <line num="95" count="20" type="cond" truecount="4" falsecount="2"/>
      <line num="96" count="0" type="stmt"/>
      <line num="97" count="1" type="stmt"/>
      <line num="98" count="0" type="stmt"/>
      <line num="99" count="10" type="stmt"/>
      <line num="101" count="9" type="stmt"/>
      <line num="106" count="30" type="stmt"/>
      <line num="107" count="26" type="stmt"/>
      <line num="108" count="26" type="stmt"/>
      <line num="110" count="26" type="stmt"/>
      <line num="158" count="20" type="cond" truecount="1" falsecount="1"/>
      <line num="159" count="20" type="stmt"/>
      <line num="161" count="20" type="stmt"/>
      <line num="178" count="1" type="stmt"/>
      <line num="188" count="3" type="stmt"/>
      <line num="207" count="1" type="stmt"/>
    </file>
  </project>
</coverage>
