{"/home/christian-sperb/Documents/projects/unyleya/3P-1-frontend/frontend/src/App.jsx": {"path":"/home/christian-sperb/Documents/projects/unyleya/3P-1-frontend/frontend/src/App.jsx","statementMap":{"0":{"start":{"line":8,"column":8},"end":{"line":8,"column":32}},"1":{"start":{"line":9,"column":8},"end":{"line":9,"column":32}},"2":{"start":{"line":11,"column":8},"end":{"line":14,"column":null}},"3":{"start":{"line":12,"column":4},"end":{"line":12,"column":null}},"4":{"start":{"line":13,"column":4},"end":{"line":13,"column":null}},"5":{"start":{"line":14,"column":4},"end":{"line":14,"column":null}},"6":{"start":{"line":17,"column":23},"end":{"line":17,"column":null}},"7":{"start":{"line":18,"column":23},"end":{"line":18,"column":null}},"8":{"start":{"line":20,"column":21},"end":{"line":20,"column":null}},"9":{"start":{"line":22,"column":2},"end":{"line":61,"column":null}}},"fnMap":{"0":{"name":"App","decl":{"start":{"line":7,"column":24},"end":{"line":7,"column":30}},"loc":{"start":{"line":7,"column":30},"end":{"line":61,"column":null}},"line":7},"1":{"name":"(anonymous_1)","decl":{"start":{"line":11,"column":8},"end":{"line":11,"column":28}},"loc":{"start":{"line":11,"column":28},"end":{"line":14,"column":null}},"line":11}},"branchMap":{"0":{"loc":{"start":{"line":17,"column":23},"end":{"line":17,"column":null}},"type":"binary-expr","locations":[{"start":{"line":17,"column":23},"end":{"line":17,"column":58}},{"start":{"line":17,"column":62},"end":{"line":17,"column":null}}],"line":17},"1":{"loc":{"start":{"line":24,"column":7},"end":{"line":53,"column":7}},"type":"binary-expr","locations":[{"start":{"line":24,"column":7},"end":{"line":24,"column":null}},{"start":{"line":25,"column":8},"end":{"line":53,"column":7}}],"line":24}},"s":{"0":4,"1":4,"2":4,"3":1,"4":1,"5":1,"6":4,"7":4,"8":4,"9":4},"f":{"0":4,"1":1},"b":{"0":[4,2],"1":[4,2]},"meta":{"lastBranch":2,"lastFunction":2,"lastStatement":10,"seen":{"f:7:24:7:30":0,"s:8:8:8:32":0,"s:9:8:9:32":1,"s:11:8:14:Infinity":2,"f:11:8:11:28":1,"s:12:4:12:Infinity":3,"s:13:4:13:Infinity":4,"s:14:4:14:Infinity":5,"s:17:23:17:Infinity":6,"b:17:23:17:58:17:62:17:Infinity":0,"s:18:23:18:Infinity":7,"s:20:21:20:Infinity":8,"s:22:2:61:Infinity":9,"b:24:7:24:Infinity:25:8:53:7":1},"fnNames":{}}}
,"/home/christian-sperb/Documents/projects/unyleya/3P-1-frontend/frontend/src/pages/Estoque.jsx": {"path":"/home/christian-sperb/Documents/projects/unyleya/3P-1-frontend/frontend/src/pages/Estoque.jsx","statementMap":{"0":{"start":{"line":6,"column":21},"end":{"line":6,"column":48}},"1":{"start":{"line":7,"column":18},"end":{"line":7,"column":42}},"2":{"start":{"line":8,"column":23},"end":{"line":8,"column":54}},"3":{"start":{"line":9,"column":17},"end":{"line":9,"column":40}},"4":{"start":{"line":10,"column":23},"end":{"line":10,"column":55}},"5":{"start":{"line":11,"column":27},"end":{"line":11,"column":62}},"6":{"start":{"line":13,"column":10},"end":{"line":13,"column":34}},"7":{"start":{"line":16,"column":4},"end":{"line":55,"column":null}},"8":{"start":{"line":17,"column":31},"end":{"line":50,"column":null}},"9":{"start":{"line":18,"column":12},"end":{"line":50,"column":null}},"10":{"start":{"line":19,"column":30},"end":{"line":19,"column":59}},"11":{"start":{"line":20,"column":16},"end":{"line":22,"column":null}},"12":{"start":{"line":21,"column":20},"end":{"line":21,"column":null}},"13":{"start":{"line":22,"column":20},"end":{"line":22,"column":null}},"14":{"start":{"line":25,"column":33},"end":{"line":31,"column":18}},"15":{"start":{"line":33,"column":16},"end":{"line":36,"column":null}},"16":{"start":{"line":34,"column":20},"end":{"line":34,"column":null}},"17":{"start":{"line":35,"column":20},"end":{"line":35,"column":null}},"18":{"start":{"line":36,"column":20},"end":{"line":36,"column":null}},"19":{"start":{"line":39,"column":16},"end":{"line":39,"column":null}},"20":{"start":{"line":39,"column":34},"end":{"line":39,"column":null}},"21":{"start":{"line":41,"column":30},"end":{"line":41,"column":51}},"22":{"start":{"line":42,"column":39},"end":{"line":44,"column":48}},"23":{"start":{"line":43,"column":33},"end":{"line":43,"column":45}},"24":{"start":{"line":44,"column":36},"end":{"line":44,"column":48}},"25":{"start":{"line":46,"column":16},"end":{"line":46,"column":null}},"26":{"start":{"line":48,"column":16},"end":{"line":48,"column":null}},"27":{"start":{"line":50,"column":16},"end":{"line":50,"column":null}},"28":{"start":{"line":54,"column":8},"end":{"line":54,"column":null}},"29":{"start":{"line":57,"column":27},"end":{"line":78,"column":null}},"30":{"start":{"line":58,"column":8},"end":{"line":59,"column":null}},"31":{"start":{"line":59,"column":12},"end":{"line":59,"column":null}},"32":{"start":{"line":62,"column":8},"end":{"line":78,"column":null}},"33":{"start":{"line":63,"column":26},"end":{"line":63,"column":55}},"34":{"start":{"line":64,"column":29},"end":{"line":69,"column":14}},"35":{"start":{"line":71,"column":12},"end":{"line":74,"column":null}},"36":{"start":{"line":72,"column":16},"end":{"line":72,"column":null}},"37":{"start":{"line":72,"column":55},"end":{"line":72,"column":73}},"38":{"start":{"line":74,"column":16},"end":{"line":74,"column":null}},"39":{"start":{"line":77,"column":12},"end":{"line":77,"column":null}},"40":{"start":{"line":78,"column":12},"end":{"line":78,"column":null}},"41":{"start":{"line":82,"column":10},"end":{"line":84,"column":null}},"42":{"start":{"line":83,"column":8},"end":{"line":83,"column":null}},"43":{"start":{"line":84,"column":8},"end":{"line":84,"column":null}},"44":{"start":{"line":87,"column":10},"end":{"line":89,"column":null}},"45":{"start":{"line":88,"column":8},"end":{"line":88,"column":null}},"46":{"start":{"line":89,"column":8},"end":{"line":89,"column":null}},"47":{"start":{"line":93,"column":10},"end":{"line":96,"column":null}},"48":{"start":{"line":94,"column":8},"end":{"line":94,"column":null}},"49":{"start":{"line":95,"column":8},"end":{"line":95,"column":null}},"50":{"start":{"line":96,"column":8},"end":{"line":96,"column":null}},"51":{"start":{"line":100,"column":18},"end":{"line":100,"column":null}},"52":{"start":{"line":100,"column":70},"end":{"line":100,"column":75}},"53":{"start":{"line":103,"column":30},"end":{"line":104,"column":null}},"54":{"start":{"line":104,"column":8},"end":{"line":104,"column":null}},"55":{"start":{"line":107,"column":4},"end":{"line":207,"column":null}},"56":{"start":{"line":136,"column":38},"end":{"line":136,"column":null}},"57":{"start":{"line":146,"column":45},"end":{"line":146,"column":69}},"58":{"start":{"line":175,"column":44},"end":{"line":200,"column":null}},"59":{"start":{"line":186,"column":71},"end":{"line":186,"column":94}},"60":{"start":{"line":193,"column":71},"end":{"line":193,"column":111}}},"fnMap":{"0":{"name":"Estoque","decl":{"start":{"line":5,"column":24},"end":{"line":5,"column":34}},"loc":{"start":{"line":5,"column":34},"end":{"line":207,"column":null}},"line":5},"1":{"name":"(anonymous_1)","decl":{"start":{"line":16,"column":4},"end":{"line":16,"column":20}},"loc":{"start":{"line":16,"column":20},"end":{"line":55,"column":8}},"line":16},"2":{"name":"(anonymous_2)","decl":{"start":{"line":17,"column":31},"end":{"line":17,"column":43}},"loc":{"start":{"line":17,"column":43},"end":{"line":50,"column":null}},"line":17},"3":{"name":"(anonymous_3)","decl":{"start":{"line":43,"column":21},"end":{"line":43,"column":28}},"loc":{"start":{"line":43,"column":33},"end":{"line":43,"column":45}},"line":43},"4":{"name":"(anonymous_4)","decl":{"start":{"line":44,"column":21},"end":{"line":44,"column":27}},"loc":{"start":{"line":44,"column":36},"end":{"line":44,"column":48}},"line":44},"5":{"name":"(anonymous_5)","decl":{"start":{"line":57,"column":27},"end":{"line":57,"column":34}},"loc":{"start":{"line":57,"column":47},"end":{"line":78,"column":null}},"line":57},"6":{"name":"(anonymous_6)","decl":{"start":{"line":72,"column":37},"end":{"line":72,"column":44}},"loc":{"start":{"line":72,"column":55},"end":{"line":72,"column":73}},"line":72},"7":{"name":"(anonymous_7)","decl":{"start":{"line":82,"column":10},"end":{"line":82,"column":28}},"loc":{"start":{"line":82,"column":40},"end":{"line":84,"column":null}},"line":82},"8":{"name":"(anonymous_8)","decl":{"start":{"line":87,"column":10},"end":{"line":87,"column":38}},"loc":{"start":{"line":87,"column":38},"end":{"line":89,"column":null}},"line":87},"9":{"name":"(anonymous_9)","decl":{"start":{"line":93,"column":10},"end":{"line":93,"column":37}},"loc":{"start":{"line":93,"column":37},"end":{"line":96,"column":null}},"line":93},"10":{"name":"(anonymous_10)","decl":{"start":{"line":100,"column":61},"end":{"line":100,"column":65}},"loc":{"start":{"line":100,"column":70},"end":{"line":100,"column":75}},"line":100},"11":{"name":"(anonymous_11)","decl":{"start":{"line":103,"column":39},"end":{"line":103,"column":46}},"loc":{"start":{"line":104,"column":8},"end":{"line":104,"column":null}},"line":104},"12":{"name":"(anonymous_12)","decl":{"start":{"line":136,"column":20},"end":{"line":136,"column":38}},"loc":{"start":{"line":136,"column":38},"end":{"line":136,"column":null}},"line":136},"13":{"name":"(anonymous_13)","decl":{"start":{"line":146,"column":28},"end":{"line":146,"column":39}},"loc":{"start":{"line":146,"column":45},"end":{"line":146,"column":69}},"line":146},"14":{"name":"(anonymous_14)","decl":{"start":{"line":174,"column":58},"end":{"line":174,"column":62}},"loc":{"start":{"line":175,"column":44},"end":{"line":200,"column":null}},"line":175},"15":{"name":"(anonymous_15)","decl":{"start":{"line":186,"column":56},"end":{"line":186,"column":71}},"loc":{"start":{"line":186,"column":71},"end":{"line":186,"column":94}},"line":186},"16":{"name":"(anonymous_16)","decl":{"start":{"line":193,"column":56},"end":{"line":193,"column":71}},"loc":{"start":{"line":193,"column":71},"end":{"line":193,"column":111}},"line":193}},"branchMap":{"0":{"loc":{"start":{"line":20,"column":16},"end":{"line":22,"column":null}},"type":"if","locations":[{"start":{"line":20,"column":16},"end":{"line":22,"column":null}},{"start":{},"end":{}}],"line":20},"1":{"loc":{"start":{"line":33,"column":16},"end":{"line":36,"column":null}},"type":"if","locations":[{"start":{"line":33,"column":16},"end":{"line":36,"column":null}},{"start":{},"end":{}}],"line":33},"2":{"loc":{"start":{"line":33,"column":20},"end":{"line":33,"column":72}},"type":"binary-expr","locations":[{"start":{"line":33,"column":20},"end":{"line":33,"column":47}},{"start":{"line":33,"column":47},"end":{"line":33,"column":72}}],"line":33},"3":{"loc":{"start":{"line":39,"column":16},"end":{"line":39,"column":null}},"type":"if","locations":[{"start":{"line":39,"column":16},"end":{"line":39,"column":null}},{"start":{},"end":{}}],"line":39},"4":{"loc":{"start":{"line":58,"column":8},"end":{"line":59,"column":null}},"type":"if","locations":[{"start":{"line":58,"column":8},"end":{"line":59,"column":null}},{"start":{},"end":{}}],"line":58},"5":{"loc":{"start":{"line":71,"column":12},"end":{"line":74,"column":null}},"type":"if","locations":[{"start":{"line":71,"column":12},"end":{"line":74,"column":null}},{"start":{"line":73,"column":19},"end":{"line":74,"column":null}}],"line":71},"6":{"loc":{"start":{"line":100,"column":18},"end":{"line":100,"column":null}},"type":"cond-expr","locations":[{"start":{"line":100,"column":40},"end":{"line":100,"column":76}},{"start":{"line":100,"column":79},"end":{"line":100,"column":null}}],"line":100},"7":{"loc":{"start":{"line":112,"column":17},"end":{"line":118,"column":null}},"type":"binary-expr","locations":[{"start":{"line":112,"column":17},"end":{"line":112,"column":null}},{"start":{"line":113,"column":20},"end":{"line":118,"column":null}}],"line":112},"8":{"loc":{"start":{"line":123,"column":13},"end":{"line":126,"column":null}},"type":"binary-expr","locations":[{"start":{"line":123,"column":13},"end":{"line":123,"column":null}},{"start":{"line":124,"column":16},"end":{"line":126,"column":null}}],"line":123},"9":{"loc":{"start":{"line":130,"column":13},"end":{"line":207,"column":null}},"type":"cond-expr","locations":[{"start":{"line":132,"column":16},"end":{"line":140,"column":null}},{"start":{"line":140,"column":16},"end":{"line":207,"column":null}}],"line":130},"10":{"loc":{"start":{"line":152,"column":25},"end":{"line":203,"column":null}},"type":"cond-expr","locations":[{"start":{"line":153,"column":28},"end":{"line":155,"column":29}},{"start":{"line":155,"column":28},"end":{"line":203,"column":null}}],"line":152},"11":{"loc":{"start":{"line":167,"column":37},"end":{"line":200,"column":null}},"type":"cond-expr","locations":[{"start":{"line":168,"column":40},"end":{"line":174,"column":58}},{"start":{"line":174,"column":40},"end":{"line":200,"column":null}}],"line":167},"12":{"loc":{"start":{"line":179,"column":63},"end":{"line":179,"column":null}},"type":"cond-expr","locations":[{"start":{"line":179,"column":88},"end":{"line":179,"column":110}},{"start":{"line":179,"column":110},"end":{"line":179,"column":null}}],"line":179}},"s":{"0":21,"1":21,"2":21,"3":21,"4":21,"5":21,"6":21,"7":21,"8":8,"9":8,"10":8,"11":8,"12":0,"13":0,"14":8,"15":8,"16":1,"17":1,"18":1,"19":7,"20":7,"21":6,"22":6,"23":12,"24":6,"25":6,"26":2,"27":8,"28":8,"29":21,"30":2,"31":1,"32":1,"33":1,"34":1,"35":1,"36":1,"37":2,"38":0,"39":0,"40":0,"41":21,"42":1,"43":1,"44":21,"45":1,"46":1,"47":21,"48":0,"49":0,"50":0,"51":21,"52":21,"53":21,"54":21,"55":21,"56":0,"57":2,"58":14,"59":1,"60":2},"f":{"0":21,"1":8,"2":8,"3":12,"4":6,"5":2,"6":2,"7":1,"8":1,"9":0,"10":21,"11":21,"12":0,"13":2,"14":14,"15":1,"16":2},"b":{"0":[0,8],"1":[1,7],"2":[8,7],"3":[1,6],"4":[1,1],"5":[1,0],"6":[11,10],"7":[21,19],"8":[21,2],"9":[2,19],"10":[8,11],"11":[3,8],"12":[6,8]},"meta":{"lastBranch":13,"lastFunction":17,"lastStatement":61,"seen":{"f:5:24:5:34":0,"s:6:21:6:48":0,"s:7:18:7:42":1,"s:8:23:8:54":2,"s:9:17:9:40":3,"s:10:23:10:55":4,"s:11:27:11:62":5,"s:13:10:13:34":6,"s:16:4:55:Infinity":7,"f:16:4:16:20":1,"s:17:31:50:Infinity":8,"f:17:31:17:43":2,"s:18:12:50:Infinity":9,"s:19:30:19:59":10,"b:20:16:22:Infinity:undefined:undefined:undefined:undefined":0,"s:20:16:22:Infinity":11,"s:21:20:21:Infinity":12,"s:22:20:22:Infinity":13,"s:25:33:31:18":14,"b:33:16:36:Infinity:undefined:undefined:undefined:undefined":1,"s:33:16:36:Infinity":15,"b:33:20:33:47:33:47:33:72":2,"s:34:20:34:Infinity":16,"s:35:20:35:Infinity":17,"s:36:20:36:Infinity":18,"b:39:16:39:Infinity:undefined:undefined:undefined:undefined":3,"s:39:16:39:Infinity":19,"s:39:34:39:Infinity":20,"s:41:30:41:51":21,"s:42:39:44:48":22,"f:43:21:43:28":3,"s:43:33:43:45":23,"f:44:21:44:27":4,"s:44:36:44:48":24,"s:46:16:46:Infinity":25,"s:48:16:48:Infinity":26,"s:50:16:50:Infinity":27,"s:54:8:54:Infinity":28,"s:57:27:78:Infinity":29,"f:57:27:57:34":5,"b:58:8:59:Infinity:undefined:undefined:undefined:undefined":4,"s:58:8:59:Infinity":30,"s:59:12:59:Infinity":31,"s:62:8:78:Infinity":32,"s:63:26:63:55":33,"s:64:29:69:14":34,"b:71:12:74:Infinity:73:19:74:Infinity":5,"s:71:12:74:Infinity":35,"s:72:16:72:Infinity":36,"f:72:37:72:44":6,"s:72:55:72:73":37,"s:74:16:74:Infinity":38,"s:77:12:77:Infinity":39,"s:78:12:78:Infinity":40,"s:82:10:84:Infinity":41,"f:82:10:82:28":7,"s:83:8:83:Infinity":42,"s:84:8:84:Infinity":43,"s:87:10:89:Infinity":44,"f:87:10:87:38":8,"s:88:8:88:Infinity":45,"s:89:8:89:Infinity":46,"s:93:10:96:Infinity":47,"f:93:10:93:37":9,"s:94:8:94:Infinity":48,"s:95:8:95:Infinity":49,"s:96:8:96:Infinity":50,"s:100:18:100:Infinity":51,"b:100:40:100:76:100:79:100:Infinity":6,"f:100:61:100:65":10,"s:100:70:100:75":52,"s:103:30:104:Infinity":53,"f:103:39:103:46":11,"s:104:8:104:Infinity":54,"s:107:4:207:Infinity":55,"b:112:17:112:Infinity:113:20:118:Infinity":7,"b:123:13:123:Infinity:124:16:126:Infinity":8,"b:132:16:140:Infinity:140:16:207:Infinity":9,"f:136:20:136:38":12,"s:136:38:136:Infinity":56,"f:146:28:146:39":13,"s:146:45:146:69":57,"b:153:28:155:29:155:28:203:Infinity":10,"b:168:40:174:58:174:40:200:Infinity":11,"f:174:58:174:62":14,"s:175:44:200:Infinity":58,"b:179:88:179:110:179:110:179:Infinity":12,"f:186:56:186:71":15,"s:186:71:186:94":59,"f:193:56:193:71":16,"s:193:71:193:111":60},"fnNames":{}}}
,"/home/christian-sperb/Documents/projects/unyleya/3P-1-frontend/frontend/src/pages/Login.jsx": {"path":"/home/christian-sperb/Documents/projects/unyleya/3P-1-frontend/frontend/src/pages/Login.jsx","statementMap":{"0":{"start":{"line":5,"column":18},"end":{"line":5,"column":42}},"1":{"start":{"line":6,"column":18},"end":{"line":6,"column":42}},"2":{"start":{"line":7,"column":17},"end":{"line":7,"column":40}},"3":{"start":{"line":9,"column":10},"end":{"line":9,"column":34}},"4":{"start":{"line":11,"column":23},"end":{"line":33,"column":null}},"5":{"start":{"line":12,"column":8},"end":{"line":12,"column":null}},"6":{"start":{"line":13,"column":8},"end":{"line":13,"column":null}},"7":{"start":{"line":15,"column":8},"end":{"line":33,"column":null}},"8":{"start":{"line":16,"column":29},"end":{"line":20,"column":14}},"9":{"start":{"line":22,"column":26},"end":{"line":22,"column":47}},"10":{"start":{"line":24,"column":12},"end":{"line":30,"column":null}},"11":{"start":{"line":25,"column":16},"end":{"line":25,"column":null}},"12":{"start":{"line":26,"column":16},"end":{"line":26,"column":null}},"13":{"start":{"line":28,"column":16},"end":{"line":28,"column":null}},"14":{"start":{"line":30,"column":16},"end":{"line":30,"column":null}},"15":{"start":{"line":33,"column":12},"end":{"line":33,"column":null}},"16":{"start":{"line":37,"column":4},"end":{"line":73,"column":null}},"17":{"start":{"line":53,"column":45},"end":{"line":53,"column":69}},"18":{"start":{"line":64,"column":45},"end":{"line":64,"column":69}}},"fnMap":{"0":{"name":"Login","decl":{"start":{"line":4,"column":24},"end":{"line":4,"column":32}},"loc":{"start":{"line":4,"column":32},"end":{"line":73,"column":null}},"line":4},"1":{"name":"(anonymous_1)","decl":{"start":{"line":11,"column":23},"end":{"line":11,"column":30}},"loc":{"start":{"line":11,"column":36},"end":{"line":33,"column":null}},"line":11},"2":{"name":"(anonymous_2)","decl":{"start":{"line":53,"column":28},"end":{"line":53,"column":39}},"loc":{"start":{"line":53,"column":45},"end":{"line":53,"column":69}},"line":53},"3":{"name":"(anonymous_3)","decl":{"start":{"line":64,"column":28},"end":{"line":64,"column":39}},"loc":{"start":{"line":64,"column":45},"end":{"line":64,"column":69}},"line":64}},"branchMap":{"0":{"loc":{"start":{"line":24,"column":12},"end":{"line":30,"column":null}},"type":"if","locations":[{"start":{"line":24,"column":12},"end":{"line":30,"column":null}},{"start":{"line":29,"column":19},"end":{"line":30,"column":null}}],"line":24},"1":{"loc":{"start":{"line":30,"column":24},"end":{"line":30,"column":65}},"type":"binary-expr","locations":[{"start":{"line":30,"column":24},"end":{"line":30,"column":42}},{"start":{"line":30,"column":42},"end":{"line":30,"column":65}}],"line":30},"2":{"loc":{"start":{"line":43,"column":17},"end":{"line":43,"column":null}},"type":"binary-expr","locations":[{"start":{"line":43,"column":17},"end":{"line":43,"column":25}},{"start":{"line":43,"column":25},"end":{"line":43,"column":null}}],"line":43}},"s":{"0":15,"1":15,"2":15,"3":15,"4":15,"5":3,"6":3,"7":3,"8":3,"9":2,"10":2,"11":1,"12":1,"13":1,"14":1,"15":1,"16":15,"17":3,"18":3},"f":{"0":15,"1":3,"2":3,"3":3},"b":{"0":[1,1],"1":[1,0],"2":[15,2]},"meta":{"lastBranch":3,"lastFunction":4,"lastStatement":19,"seen":{"f:4:24:4:32":0,"s:5:18:5:42":0,"s:6:18:6:42":1,"s:7:17:7:40":2,"s:9:10:9:34":3,"s:11:23:33:Infinity":4,"f:11:23:11:30":1,"s:12:8:12:Infinity":5,"s:13:8:13:Infinity":6,"s:15:8:33:Infinity":7,"s:16:29:20:14":8,"s:22:26:22:47":9,"b:24:12:30:Infinity:29:19:30:Infinity":0,"s:24:12:30:Infinity":10,"s:25:16:25:Infinity":11,"s:26:16:26:Infinity":12,"s:28:16:28:Infinity":13,"s:30:16:30:Infinity":14,"b:30:24:30:42:30:42:30:65":1,"s:33:12:33:Infinity":15,"s:37:4:73:Infinity":16,"b:43:17:43:25:43:25:43:Infinity":2,"f:53:28:53:39":2,"s:53:45:53:69":17,"f:64:28:64:39":3,"s:64:45:64:69":18},"fnNames":{}}}
,"/home/christian-sperb/Documents/projects/unyleya/3P-1-frontend/frontend/src/pages/Pdv.jsx": {"path":"/home/christian-sperb/Documents/projects/unyleya/3P-1-frontend/frontend/src/pages/Pdv.jsx","statementMap":{"0":{"start":{"line":5,"column":21},"end":{"line":5,"column":48}},"1":{"start":{"line":6,"column":27},"end":{"line":6,"column":65}},"2":{"start":{"line":7,"column":21},"end":{"line":7,"column":48}},"3":{"start":{"line":8,"column":23},"end":{"line":8,"column":54}},"4":{"start":{"line":11,"column":20},"end":{"line":11,"column":46}},"5":{"start":{"line":12,"column":24},"end":{"line":12,"column":57}},"6":{"start":{"line":15,"column":23},"end":{"line":15,"column":52}},"7":{"start":{"line":16,"column":22},"end":{"line":16,"column":53}},"8":{"start":{"line":17,"column":24},"end":{"line":17,"column":55}},"9":{"start":{"line":18,"column":25},"end":{"line":18,"column":58}},"10":{"start":{"line":19,"column":29},"end":{"line":19,"column":66}},"11":{"start":{"line":21,"column":24},"end":{"line":21,"column":54}},"12":{"start":{"line":22,"column":29},"end":{"line":22,"column":63}},"13":{"start":{"line":23,"column":33},"end":{"line":23,"column":72}},"14":{"start":{"line":24,"column":28},"end":{"line":24,"column":65}},"15":{"start":{"line":26,"column":10},"end":{"line":26,"column":34}},"16":{"start":{"line":29,"column":27},"end":{"line":50,"column":null}},"17":{"start":{"line":30,"column":8},"end":{"line":50,"column":null}},"18":{"start":{"line":31,"column":26},"end":{"line":31,"column":55}},"19":{"start":{"line":32,"column":12},"end":{"line":32,"column":null}},"20":{"start":{"line":32,"column":26},"end":{"line":32,"column":46}},"21":{"start":{"line":32,"column":46},"end":{"line":32,"column":null}},"22":{"start":{"line":34,"column":29},"end":{"line":36,"column":14}},"23":{"start":{"line":38,"column":12},"end":{"line":41,"column":null}},"24":{"start":{"line":39,"column":16},"end":{"line":39,"column":null}},"25":{"start":{"line":40,"column":16},"end":{"line":40,"column":null}},"26":{"start":{"line":41,"column":16},"end":{"line":41,"column":null}},"27":{"start":{"line":44,"column":26},"end":{"line":44,"column":47}},"28":{"start":{"line":45,"column":40},"end":{"line":45,"column":91}},"29":{"start":{"line":45,"column":58},"end":{"line":45,"column":91}},"30":{"start":{"line":46,"column":12},"end":{"line":46,"column":null}},"31":{"start":{"line":48,"column":12},"end":{"line":48,"column":null}},"32":{"start":{"line":50,"column":12},"end":{"line":50,"column":null}},"33":{"start":{"line":55,"column":4},"end":{"line":55,"column":null}},"34":{"start":{"line":55,"column":22},"end":{"line":55,"column":43}},"35":{"start":{"line":57,"column":23},"end":{"line":57,"column":76}},"36":{"start":{"line":57,"column":62},"end":{"line":57,"column":74}},"37":{"start":{"line":58,"column":30},"end":{"line":58,"column":122}},"38":{"start":{"line":58,"column":91},"end":{"line":58,"column":122}},"39":{"start":{"line":61,"column":10},"end":{"line":72,"column":null}},"40":{"start":{"line":62,"column":8},"end":{"line":72,"column":null}},"41":{"start":{"line":63,"column":34},"end":{"line":63,"column":84}},"42":{"start":{"line":63,"column":61},"end":{"line":63,"column":84}},"43":{"start":{"line":64,"column":12},"end":{"line":69,"column":null}},"44":{"start":{"line":65,"column":16},"end":{"line":67,"column":null}},"45":{"start":{"line":66,"column":20},"end":{"line":66,"column":null}},"46":{"start":{"line":67,"column":20},"end":{"line":67,"column":null}},"47":{"start":{"line":69,"column":16},"end":{"line":69,"column":null}},"48":{"start":{"line":69,"column":49},"end":{"line":69,"column":142}},"49":{"start":{"line":71,"column":12},"end":{"line":71,"column":null}},"50":{"start":{"line":75,"column":10},"end":{"line":75,"column":104}},"51":{"start":{"line":75,"column":45},"end":{"line":75,"column":104}},"52":{"start":{"line":75,"column":81},"end":{"line":75,"column":103}},"53":{"start":{"line":77,"column":29},"end":{"line":77,"column":113}},"54":{"start":{"line":77,"column":60},"end":{"line":77,"column":111}},"55":{"start":{"line":78,"column":23},"end":{"line":78,"column":null}},"56":{"start":{"line":81,"column":26},"end":{"line":126,"column":null}},"57":{"start":{"line":82,"column":8},"end":{"line":84,"column":null}},"58":{"start":{"line":83,"column":12},"end":{"line":83,"column":null}},"59":{"start":{"line":84,"column":12},"end":{"line":84,"column":null}},"60":{"start":{"line":87,"column":8},"end":{"line":87,"column":null}},"61":{"start":{"line":88,"column":8},"end":{"line":88,"column":null}},"62":{"start":{"line":90,"column":8},"end":{"line":126,"column":null}},"63":{"start":{"line":91,"column":26},"end":{"line":91,"column":55}},"64":{"start":{"line":94,"column":28},"end":{"line":105,"column":null}},"65":{"start":{"line":107,"column":29},"end":{"line":114,"column":14}},"66":{"start":{"line":116,"column":12},"end":{"line":120,"column":null}},"67":{"start":{"line":117,"column":30},"end":{"line":117,"column":51}},"68":{"start":{"line":118,"column":16},"end":{"line":118,"column":null}},"69":{"start":{"line":120,"column":16},"end":{"line":120,"column":null}},"70":{"start":{"line":123,"column":12},"end":{"line":123,"column":null}},"71":{"start":{"line":124,"column":12},"end":{"line":124,"column":null}},"72":{"start":{"line":126,"column":12},"end":{"line":126,"column":null}},"73":{"start":{"line":131,"column":27},"end":{"line":178,"column":null}},"74":{"start":{"line":132,"column":8},"end":{"line":132,"column":null}},"75":{"start":{"line":132,"column":35},"end":{"line":132,"column":null}},"76":{"start":{"line":133,"column":8},"end":{"line":133,"column":null}},"77":{"start":{"line":135,"column":23},"end":{"line":148,"column":null}},"78":{"start":{"line":137,"column":41},"end":{"line":140,"column":15}},"79":{"start":{"line":150,"column":8},"end":{"line":178,"column":null}},"80":{"start":{"line":151,"column":26},"end":{"line":151,"column":55}},"81":{"start":{"line":152,"column":29},"end":{"line":156,"column":14}},"82":{"start":{"line":158,"column":12},"end":{"line":172,"column":null}},"83":{"start":{"line":159,"column":16},"end":{"line":159,"column":null}},"84":{"start":{"line":162,"column":16},"end":{"line":162,"column":null}},"85":{"start":{"line":163,"column":16},"end":{"line":163,"column":null}},"86":{"start":{"line":164,"column":16},"end":{"line":164,"column":null}},"87":{"start":{"line":165,"column":16},"end":{"line":165,"column":null}},"88":{"start":{"line":166,"column":16},"end":{"line":166,"column":null}},"89":{"start":{"line":167,"column":16},"end":{"line":167,"column":null}},"90":{"start":{"line":169,"column":16},"end":{"line":169,"column":null}},"91":{"start":{"line":171,"column":29},"end":{"line":171,"column":50}},"92":{"start":{"line":172,"column":16},"end":{"line":172,"column":null}},"93":{"start":{"line":175,"column":12},"end":{"line":175,"column":null}},"94":{"start":{"line":176,"column":12},"end":{"line":176,"column":null}},"95":{"start":{"line":178,"column":12},"end":{"line":178,"column":null}},"96":{"start":{"line":182,"column":4},"end":{"line":318,"column":null}},"97":{"start":{"line":190,"column":24},"end":{"line":192,"column":null}},"98":{"start":{"line":190,"column":57},"end":{"line":190,"column":79}},"99":{"start":{"line":201,"column":28},"end":{"line":214,"column":null}},"100":{"start":{"line":210,"column":59},"end":{"line":210,"column":87}},"101":{"start":{"line":232,"column":32},"end":{"line":238,"column":null}},"102":{"start":{"line":237,"column":59},"end":{"line":237,"column":85}},"103":{"start":{"line":245,"column":80},"end":{"line":245,"column":106}},"104":{"start":{"line":253,"column":103},"end":{"line":253,"column":134}},"105":{"start":{"line":257,"column":94},"end":{"line":257,"column":127}},"106":{"start":{"line":261,"column":95},"end":{"line":261,"column":129}},"107":{"start":{"line":265,"column":99},"end":{"line":265,"column":137}},"108":{"start":{"line":270,"column":130},"end":{"line":270,"column":178}},"109":{"start":{"line":279,"column":65},"end":{"line":279,"column":113}},"110":{"start":{"line":280,"column":40},"end":{"line":294,"column":null}},"111":{"start":{"line":286,"column":52},"end":{"line":286,"column":null}},"112":{"start":{"line":287,"column":52},"end":{"line":287,"column":null}}},"fnMap":{"0":{"name":"Pdv","decl":{"start":{"line":4,"column":24},"end":{"line":4,"column":30}},"loc":{"start":{"line":4,"column":30},"end":{"line":318,"column":null}},"line":4},"1":{"name":"(anonymous_1)","decl":{"start":{"line":29,"column":27},"end":{"line":29,"column":39}},"loc":{"start":{"line":29,"column":39},"end":{"line":50,"column":null}},"line":29},"2":{"name":"(anonymous_2)","decl":{"start":{"line":45,"column":46},"end":{"line":45,"column":53}},"loc":{"start":{"line":45,"column":58},"end":{"line":45,"column":91}},"line":45},"3":{"name":"(anonymous_3)","decl":{"start":{"line":55,"column":4},"end":{"line":55,"column":20}},"loc":{"start":{"line":55,"column":20},"end":{"line":55,"column":45}},"line":55},"4":{"name":"(anonymous_4)","decl":{"start":{"line":57,"column":53},"end":{"line":57,"column":57}},"loc":{"start":{"line":57,"column":62},"end":{"line":57,"column":74}},"line":57},"5":{"name":"(anonymous_5)","decl":{"start":{"line":58,"column":79},"end":{"line":58,"column":86}},"loc":{"start":{"line":58,"column":91},"end":{"line":58,"column":122}},"line":58},"6":{"name":"(anonymous_6)","decl":{"start":{"line":61,"column":10},"end":{"line":61,"column":33}},"loc":{"start":{"line":61,"column":45},"end":{"line":72,"column":null}},"line":61},"7":{"name":"(anonymous_7)","decl":{"start":{"line":62,"column":8},"end":{"line":62,"column":21}},"loc":{"start":{"line":62,"column":39},"end":{"line":72,"column":null}},"line":62},"8":{"name":"(anonymous_8)","decl":{"start":{"line":63,"column":48},"end":{"line":63,"column":53}},"loc":{"start":{"line":63,"column":61},"end":{"line":63,"column":84}},"line":63},"9":{"name":"(anonymous_9)","decl":{"start":{"line":69,"column":37},"end":{"line":69,"column":41}},"loc":{"start":{"line":69,"column":49},"end":{"line":69,"column":142}},"line":69},"10":{"name":"(anonymous_10)","decl":{"start":{"line":75,"column":10},"end":{"line":75,"column":31}},"loc":{"start":{"line":75,"column":45},"end":{"line":75,"column":104}},"line":75},"11":{"name":"(anonymous_11)","decl":{"start":{"line":75,"column":66},"end":{"line":75,"column":73}},"loc":{"start":{"line":75,"column":81},"end":{"line":75,"column":103}},"line":75},"12":{"name":"(anonymous_12)","decl":{"start":{"line":77,"column":38},"end":{"line":77,"column":46}},"loc":{"start":{"line":77,"column":60},"end":{"line":77,"column":111}},"line":77},"13":{"name":"(anonymous_13)","decl":{"start":{"line":81,"column":26},"end":{"line":81,"column":38}},"loc":{"start":{"line":81,"column":38},"end":{"line":126,"column":null}},"line":81},"14":{"name":"(anonymous_14)","decl":{"start":{"line":131,"column":27},"end":{"line":131,"column":39}},"loc":{"start":{"line":131,"column":39},"end":{"line":178,"column":null}},"line":131},"15":{"name":"(anonymous_15)","decl":{"start":{"line":137,"column":28},"end":{"line":137,"column":32}},"loc":{"start":{"line":137,"column":41},"end":{"line":140,"column":15}},"line":137},"16":{"name":"(anonymous_16)","decl":{"start":{"line":189,"column":32},"end":{"line":189,"column":36}},"loc":{"start":{"line":190,"column":24},"end":{"line":192,"column":null}},"line":190},"17":{"name":"(anonymous_17)","decl":{"start":{"line":190,"column":42},"end":{"line":190,"column":57}},"loc":{"start":{"line":190,"column":57},"end":{"line":190,"column":79}},"line":190},"18":{"name":"(anonymous_18)","decl":{"start":{"line":200,"column":43},"end":{"line":200,"column":47}},"loc":{"start":{"line":201,"column":28},"end":{"line":214,"column":null}},"line":201},"19":{"name":"(anonymous_19)","decl":{"start":{"line":210,"column":44},"end":{"line":210,"column":59}},"loc":{"start":{"line":210,"column":59},"end":{"line":210,"column":87}},"line":210},"20":{"name":"(anonymous_20)","decl":{"start":{"line":231,"column":38},"end":{"line":231,"column":42}},"loc":{"start":{"line":232,"column":32},"end":{"line":238,"column":null}},"line":232},"21":{"name":"(anonymous_21)","decl":{"start":{"line":237,"column":44},"end":{"line":237,"column":59}},"loc":{"start":{"line":237,"column":59},"end":{"line":237,"column":85}},"line":237},"22":{"name":"(anonymous_22)","decl":{"start":{"line":245,"column":63},"end":{"line":245,"column":74}},"loc":{"start":{"line":245,"column":80},"end":{"line":245,"column":106}},"line":245},"23":{"name":"(anonymous_23)","decl":{"start":{"line":253,"column":86},"end":{"line":253,"column":97}},"loc":{"start":{"line":253,"column":103},"end":{"line":253,"column":134}},"line":253},"24":{"name":"(anonymous_24)","decl":{"start":{"line":257,"column":77},"end":{"line":257,"column":88}},"loc":{"start":{"line":257,"column":94},"end":{"line":257,"column":127}},"line":257},"25":{"name":"(anonymous_25)","decl":{"start":{"line":261,"column":78},"end":{"line":261,"column":89}},"loc":{"start":{"line":261,"column":95},"end":{"line":261,"column":129}},"line":261},"26":{"name":"(anonymous_26)","decl":{"start":{"line":265,"column":82},"end":{"line":265,"column":93}},"loc":{"start":{"line":265,"column":99},"end":{"line":265,"column":137}},"line":265},"27":{"name":"(anonymous_27)","decl":{"start":{"line":270,"column":113},"end":{"line":270,"column":124}},"loc":{"start":{"line":270,"column":130},"end":{"line":270,"column":178}},"line":270},"28":{"name":"(anonymous_28)","decl":{"start":{"line":279,"column":49},"end":{"line":279,"column":56}},"loc":{"start":{"line":279,"column":65},"end":{"line":279,"column":113}},"line":279},"29":{"name":"(anonymous_29)","decl":{"start":{"line":279,"column":114},"end":{"line":279,"column":119}},"loc":{"start":{"line":280,"column":40},"end":{"line":294,"column":null}},"line":280},"30":{"name":"(anonymous_30)","decl":{"start":{"line":285,"column":48},"end":{"line":285,"column":64}},"loc":{"start":{"line":285,"column":64},"end":{"line":287,"column":null}},"line":285}},"branchMap":{"0":{"loc":{"start":{"line":32,"column":12},"end":{"line":32,"column":null}},"type":"if","locations":[{"start":{"line":32,"column":12},"end":{"line":32,"column":null}},{"start":{},"end":{}}],"line":32},"1":{"loc":{"start":{"line":38,"column":12},"end":{"line":41,"column":null}},"type":"if","locations":[{"start":{"line":38,"column":12},"end":{"line":41,"column":null}},{"start":{},"end":{}}],"line":38},"2":{"loc":{"start":{"line":38,"column":16},"end":{"line":38,"column":68}},"type":"binary-expr","locations":[{"start":{"line":38,"column":16},"end":{"line":38,"column":43}},{"start":{"line":38,"column":43},"end":{"line":38,"column":68}}],"line":38},"3":{"loc":{"start":{"line":45,"column":58},"end":{"line":45,"column":91}},"type":"binary-expr","locations":[{"start":{"line":45,"column":58},"end":{"line":45,"column":74}},{"start":{"line":45,"column":74},"end":{"line":45,"column":91}}],"line":45},"4":{"loc":{"start":{"line":58,"column":30},"end":{"line":58,"column":122}},"type":"cond-expr","locations":[{"start":{"line":58,"column":59},"end":{"line":58,"column":70}},{"start":{"line":58,"column":70},"end":{"line":58,"column":122}}],"line":58},"5":{"loc":{"start":{"line":64,"column":12},"end":{"line":69,"column":null}},"type":"if","locations":[{"start":{"line":64,"column":12},"end":{"line":69,"column":null}},{"start":{},"end":{}}],"line":64},"6":{"loc":{"start":{"line":65,"column":16},"end":{"line":67,"column":null}},"type":"if","locations":[{"start":{"line":65,"column":16},"end":{"line":67,"column":null}},{"start":{},"end":{}}],"line":65},"7":{"loc":{"start":{"line":69,"column":49},"end":{"line":69,"column":142}},"type":"cond-expr","locations":[{"start":{"line":69,"column":74},"end":{"line":69,"column":137}},{"start":{"line":69,"column":137},"end":{"line":69,"column":142}}],"line":69},"8":{"loc":{"start":{"line":82,"column":8},"end":{"line":84,"column":null}},"type":"if","locations":[{"start":{"line":82,"column":8},"end":{"line":84,"column":null}},{"start":{},"end":{}}],"line":82},"9":{"loc":{"start":{"line":100,"column":28},"end":{"line":100,"column":null}},"type":"binary-expr","locations":[{"start":{"line":100,"column":28},"end":{"line":100,"column":49}},{"start":{"line":100,"column":53},"end":{"line":100,"column":null}}],"line":100},"10":{"loc":{"start":{"line":101,"column":28},"end":{"line":101,"column":null}},"type":"binary-expr","locations":[{"start":{"line":101,"column":28},"end":{"line":101,"column":51}},{"start":{"line":101,"column":55},"end":{"line":101,"column":null}}],"line":101},"11":{"loc":{"start":{"line":102,"column":27},"end":{"line":102,"column":null}},"type":"binary-expr","locations":[{"start":{"line":102,"column":27},"end":{"line":102,"column":51}},{"start":{"line":102,"column":55},"end":{"line":102,"column":null}}],"line":102},"12":{"loc":{"start":{"line":103,"column":28},"end":{"line":103,"column":null}},"type":"binary-expr","locations":[{"start":{"line":103,"column":28},"end":{"line":103,"column":56}},{"start":{"line":103,"column":60},"end":{"line":103,"column":null}}],"line":103},"13":{"loc":{"start":{"line":116,"column":12},"end":{"line":120,"column":null}},"type":"if","locations":[{"start":{"line":116,"column":12},"end":{"line":120,"column":null}},{"start":{"line":119,"column":19},"end":{"line":120,"column":null}}],"line":116},"14":{"loc":{"start":{"line":132,"column":8},"end":{"line":132,"column":null}},"type":"if","locations":[{"start":{"line":132,"column":8},"end":{"line":132,"column":null}},{"start":{},"end":{}}],"line":132},"15":{"loc":{"start":{"line":136,"column":21},"end":{"line":136,"column":null}},"type":"cond-expr","locations":[{"start":{"line":136,"column":45},"end":{"line":136,"column":55}},{"start":{"line":136,"column":55},"end":{"line":136,"column":null}}],"line":136},"16":{"loc":{"start":{"line":142,"column":21},"end":{"line":142,"column":null}},"type":"cond-expr","locations":[{"start":{"line":142,"column":41},"end":{"line":142,"column":54}},{"start":{"line":142,"column":54},"end":{"line":142,"column":null}}],"line":142},"17":{"loc":{"start":{"line":143,"column":28},"end":{"line":143,"column":null}},"type":"cond-expr","locations":[{"start":{"line":143,"column":48},"end":{"line":143,"column":73}},{"start":{"line":143,"column":73},"end":{"line":143,"column":null}}],"line":143},"18":{"loc":{"start":{"line":144,"column":24},"end":{"line":144,"column":null}},"type":"cond-expr","locations":[{"start":{"line":144,"column":44},"end":{"line":144,"column":60}},{"start":{"line":144,"column":60},"end":{"line":144,"column":null}}],"line":144},"19":{"loc":{"start":{"line":145,"column":24},"end":{"line":145,"column":null}},"type":"cond-expr","locations":[{"start":{"line":145,"column":44},"end":{"line":145,"column":51}},{"start":{"line":145,"column":51},"end":{"line":145,"column":null}}],"line":145},"20":{"loc":{"start":{"line":158,"column":12},"end":{"line":172,"column":null}},"type":"if","locations":[{"start":{"line":158,"column":12},"end":{"line":172,"column":null}},{"start":{"line":170,"column":19},"end":{"line":172,"column":null}}],"line":158},"21":{"loc":{"start":{"line":172,"column":31},"end":{"line":172,"column":93}},"type":"binary-expr","locations":[{"start":{"line":172,"column":31},"end":{"line":172,"column":48}},{"start":{"line":172,"column":48},"end":{"line":172,"column":61}},{"start":{"line":172,"column":61},"end":{"line":172,"column":93}}],"line":172},"22":{"loc":{"start":{"line":190,"column":109},"end":{"line":190,"column":null}},"type":"cond-expr","locations":[{"start":{"line":190,"column":134},"end":{"line":190,"column":144}},{"start":{"line":190,"column":144},"end":{"line":190,"column":null}}],"line":190},"23":{"loc":{"start":{"line":196,"column":17},"end":{"line":216,"column":null}},"type":"cond-expr","locations":[{"start":{"line":197,"column":20},"end":{"line":199,"column":21}},{"start":{"line":199,"column":20},"end":{"line":216,"column":null}}],"line":196},"24":{"loc":{"start":{"line":201,"column":38},"end":{"line":201,"column":65}},"type":"binary-expr","locations":[{"start":{"line":201,"column":38},"end":{"line":201,"column":53}},{"start":{"line":201,"column":53},"end":{"line":201,"column":65}}],"line":201},"25":{"loc":{"start":{"line":226,"column":17},"end":{"line":318,"column":null}},"type":"cond-expr","locations":[{"start":{"line":227,"column":20},"end":{"line":229,"column":null}},{"start":{"line":229,"column":20},"end":{"line":318,"column":null}}],"line":226},"26":{"loc":{"start":{"line":271,"column":74},"end":{"line":271,"column":118}},"type":"binary-expr","locations":[{"start":{"line":271,"column":74},"end":{"line":271,"column":93}},{"start":{"line":271,"column":93},"end":{"line":271,"column":118}}],"line":271},"27":{"loc":{"start":{"line":272,"column":37},"end":{"line":272,"column":null}},"type":"cond-expr","locations":[{"start":{"line":272,"column":55},"end":{"line":272,"column":61}},{"start":{"line":272,"column":61},"end":{"line":272,"column":null}}],"line":272},"28":{"loc":{"start":{"line":277,"column":29},"end":{"line":296,"column":null}},"type":"binary-expr","locations":[{"start":{"line":277,"column":29},"end":{"line":277,"column":null}},{"start":{"line":278,"column":32},"end":{"line":296,"column":null}}],"line":277},"29":{"loc":{"start":{"line":279,"column":65},"end":{"line":279,"column":113}},"type":"binary-expr","locations":[{"start":{"line":279,"column":65},"end":{"line":279,"column":81}},{"start":{"line":279,"column":81},"end":{"line":279,"column":101}},{"start":{"line":279,"column":101},"end":{"line":279,"column":113}}],"line":279},"30":{"loc":{"start":{"line":307,"column":46},"end":{"line":307,"column":79}},"type":"binary-expr","locations":[{"start":{"line":307,"column":46},"end":{"line":307,"column":70}},{"start":{"line":307,"column":70},"end":{"line":307,"column":79}}],"line":307},"31":{"loc":{"start":{"line":315,"column":33},"end":{"line":315,"column":null}},"type":"cond-expr","locations":[{"start":{"line":315,"column":47},"end":{"line":315,"column":66}},{"start":{"line":315,"column":66},"end":{"line":315,"column":null}}],"line":315}},"s":{"0":36,"1":36,"2":36,"3":36,"4":36,"5":36,"6":36,"7":36,"8":36,"9":36,"10":36,"11":36,"12":36,"13":36,"14":36,"15":36,"16":36,"17":9,"18":9,"19":9,"20":0,"21":0,"22":9,"23":9,"24":0,"25":0,"26":0,"27":9,"28":9,"29":18,"30":9,"31":0,"32":9,"33":36,"34":8,"35":36,"36":56,"37":36,"38":2,"39":36,"40":11,"41":11,"42":5,"43":11,"44":5,"45":1,"46":1,"47":4,"48":4,"49":6,"50":36,"51":1,"52":1,"53":36,"54":17,"55":36,"56":36,"57":1,"58":0,"59":0,"60":1,"61":1,"62":1,"63":1,"64":1,"65":1,"66":1,"67":1,"68":1,"69":0,"70":0,"71":0,"72":1,"73":36,"74":2,"75":0,"76":2,"77":2,"78":2,"79":2,"80":2,"81":2,"82":2,"83":1,"84":1,"85":1,"86":1,"87":1,"88":1,"89":1,"90":1,"91":1,"92":1,"93":0,"94":0,"95":2,"96":36,"97":92,"98":1,"99":55,"100":11,"101":17,"102":1,"103":0,"104":0,"105":0,"106":0,"107":0,"108":1,"109":1,"110":1,"111":0,"112":0},"f":{"0":36,"1":9,"2":18,"3":8,"4":56,"5":2,"6":11,"7":11,"8":5,"9":4,"10":1,"11":1,"12":17,"13":1,"14":2,"15":2,"16":92,"17":1,"18":55,"19":11,"20":17,"21":1,"22":0,"23":0,"24":0,"25":0,"26":0,"27":1,"28":1,"29":1,"30":0},"b":{"0":[0,9],"1":[0,9],"2":[9,9],"3":[18,18],"4":[35,1],"5":[5,6],"6":[1,4],"7":[4,0],"8":[0,1],"9":[1,0],"10":[1,0],"11":[1,0],"12":[1,0],"13":[1,0],"14":[0,2],"15":[0,2],"16":[0,2],"17":[0,2],"18":[0,2],"19":[0,2],"20":[1,1],"21":[1,1,0],"22":[36,56],"23":[8,28],"24":[55,55],"25":[19,17],"26":[17,16],"27":[1,16],"28":[17,1],"29":[1,1,1],"30":[17,17],"31":[2,15]},"meta":{"lastBranch":32,"lastFunction":31,"lastStatement":113,"seen":{"f:4:24:4:30":0,"s:5:21:5:48":0,"s:6:27:6:65":1,"s:7:21:7:48":2,"s:8:23:8:54":3,"s:11:20:11:46":4,"s:12:24:12:57":5,"s:15:23:15:52":6,"s:16:22:16:53":7,"s:17:24:17:55":8,"s:18:25:18:58":9,"s:19:29:19:66":10,"s:21:24:21:54":11,"s:22:29:22:63":12,"s:23:33:23:72":13,"s:24:28:24:65":14,"s:26:10:26:34":15,"s:29:27:50:Infinity":16,"f:29:27:29:39":1,"s:30:8:50:Infinity":17,"s:31:26:31:55":18,"b:32:12:32:Infinity:undefined:undefined:undefined:undefined":0,"s:32:12:32:Infinity":19,"s:32:26:32:46":20,"s:32:46:32:Infinity":21,"s:34:29:36:14":22,"b:38:12:41:Infinity:undefined:undefined:undefined:undefined":1,"s:38:12:41:Infinity":23,"b:38:16:38:43:38:43:38:68":2,"s:39:16:39:Infinity":24,"s:40:16:40:Infinity":25,"s:41:16:41:Infinity":26,"s:44:26:44:47":27,"s:45:40:45:91":28,"f:45:46:45:53":2,"s:45:58:45:91":29,"b:45:58:45:74:45:74:45:91":3,"s:46:12:46:Infinity":30,"s:48:12:48:Infinity":31,"s:50:12:50:Infinity":32,"s:55:4:55:Infinity":33,"f:55:4:55:20":3,"s:55:22:55:43":34,"s:57:23:57:76":35,"f:57:53:57:57":4,"s:57:62:57:74":36,"s:58:30:58:122":37,"b:58:59:58:70:58:70:58:122":4,"f:58:79:58:86":5,"s:58:91:58:122":38,"s:61:10:72:Infinity":39,"f:61:10:61:33":6,"s:62:8:72:Infinity":40,"f:62:8:62:21":7,"s:63:34:63:84":41,"f:63:48:63:53":8,"s:63:61:63:84":42,"b:64:12:69:Infinity:undefined:undefined:undefined:undefined":5,"s:64:12:69:Infinity":43,"b:65:16:67:Infinity:undefined:undefined:undefined:undefined":6,"s:65:16:67:Infinity":44,"s:66:20:66:Infinity":45,"s:67:20:67:Infinity":46,"s:69:16:69:Infinity":47,"f:69:37:69:41":9,"s:69:49:69:142":48,"b:69:74:69:137:69:137:69:142":7,"s:71:12:71:Infinity":49,"s:75:10:75:104":50,"f:75:10:75:31":10,"s:75:45:75:104":51,"f:75:66:75:73":11,"s:75:81:75:103":52,"s:77:29:77:113":53,"f:77:38:77:46":12,"s:77:60:77:111":54,"s:78:23:78:Infinity":55,"s:81:26:126:Infinity":56,"f:81:26:81:38":13,"b:82:8:84:Infinity:undefined:undefined:undefined:undefined":8,"s:82:8:84:Infinity":57,"s:83:12:83:Infinity":58,"s:84:12:84:Infinity":59,"s:87:8:87:Infinity":60,"s:88:8:88:Infinity":61,"s:90:8:126:Infinity":62,"s:91:26:91:55":63,"s:94:28:105:Infinity":64,"b:100:28:100:49:100:53:100:Infinity":9,"b:101:28:101:51:101:55:101:Infinity":10,"b:102:27:102:51:102:55:102:Infinity":11,"b:103:28:103:56:103:60:103:Infinity":12,"s:107:29:114:14":65,"b:116:12:120:Infinity:119:19:120:Infinity":13,"s:116:12:120:Infinity":66,"s:117:30:117:51":67,"s:118:16:118:Infinity":68,"s:120:16:120:Infinity":69,"s:123:12:123:Infinity":70,"s:124:12:124:Infinity":71,"s:126:12:126:Infinity":72,"s:131:27:178:Infinity":73,"f:131:27:131:39":14,"b:132:8:132:Infinity:undefined:undefined:undefined:undefined":14,"s:132:8:132:Infinity":74,"s:132:35:132:Infinity":75,"s:133:8:133:Infinity":76,"s:135:23:148:Infinity":77,"b:136:45:136:55:136:55:136:Infinity":15,"f:137:28:137:32":15,"s:137:41:140:15":78,"b:142:41:142:54:142:54:142:Infinity":16,"b:143:48:143:73:143:73:143:Infinity":17,"b:144:44:144:60:144:60:144:Infinity":18,"b:145:44:145:51:145:51:145:Infinity":19,"s:150:8:178:Infinity":79,"s:151:26:151:55":80,"s:152:29:156:14":81,"b:158:12:172:Infinity:170:19:172:Infinity":20,"s:158:12:172:Infinity":82,"s:159:16:159:Infinity":83,"s:162:16:162:Infinity":84,"s:163:16:163:Infinity":85,"s:164:16:164:Infinity":86,"s:165:16:165:Infinity":87,"s:166:16:166:Infinity":88,"s:167:16:167:Infinity":89,"s:169:16:169:Infinity":90,"s:171:29:171:50":91,"s:172:16:172:Infinity":92,"b:172:31:172:48:172:48:172:61:172:61:172:93":21,"s:175:12:175:Infinity":93,"s:176:12:176:Infinity":94,"s:178:12:178:Infinity":95,"s:182:4:318:Infinity":96,"f:189:32:189:36":16,"s:190:24:192:Infinity":97,"f:190:42:190:57":17,"s:190:57:190:79":98,"b:190:134:190:144:190:144:190:Infinity":22,"b:197:20:199:21:199:20:216:Infinity":23,"f:200:43:200:47":18,"s:201:28:214:Infinity":99,"f:210:44:210:59":19,"s:210:59:210:87":100,"b:201:38:201:53:201:53:201:65":24,"b:227:20:229:Infinity:229:20:318:Infinity":25,"f:231:38:231:42":20,"s:232:32:238:Infinity":101,"f:237:44:237:59":21,"s:237:59:237:85":102,"f:245:63:245:74":22,"s:245:80:245:106":103,"f:253:86:253:97":23,"s:253:103:253:134":104,"f:257:77:257:88":24,"s:257:94:257:127":105,"f:261:78:261:89":25,"s:261:95:261:129":106,"f:265:82:265:93":26,"s:265:99:265:137":107,"f:270:113:270:124":27,"s:270:130:270:178":108,"b:271:74:271:93:271:93:271:118":26,"b:272:55:272:61:272:61:272:Infinity":27,"b:277:29:277:Infinity:278:32:296:Infinity":28,"f:279:49:279:56":28,"s:279:65:279:113":109,"b:279:65:279:81:279:81:279:101:279:101:279:113":29,"f:279:114:279:119":29,"s:280:40:294:Infinity":110,"f:285:48:285:64":30,"s:286:52:286:Infinity":111,"s:287:52:287:Infinity":112,"b:307:46:307:70:307:70:307:79":30,"b:315:47:315:66:315:66:315:Infinity":31},"fnNames":{}}}
,"/home/christian-sperb/Documents/projects/unyleya/3P-1-frontend/frontend/src/pages/Relatorios.jsx": {"path":"/home/christian-sperb/Documents/projects/unyleya/3P-1-frontend/frontend/src/pages/Relatorios.jsx","statementMap":{"0":{"start":{"line":18,"column":6},"end":{"line":22,"column":null}},"1":{"start":{"line":19,"column":16},"end":{"line":19,"column":34}},"2":{"start":{"line":20,"column":16},"end":{"line":20,"column":60}},"3":{"start":{"line":21,"column":16},"end":{"line":21,"column":55}},"4":{"start":{"line":22,"column":4},"end":{"line":22,"column":null}},"5":{"start":{"line":26,"column":26},"end":{"line":26,"column":58}},"6":{"start":{"line":27,"column":25},"end":{"line":27,"column":56}},"7":{"start":{"line":28,"column":23},"end":{"line":28,"column":54}},"8":{"start":{"line":29,"column":28},"end":{"line":29,"column":64}},"9":{"start":{"line":30,"column":18},"end":{"line":30,"column":42}},"10":{"start":{"line":33,"column":25},"end":{"line":33,"column":58}},"11":{"start":{"line":34,"column":24},"end":{"line":38,"column":null}},"12":{"start":{"line":35,"column":18},"end":{"line":35,"column":28}},"13":{"start":{"line":36,"column":8},"end":{"line":36,"column":null}},"14":{"start":{"line":37,"column":8},"end":{"line":37,"column":null}},"15":{"start":{"line":39,"column":22},"end":{"line":41,"column":null}},"16":{"start":{"line":40,"column":8},"end":{"line":40,"column":null}},"17":{"start":{"line":43,"column":10},"end":{"line":43,"column":34}},"18":{"start":{"line":45,"column":4},"end":{"line":74,"column":null}},"19":{"start":{"line":46,"column":37},"end":{"line":69,"column":null}},"20":{"start":{"line":47,"column":12},"end":{"line":47,"column":null}},"21":{"start":{"line":48,"column":12},"end":{"line":69,"column":null}},"22":{"start":{"line":49,"column":30},"end":{"line":49,"column":59}},"23":{"start":{"line":50,"column":16},"end":{"line":50,"column":null}},"24":{"start":{"line":50,"column":30},"end":{"line":50,"column":50}},"25":{"start":{"line":50,"column":50},"end":{"line":50,"column":null}},"26":{"start":{"line":52,"column":32},"end":{"line":52,"column":70}},"27":{"start":{"line":54,"column":50},"end":{"line":57,"column":18}},"28":{"start":{"line":59,"column":16},"end":{"line":64,"column":null}},"29":{"start":{"line":60,"column":37},"end":{"line":60,"column":61}},"30":{"start":{"line":61,"column":36},"end":{"line":61,"column":59}},"31":{"start":{"line":63,"column":20},"end":{"line":63,"column":null}},"32":{"start":{"line":64,"column":20},"end":{"line":64,"column":null}},"33":{"start":{"line":67,"column":16},"end":{"line":67,"column":null}},"34":{"start":{"line":69,"column":16},"end":{"line":69,"column":null}},"35":{"start":{"line":73,"column":8},"end":{"line":73,"column":null}},"36":{"start":{"line":76,"column":10},"end":{"line":96,"column":null}},"37":{"start":{"line":77,"column":8},"end":{"line":77,"column":null}},"38":{"start":{"line":78,"column":20},"end":{"line":78,"column":30}},"39":{"start":{"line":79,"column":8},"end":{"line":96,"column":null}},"40":{"start":{"line":80,"column":27},"end":{"line":80,"column":37}},"41":{"start":{"line":81,"column":12},"end":{"line":81,"column":null}},"42":{"start":{"line":82,"column":12},"end":{"line":82,"column":null}},"43":{"start":{"line":83,"column":12},"end":{"line":83,"column":null}},"44":{"start":{"line":84,"column":19},"end":{"line":96,"column":null}},"45":{"start":{"line":85,"column":27},"end":{"line":85,"column":37}},"46":{"start":{"line":86,"column":12},"end":{"line":86,"column":null}},"47":{"start":{"line":87,"column":12},"end":{"line":87,"column":null}},"48":{"start":{"line":88,"column":12},"end":{"line":88,"column":null}},"49":{"start":{"line":89,"column":19},"end":{"line":96,"column":null}},"50":{"start":{"line":90,"column":27},"end":{"line":90,"column":73}},"51":{"start":{"line":91,"column":30},"end":{"line":91,"column":80}},"52":{"start":{"line":92,"column":12},"end":{"line":92,"column":null}},"53":{"start":{"line":93,"column":12},"end":{"line":93,"column":null}},"54":{"start":{"line":94,"column":19},"end":{"line":96,"column":null}},"55":{"start":{"line":95,"column":12},"end":{"line":95,"column":null}},"56":{"start":{"line":96,"column":12},"end":{"line":96,"column":null}},"57":{"start":{"line":100,"column":10},"end":{"line":102,"column":null}},"58":{"start":{"line":101,"column":8},"end":{"line":101,"column":null}},"59":{"start":{"line":102,"column":8},"end":{"line":102,"column":null}},"60":{"start":{"line":105,"column":10},"end":{"line":107,"column":null}},"61":{"start":{"line":106,"column":8},"end":{"line":106,"column":null}},"62":{"start":{"line":107,"column":8},"end":{"line":107,"column":null}},"63":{"start":{"line":110,"column":34},"end":{"line":130,"column":null}},"64":{"start":{"line":111,"column":8},"end":{"line":130,"column":null}},"65":{"start":{"line":112,"column":26},"end":{"line":112,"column":55}},"66":{"start":{"line":113,"column":29},"end":{"line":117,"column":14}},"67":{"start":{"line":119,"column":12},"end":{"line":126,"column":null}},"68":{"start":{"line":120,"column":16},"end":{"line":124,"column":null}},"69":{"start":{"line":121,"column":20},"end":{"line":122,"column":null}},"70":{"start":{"line":122,"column":24},"end":{"line":122,"column":null}},"71":{"start":{"line":126,"column":16},"end":{"line":126,"column":null}},"72":{"start":{"line":129,"column":12},"end":{"line":129,"column":null}},"73":{"start":{"line":130,"column":12},"end":{"line":130,"column":null}},"74":{"start":{"line":134,"column":26},"end":{"line":152,"column":null}},"75":{"start":{"line":135,"column":8},"end":{"line":135,"column":null}},"76":{"start":{"line":135,"column":92},"end":{"line":135,"column":null}},"77":{"start":{"line":136,"column":8},"end":{"line":152,"column":null}},"78":{"start":{"line":137,"column":26},"end":{"line":137,"column":55}},"79":{"start":{"line":138,"column":29},"end":{"line":141,"column":14}},"80":{"start":{"line":143,"column":12},"end":{"line":148,"column":null}},"81":{"start":{"line":144,"column":16},"end":{"line":146,"column":null}},"82":{"start":{"line":145,"column":20},"end":{"line":145,"column":71}},"83":{"start":{"line":145,"column":48},"end":{"line":145,"column":71}},"84":{"start":{"line":148,"column":16},"end":{"line":148,"column":null}},"85":{"start":{"line":151,"column":12},"end":{"line":151,"column":null}},"86":{"start":{"line":152,"column":12},"end":{"line":152,"column":null}},"87":{"start":{"line":156,"column":10},"end":{"line":157,"column":null}},"88":{"start":{"line":157,"column":8},"end":{"line":157,"column":null}},"89":{"start":{"line":160,"column":10},"end":{"line":163,"column":null}},"90":{"start":{"line":161,"column":8},"end":{"line":161,"column":null}},"91":{"start":{"line":161,"column":25},"end":{"line":161,"column":null}},"92":{"start":{"line":162,"column":21},"end":{"line":162,"column":41}},"93":{"start":{"line":163,"column":8},"end":{"line":163,"column":null}},"94":{"start":{"line":166,"column":10},"end":{"line":173,"column":null}},"95":{"start":{"line":167,"column":8},"end":{"line":173,"column":null}},"96":{"start":{"line":168,"column":29},"end":{"line":168,"column":null}},"97":{"start":{"line":169,"column":28},"end":{"line":169,"column":null}},"98":{"start":{"line":170,"column":29},"end":{"line":170,"column":null}},"99":{"start":{"line":171,"column":30},"end":{"line":171,"column":null}},"100":{"start":{"line":173,"column":21},"end":{"line":173,"column":null}},"101":{"start":{"line":178,"column":10},"end":{"line":187,"column":46}},"102":{"start":{"line":179,"column":8},"end":{"line":186,"column":null}},"103":{"start":{"line":180,"column":12},"end":{"line":180,"column":null}},"104":{"start":{"line":180,"column":35},"end":{"line":180,"column":null}},"105":{"start":{"line":181,"column":30},"end":{"line":181,"column":56}},"106":{"start":{"line":182,"column":34},"end":{"line":182,"column":62}},"107":{"start":{"line":183,"column":12},"end":{"line":183,"column":null}},"108":{"start":{"line":183,"column":60},"end":{"line":183,"column":null}},"109":{"start":{"line":184,"column":12},"end":{"line":184,"column":null}},"110":{"start":{"line":184,"column":56},"end":{"line":184,"column":null}},"111":{"start":{"line":185,"column":12},"end":{"line":185,"column":null}},"112":{"start":{"line":189,"column":10},"end":{"line":191,"column":26}},"113":{"start":{"line":190,"column":8},"end":{"line":190,"column":null}},"114":{"start":{"line":190,"column":52},"end":{"line":190,"column":97}},"115":{"start":{"line":193,"column":10},"end":{"line":212,"column":33}},"116":{"start":{"line":194,"column":22},"end":{"line":194,"column":48}},"117":{"start":{"line":195,"column":8},"end":{"line":195,"column":null}},"118":{"start":{"line":195,"column":20},"end":{"line":195,"column":null}},"119":{"start":{"line":197,"column":8},"end":{"line":211,"column":null}},"120":{"start":{"line":198,"column":18},"end":{"line":198,"column":80}},"121":{"start":{"line":199,"column":18},"end":{"line":199,"column":66}},"122":{"start":{"line":201,"column":35},"end":{"line":201,"column":58}},"123":{"start":{"line":202,"column":34},"end":{"line":202,"column":56}},"124":{"start":{"line":204,"column":33},"end":{"line":208,"column":null}},"125":{"start":{"line":205,"column":36},"end":{"line":206,"column":92}},"126":{"start":{"line":210,"column":12},"end":{"line":210,"column":null}},"127":{"start":{"line":214,"column":10},"end":{"line":216,"column":23}},"128":{"start":{"line":215,"column":8},"end":{"line":215,"column":null}},"129":{"start":{"line":215,"column":48},"end":{"line":215,"column":87}},"130":{"start":{"line":218,"column":10},"end":{"line":220,"column":26}},"131":{"start":{"line":219,"column":8},"end":{"line":219,"column":null}},"132":{"start":{"line":219,"column":49},"end":{"line":219,"column":79}},"133":{"start":{"line":222,"column":10},"end":{"line":224,"column":24}},"134":{"start":{"line":223,"column":8},"end":{"line":223,"column":null}},"135":{"start":{"line":223,"column":49},"end":{"line":223,"column":76}},"136":{"start":{"line":226,"column":10},"end":{"line":228,"column":24}},"137":{"start":{"line":227,"column":8},"end":{"line":227,"column":null}},"138":{"start":{"line":230,"column":10},"end":{"line":232,"column":49}},"139":{"start":{"line":231,"column":8},"end":{"line":231,"column":null}},"140":{"start":{"line":235,"column":10},"end":{"line":258,"column":24}},"141":{"start":{"line":236,"column":23},"end":{"line":236,"column":25}},"142":{"start":{"line":237,"column":8},"end":{"line":253,"column":null}},"143":{"start":{"line":238,"column":12},"end":{"line":251,"column":null}},"144":{"start":{"line":239,"column":16},"end":{"line":251,"column":null}},"145":{"start":{"line":240,"column":32},"end":{"line":240,"column":null}},"146":{"start":{"line":241,"column":20},"end":{"line":246,"column":null}},"147":{"start":{"line":242,"column":24},"end":{"line":246,"column":null}},"148":{"start":{"line":248,"column":20},"end":{"line":248,"column":null}},"149":{"start":{"line":249,"column":37},"end":{"line":249,"column":null}},"150":{"start":{"line":250,"column":20},"end":{"line":250,"column":null}},"151":{"start":{"line":255,"column":8},"end":{"line":257,"column":null}},"152":{"start":{"line":256,"column":28},"end":{"line":256,"column":55}},"153":{"start":{"line":261,"column":10},"end":{"line":299,"column":39}},"154":{"start":{"line":262,"column":23},"end":{"line":262,"column":25}},"155":{"start":{"line":263,"column":8},"end":{"line":272,"column":null}},"156":{"start":{"line":264,"column":24},"end":{"line":264,"column":null}},"157":{"start":{"line":265,"column":12},"end":{"line":270,"column":null}},"158":{"start":{"line":266,"column":16},"end":{"line":270,"column":null}},"159":{"start":{"line":274,"column":8},"end":{"line":294,"column":null}},"160":{"start":{"line":275,"column":12},"end":{"line":292,"column":null}},"161":{"start":{"line":276,"column":16},"end":{"line":292,"column":null}},"162":{"start":{"line":277,"column":30},"end":{"line":277,"column":null}},"163":{"start":{"line":278,"column":20},"end":{"line":280,"column":null}},"164":{"start":{"line":279,"column":39},"end":{"line":279,"column":84}},"165":{"start":{"line":279,"column":63},"end":{"line":279,"column":84}},"166":{"start":{"line":280,"column":24},"end":{"line":280,"column":null}},"167":{"start":{"line":282,"column":20},"end":{"line":287,"column":null}},"168":{"start":{"line":283,"column":24},"end":{"line":287,"column":null}},"169":{"start":{"line":289,"column":20},"end":{"line":289,"column":null}},"170":{"start":{"line":290,"column":37},"end":{"line":290,"column":null}},"171":{"start":{"line":291,"column":20},"end":{"line":291,"column":null}},"172":{"start":{"line":296,"column":8},"end":{"line":298,"column":null}},"173":{"start":{"line":297,"column":28},"end":{"line":297,"column":55}},"174":{"start":{"line":302,"column":10},"end":{"line":304,"column":23}},"175":{"start":{"line":303,"column":8},"end":{"line":303,"column":null}},"176":{"start":{"line":303,"column":41},"end":{"line":303,"column":59}},"177":{"start":{"line":307,"column":10},"end":{"line":331,"column":null}},"178":{"start":{"line":308,"column":22},"end":{"line":308,"column":24}},"179":{"start":{"line":309,"column":8},"end":{"line":317,"column":null}},"180":{"start":{"line":310,"column":12},"end":{"line":310,"column":null}},"181":{"start":{"line":310,"column":43},"end":{"line":310,"column":null}},"182":{"start":{"line":311,"column":33},"end":{"line":313,"column":32}},"183":{"start":{"line":312,"column":26},"end":{"line":312,"column":75}},"184":{"start":{"line":314,"column":12},"end":{"line":314,"column":null}},"185":{"start":{"line":314,"column":43},"end":{"line":314,"column":null}},"186":{"start":{"line":315,"column":12},"end":{"line":315,"column":null}},"187":{"start":{"line":316,"column":12},"end":{"line":316,"column":null}},"188":{"start":{"line":317,"column":12},"end":{"line":317,"column":null}},"189":{"start":{"line":320,"column":24},"end":{"line":320,"column":57}},"190":{"start":{"line":321,"column":24},"end":{"line":321,"column":54}},"191":{"start":{"line":323,"column":8},"end":{"line":323,"column":null}},"192":{"start":{"line":323,"column":48},"end":{"line":323,"column":null}},"193":{"start":{"line":325,"column":20},"end":{"line":325,"column":null}},"194":{"start":{"line":326,"column":8},"end":{"line":329,"column":null}},"195":{"start":{"line":327,"column":12},"end":{"line":327,"column":null}},"196":{"start":{"line":328,"column":12},"end":{"line":328,"column":null}},"197":{"start":{"line":329,"column":12},"end":{"line":329,"column":null}},"198":{"start":{"line":331,"column":8},"end":{"line":331,"column":null}},"199":{"start":{"line":334,"column":10},"end":{"line":362,"column":62}},"200":{"start":{"line":335,"column":22},"end":{"line":335,"column":67}},"201":{"start":{"line":337,"column":34},"end":{"line":337,"column":36}},"202":{"start":{"line":338,"column":8},"end":{"line":340,"column":null}},"203":{"start":{"line":339,"column":12},"end":{"line":339,"column":null}},"204":{"start":{"line":342,"column":8},"end":{"line":351,"column":null}},"205":{"start":{"line":343,"column":12},"end":{"line":343,"column":null}},"206":{"start":{"line":343,"column":35},"end":{"line":343,"column":null}},"207":{"start":{"line":344,"column":30},"end":{"line":344,"column":56}},"208":{"start":{"line":345,"column":24},"end":{"line":345,"column":52}},"209":{"start":{"line":346,"column":12},"end":{"line":349,"column":null}},"210":{"start":{"line":347,"column":16},"end":{"line":347,"column":null}},"211":{"start":{"line":348,"column":23},"end":{"line":349,"column":null}},"212":{"start":{"line":349,"column":16},"end":{"line":349,"column":null}},"213":{"start":{"line":353,"column":8},"end":{"line":361,"column":null}},"214":{"start":{"line":354,"column":27},"end":{"line":354,"column":41}},"215":{"start":{"line":355,"column":33},"end":{"line":355,"column":null}},"216":{"start":{"line":356,"column":12},"end":{"line":360,"column":null}},"217":{"start":{"line":365,"column":10},"end":{"line":398,"column":26}},"218":{"start":{"line":366,"column":31},"end":{"line":372,"column":null}},"219":{"start":{"line":374,"column":8},"end":{"line":381,"column":null}},"220":{"start":{"line":375,"column":27},"end":{"line":375,"column":null}},"221":{"start":{"line":376,"column":12},"end":{"line":379,"column":null}},"222":{"start":{"line":377,"column":16},"end":{"line":377,"column":null}},"223":{"start":{"line":379,"column":16},"end":{"line":379,"column":null}},"224":{"start":{"line":383,"column":22},"end":{"line":389,"column":null}},"225":{"start":{"line":391,"column":8},"end":{"line":397,"column":null}},"226":{"start":{"line":392,"column":28},"end":{"line":396,"column":14}},"227":{"start":{"line":397,"column":28},"end":{"line":397,"column":43}},"228":{"start":{"line":400,"column":4},"end":{"line":711,"column":null}},"229":{"start":{"line":414,"column":43},"end":{"line":414,"column":68}},"230":{"start":{"line":420,"column":43},"end":{"line":420,"column":69}},"231":{"start":{"line":426,"column":43},"end":{"line":426,"column":69}},"232":{"start":{"line":432,"column":43},"end":{"line":432,"column":70}},"233":{"start":{"line":490,"column":67},"end":{"line":490,"column":116}},"234":{"start":{"line":512,"column":44},"end":{"line":512,"column":null}},"235":{"start":{"line":515,"column":67},"end":{"line":515,"column":103}},"236":{"start":{"line":534,"column":36},"end":{"line":543,"column":null}},"237":{"start":{"line":556,"column":36},"end":{"line":565,"column":null}},"238":{"start":{"line":578,"column":36},"end":{"line":587,"column":null}},"239":{"start":{"line":607,"column":45},"end":{"line":607,"column":69}},"240":{"start":{"line":633,"column":51},"end":{"line":633,"column":93}},"241":{"start":{"line":634,"column":56},"end":{"line":634,"column":null}},"242":{"start":{"line":636,"column":36},"end":{"line":706,"column":null}},"243":{"start":{"line":649,"column":75},"end":{"line":649,"column":103}},"244":{"start":{"line":660,"column":77},"end":{"line":660,"column":126}},"245":{"start":{"line":671,"column":75},"end":{"line":671,"column":100}},"246":{"start":{"line":688,"column":68},"end":{"line":691,"column":null}}},"fnMap":{"0":{"name":"(anonymous_0)","decl":{"start":{"line":18,"column":6},"end":{"line":18,"column":27}},"loc":{"start":{"line":18,"column":36},"end":{"line":22,"column":null}},"line":18},"1":{"name":"Relatorios","decl":{"start":{"line":25,"column":24},"end":{"line":25,"column":37}},"loc":{"start":{"line":25,"column":37},"end":{"line":711,"column":null}},"line":25},"2":{"name":"(anonymous_2)","decl":{"start":{"line":34,"column":42},"end":{"line":34,"column":57}},"loc":{"start":{"line":34,"column":57},"end":{"line":38,"column":null}},"line":34},"3":{"name":"(anonymous_3)","decl":{"start":{"line":39,"column":38},"end":{"line":39,"column":53}},"loc":{"start":{"line":39,"column":53},"end":{"line":41,"column":null}},"line":39},"4":{"name":"(anonymous_4)","decl":{"start":{"line":45,"column":4},"end":{"line":45,"column":20}},"loc":{"start":{"line":45,"column":20},"end":{"line":74,"column":8}},"line":45},"5":{"name":"(anonymous_5)","decl":{"start":{"line":46,"column":37},"end":{"line":46,"column":49}},"loc":{"start":{"line":46,"column":49},"end":{"line":69,"column":null}},"line":46},"6":{"name":"(anonymous_6)","decl":{"start":{"line":76,"column":10},"end":{"line":76,"column":33}},"loc":{"start":{"line":76,"column":42},"end":{"line":96,"column":null}},"line":76},"7":{"name":"(anonymous_7)","decl":{"start":{"line":100,"column":10},"end":{"line":100,"column":37}},"loc":{"start":{"line":100,"column":43},"end":{"line":102,"column":null}},"line":100},"8":{"name":"(anonymous_8)","decl":{"start":{"line":105,"column":10},"end":{"line":105,"column":35}},"loc":{"start":{"line":105,"column":41},"end":{"line":107,"column":null}},"line":105},"9":{"name":"(anonymous_9)","decl":{"start":{"line":110,"column":34},"end":{"line":110,"column":41}},"loc":{"start":{"line":110,"column":66},"end":{"line":130,"column":null}},"line":110},"10":{"name":"(anonymous_10)","decl":{"start":{"line":120,"column":16},"end":{"line":120,"column":32}},"loc":{"start":{"line":121,"column":20},"end":{"line":122,"column":null}},"line":121},"11":{"name":"(anonymous_11)","decl":{"start":{"line":121,"column":31},"end":{"line":121,"column":35}},"loc":{"start":{"line":122,"column":24},"end":{"line":122,"column":null}},"line":122},"12":{"name":"(anonymous_12)","decl":{"start":{"line":134,"column":26},"end":{"line":134,"column":33}},"loc":{"start":{"line":134,"column":46},"end":{"line":152,"column":null}},"line":134},"13":{"name":"(anonymous_13)","decl":{"start":{"line":144,"column":16},"end":{"line":144,"column":32}},"loc":{"start":{"line":145,"column":20},"end":{"line":145,"column":71}},"line":145},"14":{"name":"(anonymous_14)","decl":{"start":{"line":145,"column":31},"end":{"line":145,"column":38}},"loc":{"start":{"line":145,"column":48},"end":{"line":145,"column":71}},"line":145},"15":{"name":"(anonymous_15)","decl":{"start":{"line":156,"column":10},"end":{"line":156,"column":30}},"loc":{"start":{"line":156,"column":37},"end":{"line":157,"column":null}},"line":156},"16":{"name":"(anonymous_16)","decl":{"start":{"line":160,"column":10},"end":{"line":160,"column":26}},"loc":{"start":{"line":160,"column":41},"end":{"line":163,"column":null}},"line":160},"17":{"name":"(anonymous_17)","decl":{"start":{"line":166,"column":10},"end":{"line":166,"column":31}},"loc":{"start":{"line":166,"column":42},"end":{"line":173,"column":null}},"line":166},"18":{"name":"(anonymous_18)","decl":{"start":{"line":178,"column":29},"end":{"line":178,"column":43}},"loc":{"start":{"line":178,"column":43},"end":{"line":187,"column":8}},"line":178},"19":{"name":"(anonymous_19)","decl":{"start":{"line":179,"column":28},"end":{"line":179,"column":35}},"loc":{"start":{"line":179,"column":45},"end":{"line":186,"column":null}},"line":179},"20":{"name":"(anonymous_20)","decl":{"start":{"line":189,"column":29},"end":{"line":189,"column":43}},"loc":{"start":{"line":189,"column":43},"end":{"line":191,"column":8}},"line":189},"21":{"name":"(anonymous_21)","decl":{"start":{"line":190,"column":37},"end":{"line":190,"column":43}},"loc":{"start":{"line":190,"column":52},"end":{"line":190,"column":97}},"line":190},"22":{"name":"(anonymous_22)","decl":{"start":{"line":193,"column":37},"end":{"line":193,"column":51}},"loc":{"start":{"line":193,"column":51},"end":{"line":212,"column":8}},"line":193},"23":{"name":"(anonymous_23)","decl":{"start":{"line":197,"column":32},"end":{"line":197,"column":39}},"loc":{"start":{"line":197,"column":49},"end":{"line":211,"column":null}},"line":197},"24":{"name":"(anonymous_24)","decl":{"start":{"line":205,"column":31},"end":{"line":205,"column":36}},"loc":{"start":{"line":205,"column":36},"end":{"line":206,"column":92}},"line":205},"25":{"name":"(anonymous_25)","decl":{"start":{"line":214,"column":25},"end":{"line":214,"column":39}},"loc":{"start":{"line":214,"column":39},"end":{"line":216,"column":8}},"line":214},"26":{"name":"(anonymous_26)","decl":{"start":{"line":215,"column":29},"end":{"line":215,"column":37}},"loc":{"start":{"line":215,"column":48},"end":{"line":215,"column":87}},"line":215},"27":{"name":"(anonymous_27)","decl":{"start":{"line":218,"column":27},"end":{"line":218,"column":41}},"loc":{"start":{"line":218,"column":41},"end":{"line":220,"column":8}},"line":218},"28":{"name":"(anonymous_28)","decl":{"start":{"line":219,"column":32},"end":{"line":219,"column":39}},"loc":{"start":{"line":219,"column":49},"end":{"line":219,"column":79}},"line":219},"29":{"name":"(anonymous_29)","decl":{"start":{"line":222,"column":31},"end":{"line":222,"column":45}},"loc":{"start":{"line":222,"column":45},"end":{"line":224,"column":8}},"line":222},"30":{"name":"(anonymous_30)","decl":{"start":{"line":223,"column":30},"end":{"line":223,"column":38}},"loc":{"start":{"line":223,"column":49},"end":{"line":223,"column":76}},"line":223},"31":{"name":"(anonymous_31)","decl":{"start":{"line":226,"column":32},"end":{"line":226,"column":46}},"loc":{"start":{"line":226,"column":46},"end":{"line":228,"column":8}},"line":226},"32":{"name":"(anonymous_32)","decl":{"start":{"line":230,"column":24},"end":{"line":230,"column":38}},"loc":{"start":{"line":230,"column":38},"end":{"line":232,"column":8}},"line":230},"33":{"name":"(anonymous_33)","decl":{"start":{"line":235,"column":33},"end":{"line":235,"column":47}},"loc":{"start":{"line":235,"column":47},"end":{"line":258,"column":8}},"line":235},"34":{"name":"(anonymous_34)","decl":{"start":{"line":237,"column":23},"end":{"line":237,"column":31}},"loc":{"start":{"line":237,"column":41},"end":{"line":253,"column":null}},"line":237},"35":{"name":"(anonymous_35)","decl":{"start":{"line":239,"column":29},"end":{"line":239,"column":37}},"loc":{"start":{"line":239,"column":45},"end":{"line":251,"column":null}},"line":239},"36":{"name":"(anonymous_36)","decl":{"start":{"line":256,"column":13},"end":{"line":256,"column":19}},"loc":{"start":{"line":256,"column":28},"end":{"line":256,"column":55}},"line":256},"37":{"name":"(anonymous_37)","decl":{"start":{"line":261,"column":34},"end":{"line":261,"column":48}},"loc":{"start":{"line":261,"column":48},"end":{"line":299,"column":8}},"line":261},"38":{"name":"(anonymous_38)","decl":{"start":{"line":263,"column":22},"end":{"line":263,"column":30}},"loc":{"start":{"line":263,"column":35},"end":{"line":272,"column":null}},"line":263},"39":{"name":"(anonymous_39)","decl":{"start":{"line":274,"column":23},"end":{"line":274,"column":31}},"loc":{"start":{"line":274,"column":41},"end":{"line":294,"column":null}},"line":274},"40":{"name":"(anonymous_40)","decl":{"start":{"line":276,"column":29},"end":{"line":276,"column":37}},"loc":{"start":{"line":276,"column":45},"end":{"line":292,"column":null}},"line":276},"41":{"name":"(anonymous_41)","decl":{"start":{"line":279,"column":53},"end":{"line":279,"column":58}},"loc":{"start":{"line":279,"column":63},"end":{"line":279,"column":84}},"line":279},"42":{"name":"(anonymous_42)","decl":{"start":{"line":297,"column":13},"end":{"line":297,"column":19}},"loc":{"start":{"line":297,"column":28},"end":{"line":297,"column":55}},"line":297},"43":{"name":"(anonymous_43)","decl":{"start":{"line":302,"column":27},"end":{"line":302,"column":41}},"loc":{"start":{"line":302,"column":41},"end":{"line":304,"column":8}},"line":302},"44":{"name":"(anonymous_44)","decl":{"start":{"line":303,"column":29},"end":{"line":303,"column":36}},"loc":{"start":{"line":303,"column":41},"end":{"line":303,"column":59}},"line":303},"45":{"name":"(anonymous_45)","decl":{"start":{"line":307,"column":10},"end":{"line":307,"column":35}},"loc":{"start":{"line":307,"column":57},"end":{"line":331,"column":null}},"line":307},"46":{"name":"(anonymous_46)","decl":{"start":{"line":312,"column":17},"end":{"line":312,"column":21}},"loc":{"start":{"line":312,"column":26},"end":{"line":312,"column":75}},"line":312},"47":{"name":"(anonymous_47)","decl":{"start":{"line":334,"column":27},"end":{"line":334,"column":41}},"loc":{"start":{"line":334,"column":41},"end":{"line":362,"column":8}},"line":334},"48":{"name":"(anonymous_48)","decl":{"start":{"line":338,"column":14},"end":{"line":338,"column":22}},"loc":{"start":{"line":338,"column":27},"end":{"line":340,"column":null}},"line":338},"49":{"name":"(anonymous_49)","decl":{"start":{"line":342,"column":23},"end":{"line":342,"column":31}},"loc":{"start":{"line":342,"column":41},"end":{"line":351,"column":null}},"line":342},"50":{"name":"(anonymous_50)","decl":{"start":{"line":353,"column":53},"end":{"line":353,"column":57}},"loc":{"start":{"line":353,"column":64},"end":{"line":361,"column":null}},"line":353},"51":{"name":"(anonymous_51)","decl":{"start":{"line":365,"column":24},"end":{"line":365,"column":38}},"loc":{"start":{"line":365,"column":38},"end":{"line":398,"column":8}},"line":365},"52":{"name":"(anonymous_52)","decl":{"start":{"line":374,"column":25},"end":{"line":374,"column":33}},"loc":{"start":{"line":374,"column":43},"end":{"line":381,"column":null}},"line":374},"53":{"name":"(anonymous_53)","decl":{"start":{"line":392,"column":13},"end":{"line":392,"column":17}},"loc":{"start":{"line":392,"column":28},"end":{"line":396,"column":14}},"line":392},"54":{"name":"(anonymous_54)","decl":{"start":{"line":397,"column":13},"end":{"line":397,"column":20}},"loc":{"start":{"line":397,"column":28},"end":{"line":397,"column":43}},"line":397},"55":{"name":"(anonymous_55)","decl":{"start":{"line":414,"column":28},"end":{"line":414,"column":43}},"loc":{"start":{"line":414,"column":43},"end":{"line":414,"column":68}},"line":414},"56":{"name":"(anonymous_56)","decl":{"start":{"line":420,"column":28},"end":{"line":420,"column":43}},"loc":{"start":{"line":420,"column":43},"end":{"line":420,"column":69}},"line":420},"57":{"name":"(anonymous_57)","decl":{"start":{"line":426,"column":28},"end":{"line":426,"column":43}},"loc":{"start":{"line":426,"column":43},"end":{"line":426,"column":69}},"line":426},"58":{"name":"(anonymous_58)","decl":{"start":{"line":432,"column":28},"end":{"line":432,"column":43}},"loc":{"start":{"line":432,"column":43},"end":{"line":432,"column":70}},"line":432},"59":{"name":"(anonymous_59)","decl":{"start":{"line":490,"column":45},"end":{"line":490,"column":57}},"loc":{"start":{"line":490,"column":67},"end":{"line":490,"column":116}},"line":490},"60":{"name":"(anonymous_60)","decl":{"start":{"line":511,"column":53},"end":{"line":511,"column":58}},"loc":{"start":{"line":512,"column":44},"end":{"line":512,"column":null}},"line":512},"61":{"name":"(anonymous_61)","decl":{"start":{"line":515,"column":45},"end":{"line":515,"column":57}},"loc":{"start":{"line":515,"column":67},"end":{"line":515,"column":103}},"line":515},"62":{"name":"(anonymous_62)","decl":{"start":{"line":533,"column":54},"end":{"line":533,"column":59}},"loc":{"start":{"line":534,"column":36},"end":{"line":543,"column":null}},"line":534},"63":{"name":"(anonymous_63)","decl":{"start":{"line":555,"column":55},"end":{"line":555,"column":60}},"loc":{"start":{"line":556,"column":36},"end":{"line":565,"column":null}},"line":556},"64":{"name":"(anonymous_64)","decl":{"start":{"line":577,"column":48},"end":{"line":577,"column":53}},"loc":{"start":{"line":578,"column":36},"end":{"line":587,"column":null}},"line":578},"65":{"name":"(anonymous_65)","decl":{"start":{"line":607,"column":28},"end":{"line":607,"column":39}},"loc":{"start":{"line":607,"column":45},"end":{"line":607,"column":69}},"line":607},"66":{"name":"(anonymous_66)","decl":{"start":{"line":632,"column":58},"end":{"line":632,"column":62}},"loc":{"start":{"line":632,"column":72},"end":{"line":708,"column":null}},"line":632},"67":{"name":"(anonymous_67)","decl":{"start":{"line":649,"column":60},"end":{"line":649,"column":75}},"loc":{"start":{"line":649,"column":75},"end":{"line":649,"column":103}},"line":649},"68":{"name":"(anonymous_68)","decl":{"start":{"line":660,"column":60},"end":{"line":660,"column":71}},"loc":{"start":{"line":660,"column":77},"end":{"line":660,"column":126}},"line":660},"69":{"name":"(anonymous_69)","decl":{"start":{"line":671,"column":60},"end":{"line":671,"column":75}},"loc":{"start":{"line":671,"column":75},"end":{"line":671,"column":100}},"line":671},"70":{"name":"(anonymous_70)","decl":{"start":{"line":687,"column":78},"end":{"line":687,"column":83}},"loc":{"start":{"line":688,"column":68},"end":{"line":691,"column":null}},"line":688}},"branchMap":{"0":{"loc":{"start":{"line":50,"column":16},"end":{"line":50,"column":null}},"type":"if","locations":[{"start":{"line":50,"column":16},"end":{"line":50,"column":null}},{"start":{},"end":{}}],"line":50},"1":{"loc":{"start":{"line":59,"column":16},"end":{"line":64,"column":null}},"type":"if","locations":[{"start":{"line":59,"column":16},"end":{"line":64,"column":null}
[...]
line":711,"column":null}}],"line":613},"83":{"loc":{"start":{"line":615,"column":20},"end":{"line":711,"column":null}},"type":"cond-expr","locations":[{"start":{"line":616,"column":20},"end":{"line":617,"column":45}},{"start":{"line":617,"column":20},"end":{"line":711,"column":null}}],"line":615},"84":{"loc":{"start":{"line":617,"column":20},"end":{"line":711,"column":null}},"type":"cond-expr","locations":[{"start":{"line":618,"column":20},"end":{"line":620,"column":21}},{"start":{"line":620,"column":20},"end":{"line":711,"column":null}}],"line":617},"85":{"loc":{"start":{"line":633,"column":69},"end":{"line":633,"column":93}},"type":"binary-expr","locations":[{"start":{"line":633,"column":69},"end":{"line":633,"column":86}},{"start":{"line":633,"column":86},"end":{"line":633,"column":93}}],"line":633},"86":{"loc":{"start":{"line":638,"column":75},"end":{"line":638,"column":125}},"type":"cond-expr","locations":[{"start":{"line":638,"column":108},"end":{"line":638,"column":122}},{"start":{"line":638,"column":122},"end":{"line":638,"column":125}}],"line":638},"87":{"loc":{"start":{"line":638,"column":128},"end":{"line":638,"column":null}},"type":"cond-expr","locations":[{"start":{"line":638,"column":142},"end":{"line":638,"column":156}},{"start":{"line":638,"column":156},"end":{"line":638,"column":null}}],"line":638},"88":{"loc":{"start":{"line":643,"column":53},"end":{"line":643,"column":null}},"type":"binary-expr","locations":[{"start":{"line":643,"column":53},"end":{"line":643,"column":71}},{"start":{"line":643,"column":71},"end":{"line":643,"column":null}}],"line":643},"89":{"loc":{"start":{"line":647,"column":57},"end":{"line":647,"column":96}},"type":"cond-expr","locations":[{"start":{"line":647,"column":72},"end":{"line":647,"column":94}},{"start":{"line":647,"column":94},"end":{"line":647,"column":96}}],"line":647},"90":{"loc":{"start":{"line":650,"column":57},"end":{"line":650,"column":null}},"type":"cond-expr","locations":[{"start":{"line":650,"column":90},"end":{"line":650,"column":104}},{"start":{"line":650,"column":104},"end":{"line":650,"column":null}}],"line":650},"91":{"loc":{"start":{"line":659,"column":67},"end":{"line":659,"column":null}},"type":"binary-expr","locations":[{"start":{"line":659,"column":67},"end":{"line":659,"column":84}},{"start":{"line":659,"column":84},"end":{"line":659,"column":null}}],"line":659},"92":{"loc":{"start":{"line":681,"column":45},"end":{"line":706,"column":null}},"type":"binary-expr","locations":[{"start":{"line":681,"column":45},"end":{"line":681,"column":null}},{"start":{"line":682,"column":48},"end":{"line":706,"column":null}}],"line":681},"93":{"loc":{"start":{"line":685,"column":57},"end":{"line":695,"column":null}},"type":"cond-expr","locations":[{"start":{"line":686,"column":60},"end":{"line":695,"column":61}},{"start":{"line":695,"column":60},"end":{"line":695,"column":null}}],"line":685},"94":{"loc":{"start":{"line":685,"column":57},"end":{"line":685,"column":null}},"type":"binary-expr","locations":[{"start":{"line":685,"column":57},"end":{"line":685,"column":73}},{"start":{"line":685,"column":73},"end":{"line":685,"column":null}}],"line":685},"95":{"loc":{"start":{"line":689,"column":115},"end":{"line":689,"column":163}},"type":"binary-expr","locations":[{"start":{"line":689,"column":115},"end":{"line":689,"column":128}},{"start":{"line":689,"column":128},"end":{"line":689,"column":163}}],"line":689},"96":{"loc":{"start":{"line":690,"column":82},"end":{"line":690,"column":174}},"type":"cond-expr","locations":[{"start":{"line":690,"column":98},"end":{"line":690,"column":122}},{"start":{"line":690,"column":122},"end":{"line":690,"column":174}}],"line":690},"97":{"loc":{"start":{"line":697,"column":57},"end":{"line":700,"column":null}},"type":"binary-expr","locations":[{"start":{"line":697,"column":57},"end":{"line":697,"column":null}},{"start":{"line":698,"column":60},"end":{"line":700,"column":null}}],"line":697}},"s":{"0":1,"1":409,"2":409,"3":409,"4":409,"5":46,"6":46,"7":46,"8":46,"9":46,"10":46,"11":46,"12":16,"13":16,"14":16,"15":46,"16":16,"17":46,"18":46,"19":16,"20":16,"21":16,"22":16,"23":16,"24":1,"25":1,"26":15,"27":15,"28":15,"29":15,"30":15,"31":15,"32":15,"33":0,"34":16,"35":16,"36":46,"37":1,"38":1,"39":1,"40":0,"41":0,"42":0,"43":0,"44":1,"45":1,"46":1,"47":1,"48":1,"49":0,"50":0,"51":0,"52":0,"53":0,"54":0,"55":0,"56":0,"57":46,"58":1,"59":1,"60":46,"61":1,"62":1,"63":46,"64":3,"65":3,"66":3,"67":2,"68":1,"69":1,"70":2,"71":1,"72":1,"73":1,"74":46,"75":1,"76":0,"77":1,"78":1,"79":1,"80":1,"81":1,"82":1,"83":2,"84":0,"85":0,"86":0,"87":46,"88":1,"89":46,"90":44,"91":0,"92":44,"93":44,"94":46,"95":44,"96":0,"97":1,"98":0,"99":22,"100":21,"101":46,"102":36,"103":37,"104":0,"105":37,"106":37,"107":37,"108":0,"109":37,"110":2,"111":35,"112":46,"113":36,"114":17,"115":46,"116":44,"117":44,"118":36,"119":8,"120":16,"121":16,"122":16,"123":16,"124":16,"125":8,"126":16,"127":46,"128":31,"129":30,"130":46,"131":36,"132":35,"133":46,"134":36,"135":17,"136":46,"137":36,"138":46,"139":32,"140":46,"141":36,"142":36,"143":17,"144":17,"145":17,"146":17,"147":17,"148":17,"149":17,"150":17,"151":36,"152":0,"153":46,"154":36,"155":36,"156":40,"157":40,"158":40,"159":36,"160":17,"161":17,"162":17,"163":17,"164":17,"165":17,"166":17,"167":17,"168":0,"169":17,"170":17,"171":17,"172":36,"173":20,"174":46,"175":31,"176":30,"177":46,"178":36,"179":36,"180":0,"181":0,"182":0,"183":0,"184":0,"185":0,"186":0,"187":0,"188":0,"189":36,"190":36,"191":36,"192":0,"193":36,"194":36,"195":321,"196":321,"197":321,"198":36,"199":46,"200":36,"201":36,"202":36,"203":321,"204":36,"205":17,"206":0,"207":17,"208":17,"209":17,"210":17,"211":0,"212":0,"213":36,"214":321,"215":321,"216":321,"217":46,"218":36,"219":36,"220":35,"221":35,"222":35,"223":0,"224":36,"225":36,"226":180,"227":180,"228":46,"229":0,"230":1,"231":0,"232":0,"233":0,"234":53,"235":0,"236":26,"237":58,"238":29,"239":8,"240":44,"241":44,"242":44,"243":1,"244":3,"245":1,"246":1},"f":{"0":409,"1":46,"2":16,"3":16,"4":16,"5":16,"6":1,"7":1,"8":1,"9":3,"10":1,"11":2,"12":1,"13":1,"14":2,"15":1,"16":44,"17":44,"18":36,"19":37,"20":36,"21":17,"22":44,"23":16,"24":8,"25":31,"26":30,"27":36,"28":35,"29":36,"30":17,"31":36,"32":32,"33":36,"34":17,"35":17,"36":0,"37":36,"38":40,"39":17,"40":17,"41":17,"42":20,"43":31,"44":30,"45":36,"46":0,"47":36,"48":321,"49":17,"50":321,"51":36,"52":35,"53":180,"54":180,"55":0,"56":1,"57":0,"58":0,"59":0,"60":53,"61":0,"62":26,"63":58,"64":29,"65":8,"66":44,"67":1,"68":3,"69":1,"70":1},"b":{"0":[1,15],"1":[15,0],"2":[15,15],"3":[0,1],"4":[1,0],"5":[0,0],"6":[0,0],"7":[1,1],"8":[1,1],"9":[0,1],"10":[1,0],"11":[0,1],"12":[0,44],"13":[0,1,0,22,21,21],"14":[0,37],"15":[0,37],"16":[37,37],"17":[2,35],"18":[37,37],"19":[36,8],"20":[16,0],"21":[16,0],"22":[16,0],"23":[8,0],"24":[16,13,11],"25":[30,0],"26":[17,0],"27":[14,18],"28":[17,0],"29":[17,17,0],"30":[17,0],"31":[17,0],"32":[17,0],"33":[17,0],"34":[0,0],"35":[0,0],"36":[40,40,0],"37":[40,0],"38":[17,0],"39":[17,0],"40":[17,0],"41":[17,0],"42":[17,17],"43":[0,0],"44":[0,17],"45":[0,0],"46":[17,0],"47":[17,0],"48":[0,0],"49":[0,0],"50":[0,36],"51":[36,36],"52":[0,0],"53":[0,0],"54":[0,0],"55":[0,36],"56":[36,36],"57":[36,321],"58":[0,17],"59":[17,0],"60":[17,0],"61":[0,0],"62":[0,0],"63":[0,0],"64":[0,0],"65":[321,0],"66":[35,0],"67":[35,0],"68":[180,0],"69":[43,3],"70":[1,45],"71":[0,46],"72":[0,46],"73":[16,30],"74":[16,30],"75":[16,30],"76":[16,30],"77":[46,30],"78":[46,30],"79":[4,26],"80":[1,29],"81":[1,29],"82":[16,30],"83":[3,27],"84":[1,26],"85":[44,0],"86":[1,43],"87":[22,22],"88":[44,0],"89":[44,0],"90":[1,43],"91":[44,0],"92":[44,1],"93":[1,0],"94":[1,1],"95":[1,0],"96":[1,0],"97":[1,0]},"meta":{"lastBranch":98,"lastFunction":71,"lastStatement":247,"seen":{"s:18:6:22:Infinity":0,"f:18:6:18:27":0,"s:19:16:19:34":1,"s:20:16:20:60":2,"s:21:16:21:55":3,"s:22:4:22:Infinity":4,"f:25:24:25:37":1,"s:26:26:26:58":5,"s:27:25:27:56":6,"s:28:23:28:54":7,"s:29:28:29:64":8,"s:30:18:30:42":9,"s:33:25:33:58":10,"s:34:24:38:Infinity":11,"f:34:42:34:57":2,"s:35:18:35:28":12,"s:36:8:36:Infinity":13,"s:37:8:37:Infinity":14,"s:39:22:41:Infinity":15,"f:39:38:39:53":3,"s:40:8:40:Infinity":16,"s:43:10:43:34":17,"s:45:4:74:Infinity":18,"f:45:4:45:20":4,"s:46:37:69:Infinity":19,"f:46:37:46:49":5,"s:47:12:47:Infinity":20,"s:48:12:69:Infinity":21,"s:49:30:49:59":22,"b:50:16:50:Infinity:undefined:undefined:undefined:undefined":0,"s:50:16:50:Infinity":23,"s:50:30:50:50":24,"s:50:50:50:Infinity":25,"s:52:32:52:70":26,"s:54:50:57:18":27,"b:59:16:64:Infinity:undefined:undefined:undefined:undefined":1,"s:59:16:64:Infinity":28,"b:59:20:59:38:59:38:59:53":2,"s:60:37:60:61":29,"s:61:36:61:59":30,"s:63:20:63:Infinity":31,"s:64:20:64:Infinity":32,"s:67:16:67:Infinity":33,"s:69:16:69:Infinity":34,"s:73:8:73:Infinity":35,"s:76:10:96:Infinity":36,"f:76:10:76:33":6,"s:77:8:77:Infinity":37,"s:78:20:78:30":38,"b:79:8:96:Infinity:84:19:96:Infinity":3,"s:79:8:96:Infinity":39,"s:80:27:80:37":40,"s:81:12:81:Infinity":41,"s:82:12:82:Infinity":42,"s:83:12:83:Infinity":43,"b:84:19:96:Infinity:89:19:96:Infinity":4,"s:84:19:96:Infinity":44,"s:85:27:85:37":45,"s:86:12:86:Infinity":46,"s:87:12:87:Infinity":47,"s:88:12:88:Infinity":48,"b:89:19:96:Infinity:94:19:96:Infinity":5,"s:89:19:96:Infinity":49,"s:90:27:90:73":50,"s:91:30:91:80":51,"s:92:12:92:Infinity":52,"s:93:12:93:Infinity":53,"b:94:19:96:Infinity:undefined:undefined:undefined:undefined":6,"s:94:19:96:Infinity":54,"s:95:12:95:Infinity":55,"s:96:12:96:Infinity":56,"s:100:10:102:Infinity":57,"f:100:10:100:37":7,"s:101:8:101:Infinity":58,"s:102:8:102:Infinity":59,"s:105:10:107:Infinity":60,"f:105:10:105:35":8,"s:106:8:106:Infinity":61,"s:107:8:107:Infinity":62,"s:110:34:130:Infinity":63,"f:110:34:110:41":9,"s:111:8:130:Infinity":64,"s:112:26:112:55":65,"s:113:29:117:14":66,"b:119:12:126:Infinity:125:19:126:Infinity":7,"s:119:12:126:Infinity":67,"s:120:16:124:Infinity":68,"f:120:16:120:32":10,"s:121:20:122:Infinity":69,"f:121:31:121:35":11,"s:122:24:122:Infinity":70,"b:122:50:122:86:122:86:122:Infinity":8,"s:126:16:126:Infinity":71,"s:129:12:129:Infinity":72,"s:130:12:130:Infinity":73,"s:134:26:152:Infinity":74,"f:134:26:134:33":12,"b:135:8:135:Infinity:undefined:undefined:undefined:undefined":9,"s:135:8:135:Infinity":75,"s:135:92:135:Infinity":76,"s:136:8:152:Infinity":77,"s:137:26:137:55":78,"s:138:29:141:14":79,"b:143:12:148:Infinity:147:19:148:Infinity":10,"s:143:12:148:Infinity":80,"s:144:16:146:Infinity":81,"f:144:16:144:32":13,"s:145:20:145:71":82,"f:145:31:145:38":14,"s:145:48:145:71":83,"s:148:16:148:Infinity":84,"s:151:12:151:Infinity":85,"s:152:12:152:Infinity":86,"s:156:10:157:Infinity":87,"f:156:10:156:30":15,"s:157:8:157:Infinity":88,"b:157:52:157:59:157:59:157:62":11,"s:160:10:163:Infinity":89,"f:160:10:160:26":16,"b:161:8:161:Infinity:undefined:undefined:undefined:undefined":12,"s:161:8:161:Infinity":90,"s:161:25:161:Infinity":91,"s:162:21:162:41":92,"s:163:8:163:Infinity":93,"s:166:10:173:Infinity":94,"f:166:10:166:31":17,"b:168:12:168:Infinity:169:12:169:Infinity:170:12:170:Infinity:171:12:171:Infinity:172:12:172:Infinity:173:12:173:Infinity":13,"s:167:8:173:Infinity":95,"s:168:29:168:Infinity":96,"s:169:28:169:Infinity":97,"s:170:29:170:Infinity":98,"s:171:30:171:Infinity":99,"s:173:21:173:Infinity":100,"s:178:10:187:46":101,"f:178:29:178:43":18,"s:179:8:186:Infinity":102,"f:179:28:179:35":19,"b:180:12:180:Infinity:undefined:undefined:undefined:undefined":14,"s:180:12:180:Infinity":103,"s:180:35:180:Infinity":104,"s:181:30:181:56":105,"s:182:34:182:62":106,"b:183:12:183:Infinity:undefined:undefined:undefined:undefined":15,"s:183:12:183:Infinity":107,"b:183:16:183:31:183:31:183:60":16,"s:183:60:183:Infinity":108,"b:184:12:184:Infinity:undefined:undefined:undefined:undefined":17,"s:184:12:184:Infinity":109,"b:184:16:184:29:184:29:184:56":18,"s:184:56:184:Infinity":110,"s:185:12:185:Infinity":111,"s:189:10:191:26":112,"f:189:29:189:43":20,"s:190:8:190:Infinity":113,"f:190:37:190:43":21,"s:190:52:190:97":114,"s:193:10:212:33":115,"f:193:37:193:51":22,"s:194:22:194:48":116,"b:195:8:195:Infinity:undefined:undefined:undefined:undefined":19,"s:195:8:195:Infinity":117,"s:195:20:195:Infinity":118,"s:197:8:211:Infinity":119,"f:197:32:197:39":23,"s:198:18:198:80":120,"b:198:29:198:47:198:47:198:67":20,"s:199:18:199:66":121,"b:199:28:199:45:199:45:199:53":21,"s:201:35:201:58":122,"s:202:34:202:56":123,"s:204:33:208:Infinity":124,"b:205:18:206:Infinity:208:18:208:Infinity":22,"f:205:31:205:36":24,"s:205:36:206:92":125,"b:206:21:206:34:206:34:206:64":23,"s:210:12:210:Infinity":126,"b:210:19:210:37:210:37:210:54:210:54:210:Infinity":24,"s:214:10:216:23":127,"f:214:25:214:39":25,"s:215:8:215:Infinity":128,"f:215:29:215:37":26,"s:215:48:215:87":129,"b:215:71:215:82:215:82:215:87":25,"s:218:10:220:26":130,"f:218:27:218:41":27,"s:219:8:219:Infinity":131,"f:219:32:219:39":28,"s:219:49:219:79":132,"s:222:10:224:24":133,"f:222:31:222:45":29,"s:223:8:223:Infinity":134,"f:223:30:223:38":30,"s:223:49:223:76":135,"b:223:56:223:72:223:72:223:76":26,"s:226:10:228:24":136,"f:226:32:226:46":31,"s:227:8:227:Infinity":137,"s:230:10:232:49":138,"f:230:24:230:38":32,"s:231:8:231:Infinity":139,"b:231:42:231:86:231:86:231:Infinity":27,"s:235:10:258:24":140,"f:235:33:235:47":33,"s:236:23:236:25":141,"s:237:8:253:Infinity":142,"f:237:23:237:31":34,"b:238:12:251:Infinity:undefined:undefined:undefined:undefined":28,"s:238:12:251:Infinity":143,"s:239:16:251:Infinity":144,"f:239:29:239:37":35,"s:240:32:240:Infinity":145,"b:240:32:240:50:240:50:240:63:240:63:240:Infinity":29,"b:241:20:246:Infinity:undefined:undefined:undefined:undefined":30,"s:241:20:246:Infinity":146,"s:242:24:246:Infinity":147,"b:243:34:243:47:243:47:243:Infinity":31,"s:248:20:248:Infinity":148,"b:248:46:248:65:248:65:248:Infinity":32,"s:249:37:249:Infinity":149,"b:249:53:249:70:249:58:249:Infinity":33,"b:249:70:249:92:249:92:249:98":34,"b:249:98:249:117:249:117:249:Infinity":35,"s:250:20:250:Infinity":150,"s:255:8:257:Infinity":151,"f:256:13:256:19":36,"s:256:28:256:55":152,"s:261:10:299:39":153,"f:261:34:261:48":37,"s:262:23:262:25":154,"s:263:8:272:Infinity":155,"f:263:22:263:30":38,"s:264:24:264:Infinity":156,"b:264:24:264:33:264:33:264:41:264:41:264:Infinity":36,"b:265:12:270:Infinity:undefined:undefined:undefined:undefined":37,"s:265:12:270:Infinity":157,"s:266:16:270:Infinity":158,"s:274:8:294:Infinity":159,"f:274:23:274:31":39,"b:275:12:292:Infinity:undefined:undefined:undefined:undefined":38,"s:275:12:292:Infinity":160,"s:276:16:292:Infinity":161,"f:276:29:276:37":40,"s:277:30:277:Infinity":162,"b:278:20:280:Infinity:undefined:undefined:undefined:undefined":39,"s:278:20:280:Infinity":163,"b:278:24:278:32:278:32:278:46":40,"s:279:39:279:84":164,"f:279:53:279:58":41,"s:279:63:279:84":165,"s:280:24:280:Infinity":166,"b:280:40:280:68:280:68:280:Infinity":41,"b:280:40:280:54:280:54:280:68":42,"b:280:68:280:86:280:86:280:Infinity":43,"b:282:20:287:Infinity:undefined:undefined:undefined:undefined":44,"s:282:20:287:Infinity":167,"s:283:24:287:Infinity":168,"b:284:34:284:47:284:47:284:Infinity":45,"s:289:20:289:Infinity":169,"b:289:46:289:65:289:65:289:Infinity":46,"s:290:37:290:Infinity":170,"b:290:53:290:70:290:58:290:Infinity":47,"b:290:70:290:92:290:92:290:98":48,"b:290:98:290:117:290:117:290:Infinity":49,"s:291:20:291:Infinity":171,"s:296:8:298:Infinity":172,"f:297:13:297:19":42,"s:297:28:297:55":173,"s:302:10:304:23":174,"f:302:27:302:41":43,"s:303:8:303:Infinity":175,"f:303:29:303:36":44,"s:303:41:303:59":176,"s:307:10:331:Infinity":177,"f:307:10:307:35":45,"s:308:22:308:24":178,"b:309:8:317:Infinity:undefined:undefined:undefined:undefined":50,"s:309:8:317:Infinity":179,"b:309:12:309:26:309:26:309:35":51,"b:310:12:310:Infinity:undefined:undefined:undefined:undefined":52,"s:310:12:310:Infinity":180,"s:310:43:310:Infinity":181,"s:311:33:313:32":182,"f:312:17:312:21":46,"s:312:26:312:75":183,"b:312:40:312:68:312:71:312:75":53,"b:314:12:314:Infinity:undefined:undefined:undefined:undefined":54,"s:314:12:314:Infinity":184,"s:314:43:314:Infinity":185,"s:315:12:315:Infinity":186,"s:316:12:316:Infinity":187,"s:317:12:317:Infinity":188,"s:320:24:320:57":189,"s:321:24:321:54":190,"b:323:8:323:Infinity:undefined:undefined:undefined:undefined":55,"s:323:8:323:Infinity":191,"b:323:12:323:28:323:32:323:46":56,"s:323:48:323:Infinity":192,"s:325:20:325:Infinity":193,"s:326:8:329:Infinity":194,"b:326:15:326:39:326:39:326:52":57,"s:327:12:327:Infinity":195,"s:328:12:328:Infinity":196,"s:329:12:329:Infinity":197,"s:331:8:331:Infinity":198,"s:334:10:362:62":199,"f:334:27:334:41":47,"s:335:22:335:67":200,"s:337:34:337:36":201,"s:338:8:340:Infinity":202,"f:338:14:338:22":48,"s:339:12:339:Infinity":203,"s:342:8:351:Infinity":204,"f:342:23:342:31":49,"b:343:12:343:Infinity:undefined:undefined:undefined:undefined":58,"s:343:12:343:Infinity":205,"s:343:35:343:Infinity":206,"s:344:30:344:56":207,"s:345:24:345:52":208,"b:346:12:349:Infinity:348:23:349:Infinity":59,"s:346:12:349:Infinity":209,"s:347:16:347:Infinity":210,"b:347:42:347:63:347:63:347:Infinity":60,"b:348:23:349:Infinity:undefined:undefined:undefined:undefined":61,"s:348:23:349:Infinity":211,"b:348:23:348:39:348:39:348:51":62,"s:349:16:349:Infinity":212,"b:349:42:349:68:349:68:349:74":63,"b:349:74:349:95:349:95:349:Infinity":64,"s:353:8:361:Infinity":213,"f:353:53:353:57":50,"s:354:27:354:41":214,"s:355:33:355:Infinity":215,"b:355:55:355:85:355:85:355:Infinity":65,"s:356:12:360:Infinity":216,"s:365:10:398:26":217,"f:365:24:365:38":51,"s:366:31:372:Infinity":218,"s:374:8:381:Infinity":219,"f:374:25:374:33":52,"s:375:27:375:Infinity":220,"b:375:27:375:44:375:44:375:Infinity":66,"b:376:12:379:Infinity:378:19:379:Infinity":67,"s:376:12:379:Infinity":221,"s:377:16:377:Infinity":222,"s:379:16:379:Infinity":223,"s:383:22:389:Infinity":224,"s:391:8:397:Infinity":225,"f:392:13:392:17":53,"s:392:28:396:14":226,"b:395:23:395:40:395:40:395:Infinity":68,"f:397:13:397:20":54,"s:397:28:397:43":227,"s:400:4:711:Infinity":228,"f:414:28:414:43":55,"s:414:43:414:68":229,"b:415:84:415:94:415:94:415:Infinity":69,"f:420:28:420:43":56,"s:420:43:420:69":230,"b:421:85:421:95:421:95:421:Infinity":70,"f:426:28:426:43":57,"s:426:43:426:69":231,"b:427:85:427:95:427:95:427:Infinity":71,"f:432:28:432:43":58,"s:432:43:432:70":232,"b:433:86:433:96:433:96:433:Infinity":72,"b:467:82:467:90:467:90:467:123":73,"b:468:77:468:85:468:85:468:124":74,"b:469:72:469:80:469:80:469:101":75,"b:470:70:470:78:470:78:470:110":76,"b:474:13:474:Infinity:475:16:519:Infinity":77,"f:490:45:490:57":59,"s:490:67:490:116":233,"f:511:53:511:58":60,"s:512:44:512:Infinity":234,"f:515:45:515:57":61,"s:515:67:515:103":235,"b:525:13:525:Infinity:526:16:589:Infinity":78,"b:530:28:532:29:532:28:545:Infinity":79,"f:533:54:533:59":62,"s:534:36:543:Infinity":236,"b:552:28:554:29:554:28:567:Infinity":80,"f:555:55:555:60":63,"s:556:36:565:Infinity":237,"b:574:28:576:29:576:28:589:Infinity":81,"f:577:48:577:53":64,"s:578:36:587:Infinity":238,"f:607:28:607:39":65,"s:607:45:607:69":239,"b:614:20:615:37:615:20:711:Infinity":82,"b:616:20:617:45:617:20:711:Infinity":83,"b:618:20:620:21:620:20:711:Infinity":84,"f:632:58:632:62":66,"s:633:51:633:93":240,"b:633:69:633:86:633:86:633:93":85,"s:634:56:634:Infinity":241,"s:636:36:706:Infinity":242,"b:638:108:638:122:638:122:638:125":86,"b:638:142:638:156:638:156:638:Infinity":87,"b:643:53:643:71:643:71:643:Infinity":88,"b:647:72:647:94:647:94:647:96":89,"f:649:60:649:75":67,"s:649:75:649:103":243,"b:650:90:650:104:650:104:650:Infinity":90,"b:659:67:659:84:659:84:659:Infinity":91,"f:660:60:660:71":68,"s:660:77:660:126":244,"f:671:60:671:75":69,"s:671:75:671:100":245,"b:681:45:681:Infinity:682:48:706:Infinity":92,"b:686:60:695:61:695:60:695:Infinity":93,"b:685:57:685:73:685:73:685:Infinity":94,"f:687:78:687:83":70,"s:688:68:691:Infinity":246,"b:689:115:689:128:689:128:689:163":95,"b:690:98:690:122:690:122:690:174":96,"b:697:57:697:Infinity:698:60:700:Infinity":97},"fnNames":{}}}
}
