{"/home/christian-sperb/Documents/projects/unyleya/3P-1-frontend/frontend/src/pages/Estoque.jsx": {"path":"/home/christian-sperb/Documents/projects/unyleya/3P-1-frontend/frontend/src/pages/Estoque.jsx","statementMap":{"0":{"start":{"line":6,"column":21},"end":{"line":6,"column":48}},"1":{"start":{"line":7,"column":18},"end":{"line":7,"column":42}},"2":{"start":{"line":8,"column":23},"end":{"line":8,"column":54}},"3":{"start":{"line":9,"column":17},"end":{"line":9,"column":40}},"4":{"start":{"line":10,"column":23},"end":{"line":10,"column":55}},"5":{"start":{"line":11,"column":27},"end":{"line":11,"column":62}},"6":{"start":{"line":13,"column":10},"end":{"line":13,"column":34}},"7":{"start":{"line":16,"column":4},"end":{"line":55,"column":null}},"8":{"start":{"line":17,"column":31},"end":{"line":50,"column":null}},"9":{"start":{"line":18,"column":12},"end":{"line":50,"column":null}},"10":{"start":{"line":19,"column":30},"end":{"line":19,"column":59}},"11":{"start":{"line":20,"column":16},"end":{"line":22,"column":null}},"12":{"start":{"line":21,"column":20},"end":{"line":21,"column":null}},"13":{"start":{"line":22,"column":20},"end":{"line":22,"column":null}},"14":{"start":{"line":25,"column":33},"end":{"line":31,"column":18}},"15":{"start":{"line":33,"column":16},"end":{"line":36,"column":null}},"16":{"start":{"line":34,"column":20},"end":{"line":34,"column":null}},"17":{"start":{"line":35,"column":20},"end":{"line":35,"column":null}},"18":{"start":{"line":36,"column":20},"end":{"line":36,"column":null}},"19":{"start":{"line":39,"column":16},"end":{"line":39,"column":null}},"20":{"start":{"line":39,"column":34},"end":{"line":39,"column":null}},"21":{"start":{"line":41,"column":30},"end":{"line":41,"column":51}},"22":{"start":{"line":42,"column":39},"end":{"line":44,"column":48}},"23":{"start":{"line":43,"column":33},"end":{"line":43,"column":45}},"24":{"start":{"line":44,"column":36},"end":{"line":44,"column":48}},"25":{"start":{"line":46,"column":16},"end":{"line":46,"column":null}},"26":{"start":{"line":48,"column":16},"end":{"line":48,"column":null}},"27":{"start":{"line":50,"column":16},"end":{"line":50,"column":null}},"28":{"start":{"line":54,"column":8},"end":{"line":54,"column":null}},"29":{"start":{"line":57,"column":27},"end":{"line":78,"column":null}},"30":{"start":{"line":58,"column":8},"end":{"line":59,"column":null}},"31":{"start":{"line":59,"column":12},"end":{"line":59,"column":null}},"32":{"start":{"line":62,"column":8},"end":{"line":78,"column":null}},"33":{"start":{"line":63,"column":26},"end":{"line":63,"column":55}},"34":{"start":{"line":64,"column":29},"end":{"line":69,"column":14}},"35":{"start":{"line":71,"column":12},"end":{"line":74,"column":null}},"36":{"start":{"line":72,"column":16},"end":{"line":72,"column":null}},"37":{"start":{"line":72,"column":55},"end":{"line":72,"column":73}},"38":{"start":{"line":74,"column":16},"end":{"line":74,"column":null}},"39":{"start":{"line":77,"column":12},"end":{"line":77,"column":null}},"40":{"start":{"line":78,"column":12},"end":{"line":78,"column":null}},"41":{"start":{"line":82,"column":10},"end":{"line":84,"column":null}},"42":{"start":{"line":83,"column":8},"end":{"line":83,"column":null}},"43":{"start":{"line":84,"column":8},"end":{"line":84,"column":null}},"44":{"start":{"line":87,"column":10},"end":{"line":89,"column":null}},"45":{"start":{"line":88,"column":8},"end":{"line":88,"column":null}},"46":{"start":{"line":89,"column":8},"end":{"line":89,"column":null}},"47":{"start":{"line":93,"column":10},"end":{"line":96,"column":null}},"48":{"start":{"line":94,"column":8},"end":{"line":94,"column":null}},"49":{"start":{"line":95,"column":8},"end":{"line":95,"column":null}},"50":{"start":{"line":96,"column":8},"end":{"line":96,"column":null}},"51":{"start":{"line":100,"column":18},"end":{"line":100,"column":null}},"52":{"start":{"line":100,"column":70},"end":{"line":100,"column":75}},"53":{"start":{"line":103,"column":30},"end":{"line":104,"column":null}},"54":{"start":{"line":104,"column":8},"end":{"line":104,"column":null}},"55":{"start":{"line":107,"column":4},"end":{"line":209,"column":null}},"56":{"start":{"line":136,"column":38},"end":{"line":136,"column":null}},"57":{"start":{"line":146,"column":45},"end":{"line":146,"column":69}},"58":{"start":{"line":175,"column":44},"end":{"line":200,"column":null}},"59":{"start":{"line":186,"column":71},"end":{"line":186,"column":94}},"60":{"start":{"line":193,"column":71},"end":{"line":193,"column":111}}},"fnMap":{"0":{"name":"Estoque","decl":{"start":{"line":5,"column":24},"end":{"line":5,"column":34}},"loc":{"start":{"line":5,"column":34},"end":{"line":209,"column":null}},"line":5},"1":{"name":"(anonymous_1)","decl":{"start":{"line":16,"column":4},"end":{"line":16,"column":20}},"loc":{"start":{"line":16,"column":20},"end":{"line":55,"column":8}},"line":16},"2":{"name":"(anonymous_2)","decl":{"start":{"line":17,"column":31},"end":{"line":17,"column":43}},"loc":{"start":{"line":17,"column":43},"end":{"line":50,"column":null}},"line":17},"3":{"name":"(anonymous_3)","decl":{"start":{"line":43,"column":21},"end":{"line":43,"column":28}},"loc":{"start":{"line":43,"column":33},"end":{"line":43,"column":45}},"line":43},"4":{"name":"(anonymous_4)","decl":{"start":{"line":44,"column":21},"end":{"line":44,"column":27}},"loc":{"start":{"line":44,"column":36},"end":{"line":44,"column":48}},"line":44},"5":{"name":"(anonymous_5)","decl":{"start":{"line":57,"column":27},"end":{"line":57,"column":34}},"loc":{"start":{"line":57,"column":47},"end":{"line":78,"column":null}},"line":57},"6":{"name":"(anonymous_6)","decl":{"start":{"line":72,"column":37},"end":{"line":72,"column":44}},"loc":{"start":{"line":72,"column":55},"end":{"line":72,"column":73}},"line":72},"7":{"name":"(anonymous_7)","decl":{"start":{"line":82,"column":10},"end":{"line":82,"column":28}},"loc":{"start":{"line":82,"column":40},"end":{"line":84,"column":null}},"line":82},"8":{"name":"(anonymous_8)","decl":{"start":{"line":87,"column":10},"end":{"line":87,"column":38}},"loc":{"start":{"line":87,"column":38},"end":{"line":89,"column":null}},"line":87},"9":{"name":"(anonymous_9)","decl":{"start":{"line":93,"column":10},"end":{"line":93,"column":37}},"loc":{"start":{"line":93,"column":37},"end":{"line":96,"column":null}},"line":93},"10":{"name":"(anonymous_10)","decl":{"start":{"line":100,"column":61},"end":{"line":100,"column":65}},"loc":{"start":{"line":100,"column":70},"end":{"line":100,"column":75}},"line":100},"11":{"name":"(anonymous_11)","decl":{"start":{"line":103,"column":39},"end":{"line":103,"column":46}},"loc":{"start":{"line":104,"column":8},"end":{"line":104,"column":null}},"line":104},"12":{"name":"(anonymous_12)","decl":{"start":{"line":136,"column":20},"end":{"line":136,"column":38}},"loc":{"start":{"line":136,"column":38},"end":{"line":136,"column":null}},"line":136},"13":{"name":"(anonymous_13)","decl":{"start":{"line":146,"column":28},"end":{"line":146,"column":39}},"loc":{"start":{"line":146,"column":45},"end":{"line":146,"column":69}},"line":146},"14":{"name":"(anonymous_14)","decl":{"start":{"line":174,"column":58},"end":{"line":174,"column":62}},"loc":{"start":{"line":175,"column":44},"end":{"line":200,"column":null}},"line":175},"15":{"name":"(anonymous_15)","decl":{"start":{"line":186,"column":56},"end":{"line":186,"column":71}},"loc":{"start":{"line":186,"column":71},"end":{"line":186,"column":94}},"line":186},"16":{"name":"(anonymous_16)","decl":{"start":{"line":193,"column":56},"end":{"line":193,"column":71}},"loc":{"start":{"line":193,"column":71},"end":{"line":193,"column":111}},"line":193}},"branchMap":{"0":{"loc":{"start":{"line":20,"column":16},"end":{"line":22,"column":null}},"type":"if","locations":[{"start":{"line":20,"column":16},"end":{"line":22,"column":null}},{"start":{},"end":{}}],"line":20},"1":{"loc":{"start":{"line":33,"column":16},"end":{"line":36,"column":null}},"type":"if","locations":[{"start":{"line":33,"column":16},"end":{"line":36,"column":null}},{"start":{},"end":{}}],"line":33},"2":{"loc":{"start":{"line":33,"column":20},"end":{"line":33,"column":72}},"type":"binary-expr","locations":[{"start":{"line":33,"column":20},"end":{"line":33,"column":47}},{"start":{"line":33,"column":47},"end":{"line":33,"column":72}}],"line":33},"3":{"loc":{"start":{"line":39,"column":16},"end":{"line":39,"column":null}},"type":"if","locations":[{"start":{"line":39,"column":16},"end":{"line":39,"column":null}},{"start":{},"end":{}}],"line":39},"4":{"loc":{"start":{"line":58,"column":8},"end":{"line":59,"column":null}},"type":"if","locations":[{"start":{"line":58,"column":8},"end":{"line":59,"column":null}},{"start":{},"end":{}}],"line":58},"5":{"loc":{"start":{"line":71,"column":12},"end":{"line":74,"column":null}},"type":"if","locations":[{"start":{"line":71,"column":12},"end":{"line":74,"column":null}},{"start":{"line":73,"column":19},"end":{"line":74,"column":null}}],"line":71},"6":{"loc":{"start":{"line":100,"column":18},"end":{"line":100,"column":null}},"type":"cond-expr","locations":[{"start":{"line":100,"column":40},"end":{"line":100,"column":76}},{"start":{"line":100,"column":79},"end":{"line":100,"column":null}}],"line":100},"7":{"loc":{"start":{"line":112,"column":17},"end":{"line":118,"column":null}},"type":"binary-expr","locations":[{"start":{"line":112,"column":17},"end":{"line":112,"column":null}},{"start":{"line":113,"column":20},"end":{"line":118,"column":null}}],"line":112},"8":{"loc":{"start":{"line":123,"column":13},"end":{"line":126,"column":null}},"type":"binary-expr","locations":[{"start":{"line":123,"column":13},"end":{"line":123,"column":null}},{"start":{"line":124,"column":16},"end":{"line":126,"column":null}}],"line":123},"9":{"loc":{"start":{"line":130,"column":13},"end":{"line":207,"column":null}},"type":"cond-expr","locations":[{"start":{"line":132,"column":16},"end":{"line":140,"column":null}},{"start":{"line":140,"column":16},"end":{"line":207,"column":null}}],"line":130},"10":{"loc":{"start":{"line":152,"column":25},"end":{"line":203,"column":null}},"type":"cond-expr","locations":[{"start":{"line":153,"column":28},"end":{"line":155,"column":29}},{"start":{"line":155,"column":28},"end":{"line":203,"column":null}}],"line":152},"11":{"loc":{"start":{"line":167,"column":37},"end":{"line":200,"column":null}},"type":"cond-expr","locations":[{"start":{"line":168,"column":40},"end":{"line":174,"column":58}},{"start":{"line":174,"column":40},"end":{"line":200,"column":null}}],"line":167},"12":{"loc":{"start":{"line":179,"column":85},"end":{"line":179,"column":133}},"type":"cond-expr","locations":[{"start":{"line":179,"column":110},"end":{"line":179,"column":122}},{"start":{"line":179,"column":122},"end":{"line":179,"column":133}}],"line":179}},"s":{"0":21,"1":21,"2":21,"3":21,"4":21,"5":21,"6":21,"7":21,"8":8,"9":8,"10":8,"11":8,"12":0,"13":0,"14":8,"15":8,"16":1,"17":1,"18":1,"19":7,"20":7,"21":6,"22":6,"23":12,"24":6,"25":6,"26":2,"27":8,"28":8,"29":21,"30":2,"31":1,"32":1,"33":1,"34":1,"35":1,"36":1,"37":2,"38":0,"39":0,"40":0,"41":21,"42":1,"43":1,"44":21,"45":1,"46":1,"47":21,"48":0,"49":0,"50":0,"51":21,"52":21,"53":21,"54":21,"55":21,"56":0,"57":2,"58":14,"59":1,"60":2},"f":{"0":21,"1":8,"2":8,"3":12,"4":6,"5":2,"6":2,"7":1,"8":1,"9":0,"10":21,"11":21,"12":0,"13":2,"14":14,"15":1,"16":2},"b":{"0":[0,8],"1":[1,7],"2":[8,7],"3":[1,6],"4":[1,1],"5":[1,0],"6":[11,10],"7":[21,19],"8":[21,2],"9":[2,19],"10":[8,11],"11":[3,8],"12":[6,8]},"meta":{"lastBranch":13,"lastFunction":17,"lastStatement":61,"seen":{"f:5:24:5:34":0,"s:6:21:6:48":0,"s:7:18:7:42":1,"s:8:23:8:54":2,"s:9:17:9:40":3,"s:10:23:10:55":4,"s:11:27:11:62":5,"s:13:10:13:34":6,"s:16:4:55:Infinity":7,"f:16:4:16:20":1,"s:17:31:50:Infinity":8,"f:17:31:17:43":2,"s:18:12:50:Infinity":9,"s:19:30:19:59":10,"b:20:16:22:Infinity:undefined:undefined:undefined:undefined":0,"s:20:16:22:Infinity":11,"s:21:20:21:Infinity":12,"s:22:20:22:Infinity":13,"s:25:33:31:18":14,"b:33:16:36:Infinity:undefined:undefined:undefined:undefined":1,"s:33:16:36:Infinity":15,"b:33:20:33:47:33:47:33:72":2,"s:34:20:34:Infinity":16,"s:35:20:35:Infinity":17,"s:36:20:36:Infinity":18,"b:39:16:39:Infinity:undefined:undefined:undefined:undefined":3,"s:39:16:39:Infinity":19,"s:39:34:39:Infinity":20,"s:41:30:41:51":21,"s:42:39:44:48":22,"f:43:21:43:28":3,"s:43:33:43:45":23,"f:44:21:44:27":4,"s:44:36:44:48":24,"s:46:16:46:Infinity":25,"s:48:16:48:Infinity":26,"s:50:16:50:Infinity":27,"s:54:8:54:Infinity":28,"s:57:27:78:Infinity":29,"f:57:27:57:34":5,"b:58:8:59:Infinity:undefined:undefined:undefined:undefined":4,"s:58:8:59:Infinity":30,"s:59:12:59:Infinity":31,"s:62:8:78:Infinity":32,"s:63:26:63:55":33,"s:64:29:69:14":34,"b:71:12:74:Infinity:73:19:74:Infinity":5,"s:71:12:74:Infinity":35,"s:72:16:72:Infinity":36,"f:72:37:72:44":6,"s:72:55:72:73":37,"s:74:16:74:Infinity":38,"s:77:12:77:Infinity":39,"s:78:12:78:Infinity":40,"s:82:10:84:Infinity":41,"f:82:10:82:28":7,"s:83:8:83:Infinity":42,"s:84:8:84:Infinity":43,"s:87:10:89:Infinity":44,"f:87:10:87:38":8,"s:88:8:88:Infinity":45,"s:89:8:89:Infinity":46,"s:93:10:96:Infinity":47,"f:93:10:93:37":9,"s:94:8:94:Infinity":48,"s:95:8:95:Infinity":49,"s:96:8:96:Infinity":50,"s:100:18:100:Infinity":51,"b:100:40:100:76:100:79:100:Infinity":6,"f:100:61:100:65":10,"s:100:70:100:75":52,"s:103:30:104:Infinity":53,"f:103:39:103:46":11,"s:104:8:104:Infinity":54,"s:107:4:209:Infinity":55,"b:112:17:112:Infinity:113:20:118:Infinity":7,"b:123:13:123:Infinity:124:16:126:Infinity":8,"b:132:16:140:Infinity:140:16:207:Infinity":9,"f:136:20:136:38":12,"s:136:38:136:Infinity":56,"f:146:28:146:39":13,"s:146:45:146:69":57,"b:153:28:155:29:155:28:203:Infinity":10,"b:168:40:174:58:174:40:200:Infinity":11,"f:174:58:174:62":14,"s:175:44:200:Infinity":58,"b:179:110:179:122:179:122:179:133":12,"f:186:56:186:71":15,"s:186:71:186:94":59,"f:193:56:193:71":16,"s:193:71:193:111":60},"fnNames":{}}}
,"/home/christian-sperb/Documents/projects/unyleya/3P-1-frontend/frontend/src/pages/Login.jsx": {"path":"/home/christian-sperb/Documents/projects/unyleya/3P-1-frontend/frontend/src/pages/Login.jsx","statementMap":{"0":{"start":{"line":5,"column":18},"end":{"line":5,"column":42}},"1":{"start":{"line":6,"column":18},"end":{"line":6,"column":42}},"2":{"start":{"line":7,"column":17},"end":{"line":7,"column":40}},"3":{"start":{"line":9,"column":10},"end":{"line":9,"column":34}},"4":{"start":{"line":11,"column":23},"end":{"line":33,"column":null}},"5":{"start":{"line":12,"column":8},"end":{"line":12,"column":null}},"6":{"start":{"line":13,"column":8},"end":{"line":13,"column":null}},"7":{"start":{"line":15,"column":8},"end":{"line":33,"column":null}},"8":{"start":{"line":16,"column":29},"end":{"line":20,"column":14}},"9":{"start":{"line":22,"column":26},"end":{"line":22,"column":47}},"10":{"start":{"line":24,"column":12},"end":{"line":30,"column":null}},"11":{"start":{"line":25,"column":16},"end":{"line":25,"column":null}},"12":{"start":{"line":26,"column":16},"end":{"line":26,"column":null}},"13":{"start":{"line":28,"column":16},"end":{"line":28,"column":null}},"14":{"start":{"line":30,"column":16},"end":{"line":30,"column":null}},"15":{"start":{"line":33,"column":12},"end":{"line":33,"column":null}},"16":{"start":{"line":37,"column":4},"end":{"line":73,"column":null}},"17":{"start":{"line":53,"column":45},"end":{"line":53,"column":69}},"18":{"start":{"line":64,"column":45},"end":{"line":64,"column":69}}},"fnMap":{"0":{"name":"Login","decl":{"start":{"line":4,"column":24},"end":{"line":4,"column":32}},"loc":{"start":{"line":4,"column":32},"end":{"line":73,"column":null}},"line":4},"1":{"name":"(anonymous_1)","decl":{"start":{"line":11,"column":23},"end":{"line":11,"column":30}},"loc":{"start":{"line":11,"column":36},"end":{"line":33,"column":null}},"line":11},"2":{"name":"(anonymous_2)","decl":{"start":{"line":53,"column":28},"end":{"line":53,"column":39}},"loc":{"start":{"line":53,"column":45},"end":{"line":53,"column":69}},"line":53},"3":{"name":"(anonymous_3)","decl":{"start":{"line":64,"column":28},"end":{"line":64,"column":39}},"loc":{"start":{"line":64,"column":45},"end":{"line":64,"column":69}},"line":64}},"branchMap":{"0":{"loc":{"start":{"line":24,"column":12},"end":{"line":30,"column":null}},"type":"if","locations":[{"start":{"line":24,"column":12},"end":{"line":30,"column":null}},{"start":{"line":29,"column":19},"end":{"line":30,"column":null}}],"line":24},"1":{"loc":{"start":{"line":30,"column":24},"end":{"line":30,"column":65}},"type":"binary-expr","locations":[{"start":{"line":30,"column":24},"end":{"line":30,"column":42}},{"start":{"line":30,"column":42},"end":{"line":30,"column":65}}],"line":30},"2":{"loc":{"start":{"line":43,"column":17},"end":{"line":43,"column":null}},"type":"binary-expr","locations":[{"start":{"line":43,"column":17},"end":{"line":43,"column":25}},{"start":{"line":43,"column":25},"end":{"line":43,"column":null}}],"line":43}},"s":{"0":15,"1":15,"2":15,"3":15,"4":15,"5":3,"6":3,"7":3,"8":3,"9":2,"10":2,"11":1,"12":1,"13":1,"14":1,"15":1,"16":15,"17":3,"18":3},"f":{"0":15,"1":3,"2":3,"3":3},"b":{"0":[1,1],"1":[1,0],"2":[15,2]},"meta":{"lastBranch":3,"lastFunction":4,"lastStatement":19,"seen":{"f:4:24:4:32":0,"s:5:18:5:42":0,"s:6:18:6:42":1,"s:7:17:7:40":2,"s:9:10:9:34":3,"s:11:23:33:Infinity":4,"f:11:23:11:30":1,"s:12:8:12:Infinity":5,"s:13:8:13:Infinity":6,"s:15:8:33:Infinity":7,"s:16:29:20:14":8,"s:22:26:22:47":9,"b:24:12:30:Infinity:29:19:30:Infinity":0,"s:24:12:30:Infinity":10,"s:25:16:25:Infinity":11,"s:26:16:26:Infinity":12,"s:28:16:28:Infinity":13,"s:30:16:30:Infinity":14,"b:30:24:30:42:30:42:30:65":1,"s:33:12:33:Infinity":15,"s:37:4:73:Infinity":16,"b:43:17:43:25:43:25:43:Infinity":2,"f:53:28:53:39":2,"s:53:45:53:69":17,"f:64:28:64:39":3,"s:64:45:64:69":18},"fnNames":{}}}
,"/home/christian-sperb/Documents/projects/unyleya/3P-1-frontend/frontend/src/pages/Pdv.jsx": {"path":"/home/christian-sperb/Documents/projects/unyleya/3P-1-frontend/frontend/src/pages/Pdv.jsx","statementMap":{"0":{"start":{"line":5,"column":21},"end":{"line":5,"column":48}},"1":{"start":{"line":6,"column":27},"end":{"line":6,"column":65}},"2":{"start":{"line":7,"column":21},"end":{"line":7,"column":48}},"3":{"start":{"line":8,"column":23},"end":{"line":8,"column":54}},"4":{"start":{"line":11,"column":20},"end":{"line":11,"column":46}},"5":{"start":{"line":12,"column":24},"end":{"line":12,"column":57}},"6":{"start":{"line":15,"column":23},"end":{"line":15,"column":52}},"7":{"start":{"line":16,"column":22},"end":{"line":16,"column":53}},"8":{"start":{"line":17,"column":24},"end":{"line":17,"column":55}},"9":{"start":{"line":18,"column":25},"end":{"line":18,"column":58}},"10":{"start":{"line":19,"column":29},"end":{"line":19,"column":66}},"11":{"start":{"line":21,"column":24},"end":{"line":21,"column":54}},"12":{"start":{"line":22,"column":29},"end":{"line":22,"column":63}},"13":{"start":{"line":23,"column":33},"end":{"line":23,"column":72}},"14":{"start":{"line":24,"column":28},"end":{"line":24,"column":65}},"15":{"start":{"line":26,"column":10},"end":{"line":26,"column":34}},"16":{"start":{"line":29,"column":27},"end":{"line":50,"column":null}},"17":{"start":{"line":30,"column":8},"end":{"line":50,"column":null}},"18":{"start":{"line":31,"column":26},"end":{"line":31,"column":55}},"19":{"start":{"line":32,"column":12},"end":{"line":32,"column":null}},"20":{"start":{"line":32,"column":26},"end":{"line":32,"column":46}},"21":{"start":{"line":32,"column":46},"end":{"line":32,"column":null}},"22":{"start":{"line":34,"column":29},"end":{"line":36,"column":14}},"23":{"start":{"line":38,"column":12},"end":{"line":41,"column":null}},"24":{"start":{"line":39,"column":16},"end":{"line":39,"column":null}},"25":{"start":{"line":40,"column":16},"end":{"line":40,"column":null}},"26":{"start":{"line":41,"column":16},"end":{"line":41,"column":null}},"27":{"start":{"line":44,"column":26},"end":{"line":44,"column":47}},"28":{"start":{"line":45,"column":40},"end":{"line":45,"column":91}},"29":{"start":{"line":45,"column":58},"end":{"line":45,"column":91}},"30":{"start":{"line":46,"column":12},"end":{"line":46,"column":null}},"31":{"start":{"line":48,"column":12},"end":{"line":48,"column":null}},"32":{"start":{"line":50,"column":12},"end":{"line":50,"column":null}},"33":{"start":{"line":54,"column":4},"end":{"line":54,"column":null}},"34":{"start":{"line":54,"column":22},"end":{"line":54,"column":43}},"35":{"start":{"line":56,"column":23},"end":{"line":56,"column":76}},"36":{"start":{"line":56,"column":62},"end":{"line":56,"column":74}},"37":{"start":{"line":57,"column":30},"end":{"line":57,"column":122}},"38":{"start":{"line":57,"column":91},"end":{"line":57,"column":122}},"39":{"start":{"line":60,"column":10},"end":{"line":71,"column":null}},"40":{"start":{"line":61,"column":8},"end":{"line":71,"column":null}},"41":{"start":{"line":62,"column":34},"end":{"line":62,"column":84}},"42":{"start":{"line":62,"column":61},"end":{"line":62,"column":84}},"43":{"start":{"line":63,"column":12},"end":{"line":68,"column":null}},"44":{"start":{"line":64,"column":16},"end":{"line":66,"column":null}},"45":{"start":{"line":65,"column":20},"end":{"line":65,"column":null}},"46":{"start":{"line":66,"column":20},"end":{"line":66,"column":null}},"47":{"start":{"line":68,"column":16},"end":{"line":68,"column":null}},"48":{"start":{"line":68,"column":49},"end":{"line":68,"column":142}},"49":{"start":{"line":70,"column":12},"end":{"line":70,"column":null}},"50":{"start":{"line":74,"column":10},"end":{"line":74,"column":104}},"51":{"start":{"line":74,"column":45},"end":{"line":74,"column":104}},"52":{"start":{"line":74,"column":81},"end":{"line":74,"column":103}},"53":{"start":{"line":76,"column":29},"end":{"line":76,"column":113}},"54":{"start":{"line":76,"column":60},"end":{"line":76,"column":111}},"55":{"start":{"line":77,"column":23},"end":{"line":77,"column":null}},"56":{"start":{"line":80,"column":26},"end":{"line":125,"column":null}},"57":{"start":{"line":81,"column":8},"end":{"line":83,"column":null}},"58":{"start":{"line":82,"column":12},"end":{"line":82,"column":null}},"59":{"start":{"line":83,"column":12},"end":{"line":83,"column":null}},"60":{"start":{"line":86,"column":8},"end":{"line":86,"column":null}},"61":{"start":{"line":87,"column":8},"end":{"line":87,"column":null}},"62":{"start":{"line":89,"column":8},"end":{"line":125,"column":null}},"63":{"start":{"line":90,"column":26},"end":{"line":90,"column":55}},"64":{"start":{"line":93,"column":28},"end":{"line":104,"column":null}},"65":{"start":{"line":106,"column":29},"end":{"line":113,"column":14}},"66":{"start":{"line":115,"column":12},"end":{"line":119,"column":null}},"67":{"start":{"line":116,"column":30},"end":{"line":116,"column":51}},"68":{"start":{"line":117,"column":16},"end":{"line":117,"column":null}},"69":{"start":{"line":119,"column":16},"end":{"line":119,"column":null}},"70":{"start":{"line":122,"column":12},"end":{"line":122,"column":null}},"71":{"start":{"line":123,"column":12},"end":{"line":123,"column":null}},"72":{"start":{"line":125,"column":12},"end":{"line":125,"column":null}},"73":{"start":{"line":130,"column":27},"end":{"line":177,"column":null}},"74":{"start":{"line":131,"column":8},"end":{"line":131,"column":null}},"75":{"start":{"line":131,"column":35},"end":{"line":131,"column":null}},"76":{"start":{"line":132,"column":8},"end":{"line":132,"column":null}},"77":{"start":{"line":134,"column":23},"end":{"line":147,"column":null}},"78":{"start":{"line":136,"column":41},"end":{"line":139,"column":15}},"79":{"start":{"line":149,"column":8},"end":{"line":177,"column":null}},"80":{"start":{"line":150,"column":26},"end":{"line":150,"column":55}},"81":{"start":{"line":151,"column":29},"end":{"line":155,"column":14}},"82":{"start":{"line":157,"column":12},"end":{"line":171,"column":null}},"83":{"start":{"line":158,"column":16},"end":{"line":158,"column":null}},"84":{"start":{"line":161,"column":16},"end":{"line":161,"column":null}},"85":{"start":{"line":162,"column":16},"end":{"line":162,"column":null}},"86":{"start":{"line":163,"column":16},"end":{"line":163,"column":null}},"87":{"start":{"line":164,"column":16},"end":{"line":164,"column":null}},"88":{"start":{"line":165,"column":16},"end":{"line":165,"column":null}},"89":{"start":{"line":166,"column":16},"end":{"line":166,"column":null}},"90":{"start":{"line":168,"column":16},"end":{"line":168,"column":null}},"91":{"start":{"line":170,"column":29},"end":{"line":170,"column":50}},"92":{"start":{"line":171,"column":16},"end":{"line":171,"column":null}},"93":{"start":{"line":174,"column":12},"end":{"line":174,"column":null}},"94":{"start":{"line":175,"column":12},"end":{"line":175,"column":null}},"95":{"start":{"line":177,"column":12},"end":{"line":177,"column":null}},"96":{"start":{"line":181,"column":4},"end":{"line":317,"column":null}},"97":{"start":{"line":189,"column":24},"end":{"line":191,"column":null}},"98":{"start":{"line":189,"column":57},"end":{"line":189,"column":79}},"99":{"start":{"line":200,"column":28},"end":{"line":213,"column":null}},"100":{"start":{"line":209,"column":59},"end":{"line":209,"column":87}},"101":{"start":{"line":231,"column":32},"end":{"line":237,"column":null}},"102":{"start":{"line":236,"column":59},"end":{"line":236,"column":85}},"103":{"start":{"line":244,"column":80},"end":{"line":244,"column":106}},"104":{"start":{"line":252,"column":103},"end":{"line":252,"column":131}},"105":{"start":{"line":256,"column":94},"end":{"line":256,"column":124}},"106":{"start":{"line":260,"column":95},"end":{"line":260,"column":126}},"107":{"start":{"line":264,"column":99},"end":{"line":264,"column":134}},"108":{"start":{"line":269,"column":130},"end":{"line":269,"column":178}},"109":{"start":{"line":278,"column":65},"end":{"line":278,"column":113}},"110":{"start":{"line":279,"column":40},"end":{"line":293,"column":null}},"111":{"start":{"line":285,"column":52},"end":{"line":285,"column":null}},"112":{"start":{"line":286,"column":52},"end":{"line":286,"column":null}}},"fnMap":{"0":{"name":"Pdv","decl":{"start":{"line":4,"column":24},"end":{"line":4,"column":30}},"loc":{"start":{"line":4,"column":30},"end":{"line":317,"column":null}},"line":4},"1":{"name":"(anonymous_1)","decl":{"start":{"line":29,"column":27},"end":{"line":29,"column":39}},"loc":{"start":{"line":29,"column":39},"end":{"line":50,"column":null}},"line":29},"2":{"name":"(anonymous_2)","decl":{"start":{"line":45,"column":46},"end":{"line":45,"column":53}},"loc":{"start":{"line":45,"column":58},"end":{"line":45,"column":91}},"line":45},"3":{"name":"(anonymous_3)","decl":{"start":{"line":54,"column":4},"end":{"line":54,"column":20}},"loc":{"start":{"line":54,"column":20},"end":{"line":54,"column":45}},"line":54},"4":{"name":"(anonymous_4)","decl":{"start":{"line":56,"column":53},"end":{"line":56,"column":57}},"loc":{"start":{"line":56,"column":62},"end":{"line":56,"column":74}},"line":56},"5":{"name":"(anonymous_5)","decl":{"start":{"line":57,"column":79},"end":{"line":57,"column":86}},"loc":{"start":{"line":57,"column":91},"end":{"line":57,"column":122}},"line":57},"6":{"name":"(anonymous_6)","decl":{"start":{"line":60,"column":10},"end":{"line":60,"column":33}},"loc":{"start":{"line":60,"column":45},"end":{"line":71,"column":null}},"line":60},"7":{"name":"(anonymous_7)","decl":{"start":{"line":61,"column":8},"end":{"line":61,"column":21}},"loc":{"start":{"line":61,"column":39},"end":{"line":71,"column":null}},"line":61},"8":{"name":"(anonymous_8)","decl":{"start":{"line":62,"column":48},"end":{"line":62,"column":53}},"loc":{"start":{"line":62,"column":61},"end":{"line":62,"column":84}},"line":62},"9":{"name":"(anonymous_9)","decl":{"start":{"line":68,"column":37},"end":{"line":68,"column":41}},"loc":{"start":{"line":68,"column":49},"end":{"line":68,"column":142}},"line":68},"10":{"name":"(anonymous_10)","decl":{"start":{"line":74,"column":10},"end":{"line":74,"column":31}},"loc":{"start":{"line":74,"column":45},"end":{"line":74,"column":104}},"line":74},"11":{"name":"(anonymous_11)","decl":{"start":{"line":74,"column":66},"end":{"line":74,"column":73}},"loc":{"start":{"line":74,"column":81},"end":{"line":74,"column":103}},"line":74},"12":{"name":"(anonymous_12)","decl":{"start":{"line":76,"column":38},"end":{"line":76,"column":46}},"loc":{"start":{"line":76,"column":60},"end":{"line":76,"column":111}},"line":76},"13":{"name":"(anonymous_13)","decl":{"start":{"line":80,"column":26},"end":{"line":80,"column":38}},"loc":{"start":{"line":80,"column":38},"end":{"line":125,"column":null}},"line":80},"14":{"name":"(anonymous_14)","decl":{"start":{"line":130,"column":27},"end":{"line":130,"column":39}},"loc":{"start":{"line":130,"column":39},"end":{"line":177,"column":null}},"line":130},"15":{"name":"(anonymous_15)","decl":{"start":{"line":136,"column":28},"end":{"line":136,"column":32}},"loc":{"start":{"line":136,"column":41},"end":{"line":139,"column":15}},"line":136},"16":{"name":"(anonymous_16)","decl":{"start":{"line":188,"column":32},"end":{"line":188,"column":36}},"loc":{"start":{"line":189,"column":24},"end":{"line":191,"column":null}},"line":189},"17":{"name":"(anonymous_17)","decl":{"start":{"line":189,"column":42},"end":{"line":189,"column":57}},"loc":{"start":{"line":189,"column":57},"end":{"line":189,"column":79}},"line":189},"18":{"name":"(anonymous_18)","decl":{"start":{"line":199,"column":43},"end":{"line":199,"column":47}},"loc":{"start":{"line":200,"column":28},"end":{"line":213,"column":null}},"line":200},"19":{"name":"(anonymous_19)","decl":{"start":{"line":209,"column":44},"end":{"line":209,"column":59}},"loc":{"start":{"line":209,"column":59},"end":{"line":209,"column":87}},"line":209},"20":{"name":"(anonymous_20)","decl":{"start":{"line":230,"column":38},"end":{"line":230,"column":42}},"loc":{"start":{"line":231,"column":32},"end":{"line":237,"column":null}},"line":231},"21":{"name":"(anonymous_21)","decl":{"start":{"line":236,"column":44},"end":{"line":236,"column":59}},"loc":{"start":{"line":236,"column":59},"end":{"line":236,"column":85}},"line":236},"22":{"name":"(anonymous_22)","decl":{"start":{"line":244,"column":63},"end":{"line":244,"column":74}},"loc":{"start":{"line":244,"column":80},"end":{"line":244,"column":106}},"line":244},"23":{"name":"(anonymous_23)","decl":{"start":{"line":252,"column":86},"end":{"line":252,"column":97}},"loc":{"start":{"line":252,"column":103},"end":{"line":252,"column":131}},"line":252},"24":{"name":"(anonymous_24)","decl":{"start":{"line":256,"column":77},"end":{"line":256,"column":88}},"loc":{"start":{"line":256,"column":94},"end":{"line":256,"column":124}},"line":256},"25":{"name":"(anonymous_25)","decl":{"start":{"line":260,"column":78},"end":{"line":260,"column":89}},"loc":{"start":{"line":260,"column":95},"end":{"line":260,"column":126}},"line":260},"26":{"name":"(anonymous_26)","decl":{"start":{"line":264,"column":82},"end":{"line":264,"column":93}},"loc":{"start":{"line":264,"column":99},"end":{"line":264,"column":134}},"line":264},"27":{"name":"(anonymous_27)","decl":{"start":{"line":269,"column":113},"end":{"line":269,"column":124}},"loc":{"start":{"line":269,"column":130},"end":{"line":269,"column":178}},"line":269},"28":{"name":"(anonymous_28)","decl":{"start":{"line":278,"column":49},"end":{"line":278,"column":56}},"loc":{"start":{"line":278,"column":65},"end":{"line":278,"column":113}},"line":278},"29":{"name":"(anonymous_29)","decl":{"start":{"line":278,"column":114},"end":{"line":278,"column":119}},"loc":{"start":{"line":279,"column":40},"end":{"line":293,"column":null}},"line":279},"30":{"name":"(anonymous_30)","decl":{"start":{"line":284,"column":48},"end":{"line":284,"column":64}},"loc":{"start":{"line":284,"column":64},"end":{"line":286,"column":null}},"line":284}},"branchMap":{"0":{"loc":{"start":{"line":32,"column":12},"end":{"line":32,"column":null}},"type":"if","locations":[{"start":{"line":32,"column":12},"end":{"line":32,"column":null}},{"start":{},"end":{}}],"line":32},"1":{"loc":{"start":{"line":38,"column":12},"end":{"line":41,"column":null}},"type":"if","locations":[{"start":{"line":38,"column":12},"end":{"line":41,"column":null}},{"start":{},"end":{}}],"line":38},"2":{"loc":{"start":{"line":38,"column":16},"end":{"line":38,"column":68}},"type":"binary-expr","locations":[{"start":{"line":38,"column":16},"end":{"line":38,"column":43}},{"start":{"line":38,"column":43},"end":{"line":38,"column":68}}],"line":38},"3":{"loc":{"start":{"line":45,"column":58},"end":{"line":45,"column":91}},"type":"binary-expr","locations":[{"start":{"line":45,"column":58},"end":{"line":45,"column":74}},{"start":{"line":45,"column":74},"end":{"line":45,"column":91}}],"line":45},"4":{"loc":{"start":{"line":57,"column":30},"end":{"line":57,"column":122}},"type":"cond-expr","locations":[{"start":{"line":57,"column":59},"end":{"line":57,"column":70}},{"start":{"line":57,"column":70},"end":{"line":57,"column":122}}],"line":57},"5":{"loc":{"start":{"line":63,"column":12},"end":{"line":68,"column":null}},"type":"if","locations":[{"start":{"line":63,"column":12},"end":{"line":68,"column":null}},{"start":{},"end":{}}],"line":63},"6":{"loc":{"start":{"line":64,"column":16},"end":{"line":66,"column":null}},"type":"if","locations":[{"start":{"line":64,"column":16},"end":{"line":66,"column":null}},{"start":{},"end":{}}],"line":64},"7":{"loc":{"start":{"line":68,"column":49},"end":{"line":68,"column":142}},"type":"cond-expr","locations":[{"start":{"line":68,"column":74},"end":{"line":68,"column":137}},{"start":{"line":68,"column":137},"end":{"line":68,"column":142}}],"line":68},"8":{"loc":{"start":{"line":81,"column":8},"end":{"line":83,"column":null}},"type":"if","locations":[{"start":{"line":81,"column":8},"end":{"line":83,"column":null}},{"start":{},"end":{}}],"line":81},"9":{"loc":{"start":{"line":99,"column":28},"end":{"line":99,"column":null}},"type":"binary-expr","locations":[{"start":{"line":99,"column":28},"end":{"line":99,"column":49}},{"start":{"line":99,"column":53},"end":{"line":99,"column":null}}],"line":99},"10":{"loc":{"start":{"line":100,"column":28},"end":{"line":100,"column":null}},"type":"binary-expr","locations":[{"start":{"line":100,"column":28},"end":{"line":100,"column":51}},{"start":{"line":100,"column":55},"end":{"line":100,"column":null}}],"line":100},"11":{"loc":{"start":{"line":101,"column":27},"end":{"line":101,"column":null}},"type":"binary-expr","locations":[{"start":{"line":101,"column":27},"end":{"line":101,"column":51}},{"start":{"line":101,"column":55},"end":{"line":101,"column":null}}],"line":101},"12":{"loc":{"start":{"line":102,"column":28},"end":{"line":102,"column":null}},"type":"binary-expr","locations":[{"start":{"line":102,"column":28},"end":{"line":102,"column":56}},{"start":{"line":102,"column":60},"end":{"line":102,"column":null}}],"line":102},"13":{"loc":{"start":{"line":115,"column":12},"end":{"line":119,"column":null}},"type":"if","locations":[{"start":{"line":115,"column":12},"end":{"line":119,"column":null}},{"start":{"line":118,"column":19},"end":{"line":119,"column":null}}],"line":115},"14":{"loc":{"start":{"line":131,"column":8},"end":{"line":131,"column":null}},"type":"if","locations":[{"start":{"line":131,"column":8},"end":{"line":131,"column":null}},{"start":{},"end":{}}],"line":131},"15":{"loc":{"start":{"line":135,"column":21},"end":{"line":135,"column":null}},"type":"cond-expr","locations":[{"start":{"line":135,"column":45},"end":{"line":135,"column":55}},{"start":{"line":135,"column":55},"end":{"line":135,"column":null}}],"line":135},"16":{"loc":{"start":{"line":141,"column":21},"end":{"line":141,"column":null}},"type":"cond-expr","locations":[{"start":{"line":141,"column":41},"end":{"line":141,"column":54}},{"start":{"line":141,"column":54},"end":{"line":141,"column":null}}],"line":141},"17":{"loc":{"start":{"line":142,"column":28},"end":{"line":142,"column":null}},"type":"cond-expr","locations":[{"start":{"line":142,"column":48},"end":{"line":142,"column":73}},{"start":{"line":142,"column":73},"end":{"line":142,"column":null}}],"line":142},"18":{"loc":{"start":{"line":143,"column":24},"end":{"line":143,"column":null}},"type":"cond-expr","locations":[{"start":{"line":143,"column":44},"end":{"line":143,"column":60}},{"start":{"line":143,"column":60},"end":{"line":143,"column":null}}],"line":143},"19":{"loc":{"start":{"line":144,"column":24},"end":{"line":144,"column":null}},"type":"cond-expr","locations":[{"start":{"line":144,"column":44},"end":{"line":144,"column":51}},{"start":{"line":144,"column":51},"end":{"line":144,"column":null}}],"line":144},"20":{"loc":{"start":{"line":157,"column":12},"end":{"line":171,"column":null}},"type":"if","locations":[{"start":{"line":157,"column":12},"end":{"line":171,"column":null}},{"start":{"line":169,"column":19},"end":{"line":171,"column":null}}],"line":157},"21":{"loc":{"start":{"line":171,"column":31},"end":{"line":171,"column":93}},"type":"binary-expr","locations":[{"start":{"line":171,"column":31},"end":{"line":171,"column":48}},{"start":{"line":171,"column":48},"end":{"line":171,"column":61}},{"start":{"line":171,"column":61},"end":{"line":171,"column":93}}],"line":171},"22":{"loc":{"start":{"line":189,"column":234},"end":{"line":189,"column":282}},"type":"cond-expr","locations":[{"start":{"line":189,"column":259},"end":{"line":189,"column":271}},{"start":{"line":189,"column":271},"end":{"line":189,"column":282}}],"line":189},"23":{"loc":{"start":{"line":189,"column":289},"end":{"line":189,"column":334}},"type":"cond-expr","locations":[{"start":{"line":189,"column":314},"end":{"line":189,"column":323}},{"start":{"line":189,"column":323},"end":{"line":189,"column":334}}],"line":189},"24":{"loc":{"start":{"line":195,"column":17},"end":{"line":215,"column":null}},"type":"cond-expr","locations":[{"start":{"line":196,"column":20},"end":{"line":198,"column":21}},{"start":{"line":198,"column":20},"end":{"line":215,"column":null}}],"line":195},"25":{"loc":{"start":{"line":200,"column":38},"end":{"line":200,"column":65}},"type":"binary-expr","locations":[{"start":{"line":200,"column":38},"end":{"line":200,"column":53}},{"start":{"line":200,"column":53},"end":{"line":200,"column":65}}],"line":200},"26":{"loc":{"start":{"line":225,"column":17},"end":{"line":317,"column":null}},"type":"cond-expr","locations":[{"start":{"line":226,"column":20},"end":{"line":228,"column":null}},{"start":{"line":228,"column":20},"end":{"line":317,"column":null}}],"line":225},"27":{"loc":{"start":{"line":270,"column":74},"end":{"line":270,"column":118}},"type":"binary-expr","locations":[{"start":{"line":270,"column":74},"end":{"line":270,"column":93}},{"start":{"line":270,"column":93},"end":{"line":270,"column":118}}],"line":270},"28":{"loc":{"start":{"line":270,"column":237},"end":{"line":270,"column":310}},"type":"cond-expr","locations":[{"start":{"line":270,"column":283},"end":{"line":270,"column":299}},{"start":{"line":270,"column":299},"end":{"line":270,"column":310}}],"line":270},"29":{"loc":{"start":{"line":270,"column":237},"end":{"line":270,"column":283}},"type":"binary-expr","locations":[{"start":{"line":270,"column":237},"end":{"line":270,"column":256}},{"start":{"line":270,"column":256},"end":{"line":270,"column":283}}],"line":270},"30":{"loc":{"start":{"line":271,"column":37},"end":{"line":271,"column":null}},"type":"cond-expr","locations":[{"start":{"line":271,"column":55},"end":{"line":271,"column":61}},{"start":{"line":271,"column":61},"end":{"line":271,"column":null}}],"line":271},"31":{"loc":{"start":{"line":276,"column":29},"end":{"line":295,"column":null}},"type":"binary-expr","locations":[{"start":{"line":276,"column":29},"end":{"line":276,"column":null}},{"start":{"line":277,"column":32},"end":{"line":295,"column":null}}],"line":276},"32":{"loc":{"start":{"line":278,"column":65},"end":{"line":278,"column":113}},"type":"binary-expr","locations":[{"start":{"line":278,"column":65},"end":{"line":278,"column":81}},{"start":{"line":278,"column":81},"end":{"line":278,"column":101}},{"start":{"line":278,"column":101},"end":{"line":278,"column":113}}],"line":278},"33":{"loc":{"start":{"line":306,"column":46},"end":{"line":306,"column":79}},"type":"binary-expr","locations":[{"start":{"line":306,"column":46},"end":{"line":306,"column":70}},{"start":{"line":306,"column":70},"end":{"line":306,"column":79}}],"line":306},"34":{"loc":{"start":{"line":313,"column":142},"end":{"line":313,"column":179}},"type":"cond-expr","locations":[{"start":{"line":313,"column":156},"end":{"line":313,"column":168}},{"start":{"line":313,"column":168},"end":{"line":313,"column":179}}],"line":313},"35":{"loc":{"start":{"line":313,"column":279},"end":{"line":313,"column":320}},"type":"cond-expr","locations":[{"start":{"line":313,"column":293},"end":{"line":313,"column":309}},{"start":{"line":313,"column":309},"end":{"line":313,"column":320}}],"line":313},"36":{"loc":{"start":{"line":314,"column":33},"end":{"line":314,"column":null}},"type":"cond-expr","locations":[{"start":{"line":314,"column":47},"end":{"line":314,"column":66}},{"start":{"line":314,"column":66},"end":{"line":314,"column":null}}],"line":314}},"s":{"0":36,"1":36,"2":36,"3":36,"4":36,"5":36,"6":36,"7":36,"8":36,"9":36,"10":36,"11":36,"12":36,"13":36,"14":36,"15":36,"16":36,"17":9,"18":9,"19":9,"20":0,"21":0,"22":9,"23":9,"24":0,"25":0,"26":0,"27":9,"28":9,"29":18,"30":9,"31":0,"32":9,"33":36,"34":8,"35":36,"36":56,"37":36,"38":2,"39":36,"40":11,"41":11,"42":5,"43":11,"44":5,"45":1,"46":1,"47":4,"48":4,"49":6,"50":36,"51":1,"52":1,"53":36,"54":17,"55":36,"56":36,"57":1,"58":0,"59":0,"60":1,"61":1,"62":1,"63":1,"64":1,"65":1,"66":1,"67":1,"68":1,"69":0,"70":0,"71":0,"72":1,"73":36,"74":2,"75":0,"76":2,"77":2,"78":2,"79":2,"80":2,"81":2,"82":2,"83":1,"84":1,"85":1,"86":1,"87":1,"88":1,"89":1,"90":1,"91":1,"92":1,"93":0,"94":0,"95":2,"96":36,"97":92,"98":1,"99":55,"100":11,"101":17,"102":1,"103":0,"104":0,"105":0,"106":0,"107":0,"108":1,"109":1,"110":1,"111":0,"112":0},"f":{"0":36,"1":9,"2":18,"3":8,"4":56,"5":2,"6":11,"7":11,"8":5,"9":4,"10":1,"11":1,"12":17,"13":1,"14":2,"15":2,"16":92,"17":1,"18":55,"19":11,"20":17,"21":1,"22":0,"23":0,"24":0,"25":0,"26":0,"27":1,"28":1,"29":1,"30":0},"b":{"0":[0,9],"1":[0,9],"2":[9,9],"3":[18,18],"4":[35,1],"5":[5,6],"6":[1,4],"7":[4,0],"8":[0,1],"9":[1,0],"10":[1,0],"11":[1,0],"12":[1,0],"13":[1,0],"14":[0,2],"15":[0,2],"16":[0,2],"17":[0,2],"18":[0,2],"19":[0,2],"20":[1,1],"21":[1,1,0],"22":[36,56],"23":[36,56],"24":[8,28],"25":[55,55],"26":[19,17],"27":[17,16],"28":[15,2],"29":[17,16],"30":[1,16],"31":[17,1],"32":[1,1,1],"33":[17,17],"34":[2,15],"35":[2,15],"36":[2,15]},"meta":{"lastBranch":37,"lastFunction":31,"lastStatement":113,"seen":{"f:4:24:4:30":0,"s:5:21:5:48":0,"s:6:27:6:65":1,"s:7:21:7:48":2,"s:8:23:8:54":3,"s:11:20:11:46":4,"s:12:24:12:57":5,"s:15:23:15:52":6,"s:16:22:16:53":7,"s:17:24:17:55":8,"s:18:25:18:58":9,"s:19:29:19:66":10,"s:21:24:21:54":11,"s:22:29:22:63":12,"s:23:33:23:72":13,"s:24:28:24:65":14,"s:26:10:26:34":15,"s:29:27:50:Infinity":16,"f:29:27:29:39":1,"s:30:8:50:Infinity":17,"s:31:26:31:55":18,"b:32:12:32:Infinity:undefined:undefined:undefined:undefined":0,"s:32:12:32:Infinity":19,"s:32:26:32:46":20,"s:32:46:32:Infinity":21,"s:34:29:36:14":22,"b:38:12:41:Infinity:undefined:undefined:undefined:undefined":1,"s:38:12:41:Infinity":23,"b:38:16:38:43:38:43:38:68":2,"s:39:16:39:Infinity":24,"s:40:16:40:Infinity":25,"s:41:16:41:Infinity":26,"s:44:26:44:47":27,"s:45:40:45:91":28,"f:45:46:45:53":2,"s:45:58:45:91":29,"b:45:58:45:74:45:74:45:91":3,"s:46:12:46:Infinity":30,"s:48:12:48:Infinity":31,"s:50:12:50:Infinity":32,"s:54:4:54:Infinity":33,"f:54:4:54:20":3,"s:54:22:54:43":34,"s:56:23:56:76":35,"f:56:53:56:57":4,"s:56:62:56:74":36,"s:57:30:57:122":37,"b:57:59:57:70:57:70:57:122":4,"f:57:79:57:86":5,"s:57:91:57:122":38,"s:60:10:71:Infinity":39,"f:60:10:60:33":6,"s:61:8:71:Infinity":40,"f:61:8:61:21":7,"s:62:34:62:84":41,"f:62:48:62:53":8,"s:62:61:62:84":42,"b:63:12:68:Infinity:undefined:undefined:undefined:undefined":5,"s:63:12:68:Infinity":43,"b:64:16:66:Infinity:undefined:undefined:undefined:undefined":6,"s:64:16:66:Infinity":44,"s:65:20:65:Infinity":45,"s:66:20:66:Infinity":46,"s:68:16:68:Infinity":47,"f:68:37:68:41":9,"s:68:49:68:142":48,"b:68:74:68:137:68:137:68:142":7,"s:70:12:70:Infinity":49,"s:74:10:74:104":50,"f:74:10:74:31":10,"s:74:45:74:104":51,"f:74:66:74:73":11,"s:74:81:74:103":52,"s:76:29:76:113":53,"f:76:38:76:46":12,"s:76:60:76:111":54,"s:77:23:77:Infinity":55,"s:80:26:125:Infinity":56,"f:80:26:80:38":13,"b:81:8:83:Infinity:undefined:undefined:undefined:undefined":8,"s:81:8:83:Infinity":57,"s:82:12:82:Infinity":58,"s:83:12:83:Infinity":59,"s:86:8:86:Infinity":60,"s:87:8:87:Infinity":61,"s:89:8:125:Infinity":62,"s:90:26:90:55":63,"s:93:28:104:Infinity":64,"b:99:28:99:49:99:53:99:Infinity":9,"b:100:28:100:51:100:55:100:Infinity":10,"b:101:27:101:51:101:55:101:Infinity":11,"b:102:28:102:56:102:60:102:Infinity":12,"s:106:29:113:14":65,"b:115:12:119:Infinity:118:19:119:Infinity":13,"s:115:12:119:Infinity":66,"s:116:30:116:51":67,"s:117:16:117:Infinity":68,"s:119:16:119:Infinity":69,"s:122:12:122:Infinity":70,"s:123:12:123:Infinity":71,"s:125:12:125:Infinity":72,"s:130:27:177:Infinity":73,"f:130:27:130:39":14,"b:131:8:131:Infinity:undefined:undefined:undefined:undefined":14,"s:131:8:131:Infinity":74,"s:131:35:131:Infinity":75,"s:132:8:132:Infinity":76,"s:134:23:147:Infinity":77,"b:135:45:135:55:135:55:135:Infinity":15,"f:136:28:136:32":15,"s:136:41:139:15":78,"b:141:41:141:54:141:54:141:Infinity":16,"b:142:48:142:73:142:73:142:Infinity":17,"b:143:44:143:60:143:60:143:Infinity":18,"b:144:44:144:51:144:51:144:Infinity":19,"s:149:8:177:Infinity":79,"s:150:26:150:55":80,"s:151:29:155:14":81,"b:157:12:171:Infinity:169:19:171:Infinity":20,"s:157:12:171:Infinity":82,"s:158:16:158:Infinity":83,"s:161:16:161:Infinity":84,"s:162:16:162:Infinity":85,"s:163:16:163:Infinity":86,"s:164:16:164:Infinity":87,"s:165:16:165:Infinity":88,"s:166:16:166:Infinity":89,"s:168:16:168:Infinity":90,"s:170:29:170:50":91,"s:171:16:171:Infinity":92,"b:171:31:171:48:171:48:171:61:171:61:171:93":21,"s:174:12:174:Infinity":93,"s:175:12:175:Infinity":94,"s:177:12:177:Infinity":95,"s:181:4:317:Infinity":96,"f:188:32:188:36":16,"s:189:24:191:Infinity":97,"f:189:42:189:57":17,"s:189:57:189:79":98,"b:189:259:189:271:189:271:189:282":22,"b:189:314:189:323:189:323:189:334":23,"b:196:20:198:21:198:20:215:Infinity":24,"f:199:43:199:47":18,"s:200:28:213:Infinity":99,"f:209:44:209:59":19,"s:209:59:209:87":100,"b:200:38:200:53:200:53:200:65":25,"b:226:20:228:Infinity:228:20:317:Infinity":26,"f:230:38:230:42":20,"s:231:32:237:Infinity":101,"f:236:44:236:59":21,"s:236:59:236:85":102,"f:244:63:244:74":22,"s:244:80:244:106":103,"f:252:86:252:97":23,"s:252:103:252:131":104,"f:256:77:256:88":24,"s:256:94:256:124":105,"f:260:78:260:89":25,"s:260:95:260:126":106,"f:264:82:264:93":26,"s:264:99:264:134":107,"f:269:113:269:124":27,"s:269:130:269:178":108,"b:270:74:270:93:270:93:270:118":27,"b:270:283:270:299:270:299:270:310":28,"b:270:237:270:256:270:256:270:283":29,"b:271:55:271:61:271:61:271:Infinity":30,"b:276:29:276:Infinity:277:32:295:Infinity":31,"f:278:49:278:56":28,"s:278:65:278:113":109,"b:278:65:278:81:278:81:278:101:278:101:278:113":32,"f:278:114:278:119":29,"s:279:40:293:Infinity":110,"f:284:48:284:64":30,"s:285:52:285:Infinity":111,"s:286:52:286:Infinity":112,"b:306:46:306:70:306:70:306:79":33,"b:313:156:313:168:313:168:313:179":34,"b:313:293:313:309:313:309:313:320":35,"b:314:47:314:66:314:66:314:Infinity":36},"fnNames":{}}}
,"/home/christian-sperb/Documents/projects/unyleya/3P-1-frontend/frontend/src/pages/Relatorios.jsx": {"path":"/home/christian-sperb/Documents/projects/unyleya/3P-1-frontend/frontend/src/pages/Relatorios.jsx","statementMap":{"0":{"start":{"line":6,"column":17},"end":{"line":6,"column":39}},"1":{"start":{"line":7,"column":25},"end":{"line":7,"column":55}},"2":{"start":{"line":8,"column":23},"end":{"line":8,"column":54}},"3":{"start":{"line":9,"column":25},"end":{"line":9,"column":56}},"4":{"start":{"line":10,"column":28},"end":{"line":10,"column":64}},"5":{"start":{"line":12,"column":10},"end":{"line":12,"column":34}},"6":{"start":{"line":14,"column":4},"end":{"line":55,"column":null}},"7":{"start":{"line":15,"column":37},"end":{"line":50,"column":null}},"8":{"start":{"line":16,"column":12},"end":{"line":16,"column":null}},"9":{"start":{"line":17,"column":12},"end":{"line":50,"column":null}},"10":{"start":{"line":18,"column":30},"end":{"line":18,"column":59}},"11":{"start":{"line":19,"column":16},"end":{"line":19,"column":null}},"12":{"start":{"line":19,"column":30},"end":{"line":19,"column":50}},"13":{"start":{"line":19,"column":50},"end":{"line":19,"column":null}},"14":{"start":{"line":21,"column":32},"end":{"line":21,"column":70}},"15":{"start":{"line":23,"column":50},"end":{"line":26,"column":18}},"16":{"start":{"line":28,"column":16},"end":{"line":45,"column":null}},"17":{"start":{"line":29,"column":37},"end":{"line":29,"column":61}},"18":{"start":{"line":30,"column":36},"end":{"line":30,"column":59}},"19":{"start":{"line":32,"column":44},"end":{"line":32,"column":113}},"20":{"start":{"line":32,"column":72},"end":{"line":32,"column":111}},"21":{"start":{"line":33,"column":20},"end":{"line":33,"column":null}},"22":{"start":{"line":35,"column":39},"end":{"line":35,"column":49}},"23":{"start":{"line":36,"column":20},"end":{"line":36,"column":null}},"24":{"start":{"line":38,"column":45},"end":{"line":41,"column":null}},"25":{"start":{"line":39,"column":43},"end":{"line":39,"column":69}},"26":{"start":{"line":40,"column":24},"end":{"line":40,"column":null}},"27":{"start":{"line":43,"column":45},"end":{"line":43,"column":123}},"28":{"start":{"line":43,"column":77},"end":{"line":43,"column":122}},"29":{"start":{"line":45,"column":20},"end":{"line":45,"column":null}},"30":{"start":{"line":48,"column":16},"end":{"line":48,"column":null}},"31":{"start":{"line":50,"column":16},"end":{"line":50,"column":null}},"32":{"start":{"line":54,"column":8},"end":{"line":54,"column":null}},"33":{"start":{"line":57,"column":34},"end":{"line":77,"column":null}},"34":{"start":{"line":58,"column":8},"end":{"line":77,"column":null}},"35":{"start":{"line":59,"column":26},"end":{"line":59,"column":55}},"36":{"start":{"line":60,"column":29},"end":{"line":64,"column":14}},"37":{"start":{"line":66,"column":12},"end":{"line":73,"column":null}},"38":{"start":{"line":67,"column":16},"end":{"line":71,"column":null}},"39":{"start":{"line":68,"column":20},"end":{"line":69,"column":null}},"40":{"start":{"line":69,"column":24},"end":{"line":69,"column":null}},"41":{"start":{"line":73,"column":16},"end":{"line":73,"column":null}},"42":{"start":{"line":76,"column":12},"end":{"line":76,"column":null}},"43":{"start":{"line":77,"column":12},"end":{"line":77,"column":null}},"44":{"start":{"line":81,"column":10},"end":{"line":82,"column":null}},"45":{"start":{"line":82,"column":8},"end":{"line":82,"column":null}},"46":{"start":{"line":85,"column":10},"end":{"line":85,"column":null}},"47":{"start":{"line":85,"column":33},"end":{"line":85,"column":null}},"48":{"start":{"line":85,"column":47},"end":{"line":85,"column":null}},"49":{"start":{"line":86,"column":10},"end":{"line":86,"column":null}},"50":{"start":{"line":86,"column":33},"end":{"line":86,"column":null}},"51":{"start":{"line":88,"column":10},"end":{"line":91,"column":null}},"52":{"start":{"line":89,"column":8},"end":{"line":89,"column":null}},"53":{"start":{"line":89,"column":25},"end":{"line":89,"column":null}},"54":{"start":{"line":90,"column":21},"end":{"line":90,"column":41}},"55":{"start":{"line":91,"column":8},"end":{"line":91,"column":null}},"56":{"start":{"line":94,"column":10},"end":{"line":101,"column":null}},"57":{"start":{"line":95,"column":8},"end":{"line":101,"column":null}},"58":{"start":{"line":96,"column":29},"end":{"line":96,"column":null}},"59":{"start":{"line":97,"column":28},"end":{"line":97,"column":null}},"60":{"start":{"line":98,"column":29},"end":{"line":98,"column":null}},"61":{"start":{"line":99,"column":30},"end":{"line":99,"column":null}},"62":{"start":{"line":101,"column":21},"end":{"line":101,"column":null}},"63":{"start":{"line":106,"column":27},"end":{"line":106,"column":87}},"64":{"start":{"line":106,"column":57},"end":{"line":106,"column":87}},"65":{"start":{"line":107,"column":30},"end":{"line":107,"column":null}},"66":{"start":{"line":108,"column":31},"end":{"line":108,"column":87}},"67":{"start":{"line":108,"column":65},"end":{"line":108,"column":85}},"68":{"start":{"line":110,"column":4},"end":{"line":233,"column":null}},"69":{"start":{"line":158,"column":51},"end":{"line":158,"column":93}},"70":{"start":{"line":159,"column":56},"end":{"line":159,"column":null}},"71":{"start":{"line":161,"column":36},"end":{"line":225,"column":null}},"72":{"start":{"line":178,"column":75},"end":{"line":178,"column":103}},"73":{"start":{"line":188,"column":73},"end":{"line":188,"column":122}},"74":{"start":{"line":207,"column":68},"end":{"line":210,"column":null}}},"fnMap":{"0":{"name":"Relatorios","decl":{"start":{"line":5,"column":24},"end":{"line":5,"column":37}},"loc":{"start":{"line":5,"column":37},"end":{"line":233,"column":null}},"line":5},"1":{"name":"(anonymous_1)","decl":{"start":{"line":14,"column":4},"end":{"line":14,"column":20}},"loc":{"start":{"line":14,"column":20},"end":{"line":55,"column":8}},"line":14},"2":{"name":"(anonymous_2)","decl":{"start":{"line":15,"column":37},"end":{"line":15,"column":49}},"loc":{"start":{"line":15,"column":49},"end":{"line":50,"column":null}},"line":15},"3":{"name":"(anonymous_3)","decl":{"start":{"line":32,"column":53},"end":{"line":32,"column":61}},"loc":{"start":{"line":32,"column":72},"end":{"line":32,"column":111}},"line":32},"4":{"name":"(anonymous_4)","decl":{"start":{"line":38,"column":53},"end":{"line":38,"column":60}},"loc":{"start":{"line":38,"column":70},"end":{"line":41,"column":null}},"line":38},"5":{"name":"(anonymous_5)","decl":{"start":{"line":43,"column":62},"end":{"line":43,"column":68}},"loc":{"start":{"line":43,"column":77},"end":{"line":43,"column":122}},"line":43},"6":{"name":"(anonymous_6)","decl":{"start":{"line":57,"column":34},"end":{"line":57,"column":41}},"loc":{"start":{"line":57,"column":66},"end":{"line":77,"column":null}},"line":57},"7":{"name":"(anonymous_7)","decl":{"start":{"line":67,"column":16},"end":{"line":67,"column":32}},"loc":{"start":{"line":68,"column":20},"end":{"line":69,"column":null}},"line":68},"8":{"name":"(anonymous_8)","decl":{"start":{"line":68,"column":31},"end":{"line":68,"column":35}},"loc":{"start":{"line":69,"column":24},"end":{"line":69,"column":null}},"line":69},"9":{"name":"(anonymous_9)","decl":{"start":{"line":81,"column":10},"end":{"line":81,"column":30}},"loc":{"start":{"line":81,"column":37},"end":{"line":82,"column":null}},"line":81},"10":{"name":"(anonymous_10)","decl":{"start":{"line":85,"column":10},"end":{"line":85,"column":31}},"loc":{"start":{"line":85,"column":31},"end":{"line":85,"column":null}},"line":85},"11":{"name":"(anonymous_11)","decl":{"start":{"line":86,"column":10},"end":{"line":86,"column":31}},"loc":{"start":{"line":86,"column":31},"end":{"line":86,"column":null}},"line":86},"12":{"name":"(anonymous_12)","decl":{"start":{"line":88,"column":10},"end":{"line":88,"column":26}},"loc":{"start":{"line":88,"column":41},"end":{"line":91,"column":null}},"line":88},"13":{"name":"(anonymous_13)","decl":{"start":{"line":94,"column":10},"end":{"line":94,"column":31}},"loc":{"start":{"line":94,"column":42},"end":{"line":101,"column":null}},"line":94},"14":{"name":"(anonymous_14)","decl":{"start":{"line":106,"column":40},"end":{"line":106,"column":47}},"loc":{"start":{"line":106,"column":57},"end":{"line":106,"column":87}},"line":106},"15":{"name":"(anonymous_15)","decl":{"start":{"line":108,"column":46},"end":{"line":108,"column":54}},"loc":{"start":{"line":108,"column":65},"end":{"line":108,"column":85}},"line":108},"16":{"name":"(anonymous_16)","decl":{"start":{"line":157,"column":46},"end":{"line":157,"column":50}},"loc":{"start":{"line":157,"column":60},"end":{"line":227,"column":null}},"line":157},"17":{"name":"(anonymous_17)","decl":{"start":{"line":178,"column":60},"end":{"line":178,"column":75}},"loc":{"start":{"line":178,"column":75},"end":{"line":178,"column":103}},"line":178},"18":{"name":"(anonymous_18)","decl":{"start":{"line":188,"column":56},"end":{"line":188,"column":67}},"loc":{"start":{"line":188,"column":73},"end":{"line":188,"column":122}},"line":188},"19":{"name":"(anonymous_19)","decl":{"start":{"line":206,"column":78},"end":{"line":206,"column":83}},"loc":{"start":{"line":207,"column":68},"end":{"line":210,"column":null}},"line":207}},"branchMap":{"0":{"loc":{"start":{"line":19,"column":16},"end":{"line":19,"column":null}},"type":"if","locations":[{"start":{"line":19,"column":16},"end":{"line":19,"column":null}},{"start":{},"end":{}}],"line":19},"1":{"loc":{"start":{"line":28,"column":16},"end":{"line":45,"column":null}},"type":"if","locations":[{"start":{"line":28,"column":16},"end":{"line":45,"column":null}},{"start":{},"end":{}}],"line":28},"2":{"loc":{"start":{"line":28,"column":20},"end":{"line":28,"column":53}},"type":"binary-expr","locations":[{"start":{"line":28,"column":20},"end":{"line":28,"column":38}},{"start":{"line":28,"column":38},"end":{"line":28,"column":53}}],"line":28},"3":{"loc":{"start":{"line":32,"column":95},"end":{"line":32,"column":111}},"type":"binary-expr","locations":[{"start":{"line":32,"column":95},"end":{"line":32,"column":106}},{"start":{"line":32,"column":106},"end":{"line":32,"column":111}}],"line":32},"4":{"loc":{"start":{"line":66,"column":12},"end":{"line":73,"column":null}},"type":"if","locations":[{"start":{"line":66,"column":12},"end":{"line":73,"column":null}},{"start":{"line":72,"column":19},"end":{"line":73,"column":null}}],"line":66},"5":{"loc":{"start":{"line":69,"column":24},"end":{"line":69,"column":null}},"type":"cond-expr","locations":[{"start":{"line":69,"column":50},"end":{"line":69,"column":86}},{"start":{"line":69,"column":86},"end":{"line":69,"column":null}}],"line":69},"6":{"loc":{"start":{"line":82,"column":27},"end":{"line":82,"column":62}},"type":"cond-expr","locations":[{"start":{"line":82,"column":52},"end":{"line":82,"column":59}},{"start":{"line":82,"column":59},"end":{"line":82,"column":62}}],"line":82},"7":{"loc":{"start":{"line":85,"column":33},"end":{"line":85,"column":null}},"type":"if","locations":[{"start":{"line":85,"column":33},"end":{"line":85,"column":null}},{"start":{},"end":{}}],"line":85},"8":{"loc":{"start":{"line":89,"column":8},"end":{"line":89,"column":null}},"type":"if","locations":[{"start":{"line":89,"column":8},"end":{"line":89,"column":null}},{"start":{},"end":{}}],"line":89},"9":{"loc":{"start":{"line":95,"column":8},"end":{"line":101,"column":null}},"type":"switch","locations":[{"start":{"line":96,"column":12},"end":{"line":96,"column":null}},{"start":{"line":97,"column":12},"end":{"line":97,"column":null}},{"start":{"line":98,"column":12},"end":{"line":98,"column":null}},{"start":{"line":99,"column":12},"end":{"line":99,"column":null}},{"start":{"line":100,"column":12},"end":{"line":100,"column":null}},{"start":{"line":101,"column":12},"end":{"line":101,"column":null}}],"line":95},"10":{"loc":{"start":{"line":119,"column":69},"end":{"line":119,"column":123}},"type":"cond-expr","locations":[{"start":{"line":119,"column":82},"end":{"line":119,"column":90}},{"start":{"line":119,"column":90},"end":{"line":119,"column":123}}],"line":119},"11":{"loc":{"start":{"line":120,"column":81},"end":{"line":120,"column":141}},"type":"cond-expr","locations":[{"start":{"line":120,"column":94},"end":{"line":120,"column":102}},{"start":{"line":120,"column":102},"end":{"line":120,"column":141}}],"line":120},"12":{"loc":{"start":{"line":121,"column":76},"end":{"line":121,"column":116}},"type":"cond-expr","locations":[{"start":{"line":121,"column":89},"end":{"line":121,"column":97}},{"start":{"line":121,"column":97},"end":{"line":121,"column":116}}],"line":121},"13":{"loc":{"start":{"line":129,"column":142},"end":{"line":129,"column":null}},"type":"cond-expr","locations":[{"start":{"line":129,"column":155},"end":{"line":129,"column":163}},{"start":{"line":129,"column":163},"end":{"line":129,"column":null}}],"line":129},"14":{"loc":{"start":{"line":140,"column":17},"end":{"line":230,"column":null}},"type":"cond-expr","locations":[{"start":{"line":141,"column":20},"end":{"line":142,"column":33}},{"start":{"line":142,"column":20},"end":{"line":230,"column":null}}],"line":140},"15":{"loc":{"start":{"line":142,"column":20},"end":{"line":230,"column":null}},"type":"cond-expr","locations":[{"start":{"line":143,"column":20},"end":{"line":145,"column":21}},{"start":{"line":145,"column":20},"end":{"line":230,"column":null}}],"line":142},"16":{"loc":{"start":{"line":158,"column":69},"end":{"line":158,"column":93}},"type":"binary-expr","locations":[{"start":{"line":158,"column":69},"end":{"line":158,"column":86}},{"start":{"line":158,"column":86},"end":{"line":158,"column":93}}],"line":158},"17":{"loc":{"start":{"line":165,"column":65},"end":{"line":165,"column":null}},"type":"cond-expr","locations":[{"start":{"line":165,"column":98},"end":{"line":165,"column":110}},{"start":{"line":165,"column":110},"end":{"line":165,"column":null}}],"line":165},"18":{"loc":{"start":{"line":166,"column":57},"end":{"line":166,"column":null}},"type":"cond-expr","locations":[{"start":{"line":166,"column":71},"end":{"line":166,"column":77}},{"start":{"line":166,"column":77},"end":{"line":166,"column":null}}],"line":166},"19":{"loc":{"start":{"line":171,"column":132},"end":{"line":171,"column":171}},"type":"cond-expr","locations":[{"start":{"line":171,"column":146},"end":{"line":171,"column":163}},{"start":{"line":171,"column":163},"end":{"line":171,"column":171}}],"line":171},"20":{"loc":{"start":{"line":172,"column":53},"end":{"line":172,"column":null}},"type":"binary-expr","locations":[{"start":{"line":172,"column":53},"end":{"line":172,"column":71}},{"start":{"line":172,"column":71},"end":{"line":172,"column":null}}],"line":172},"21":{"loc":{"start":{"line":176,"column":57},"end":{"line":176,"column":96}},"type":"cond-expr","locations":[{"start":{"line":176,"column":72},"end":{"line":176,"column":94}},{"start":{"line":176,"column":94},"end":{"line":176,"column":96}}],"line":176},"22":{"loc":{"start":{"line":179,"column":57},"end":{"line":179,"column":null}},"type":"cond-expr","locations":[{"start":{"line":179,"column":90},"end":{"line":179,"column":104}},{"start":{"line":179,"column":104},"end":{"line":179,"column":null}}],"line":179},"23":{"loc":{"start":{"line":182,"column":85},"end":{"line":182,"column":122}},"type":"cond-expr","locations":[{"start":{"line":182,"column":99},"end":{"line":182,"column":111}},{"start":{"line":182,"column":111},"end":{"line":182,"column":122}}],"line":182},"24":{"loc":{"start":{"line":187,"column":63},"end":{"line":187,"column":null}},"type":"binary-expr","locations":[{"start":{"line":187,"column":63},"end":{"line":187,"column":80}},{"start":{"line":187,"column":80},"end":{"line":187,"column":null}}],"line":187},"25":{"loc":{"start":{"line":200,"column":45},"end":{"line":225,"column":null}},"type":"binary-expr","locations":[{"start":{"line":200,"column":45},"end":{"line":200,"column":null}},{"start":{"line":201,"column":48},"end":{"line":225,"column":null}}],"line":200},"26":{"loc":{"start":{"line":204,"column":57},"end":{"line":214,"column":null}},"type":"cond-expr","locations":[{"start":{"line":205,"column":60},"end":{"line":214,"column":61}},{"start":{"line":214,"column":60},"end":{"line":214,"column":null}}],"line":204},"27":{"loc":{"start":{"line":204,"column":57},"end":{"line":204,"column":null}},"type":"binary-expr","locations":[{"start":{"line":204,"column":57},"end":{"line":204,"column":73}},{"start":{"line":204,"column":73},"end":{"line":204,"column":null}}],"line":204},"28":{"loc":{"start":{"line":208,"column":115},"end":{"line":208,"column":163}},"type":"binary-expr","locations":[{"start":{"line":208,"column":115},"end":{"line":208,"column":128}},{"start":{"line":208,"column":128},"end":{"line":208,"column":163}}],"line":208},"29":{"loc":{"start":{"line":209,"column":82},"end":{"line":209,"column":174}},"type":"cond-expr","locations":[{"start":{"line":209,"column":98},"end":{"line":209,"column":122}},{"start":{"line":209,"column":122},"end":{"line":209,"column":174}}],"line":209},"30":{"loc":{"start":{"line":216,"column":57},"end":{"line":219,"column":null}},"type":"binary-expr","locations":[{"start":{"line":216,"column":57},"end":{"line":216,"column":null}},{"start":{"line":217,"column":60},"end":{"line":219,"column":null}}],"line":216}},"s":{"0":26,"1":26,"2":26,"3":26,"4":26,"5":26,"6":26,"7":12,"8":12,"9":12,"10":12,"11":12,"12":1,"13":1,"14":11,"15":11,"16":11,"17":11,"18":11,"19":11,"20":22,"21":11,"22":11,"23":11,"24":11,"25":20,"26":20,"27":11,"28":10,"29":11,"30":0,"31":12,"32":12,"33":26,"34":3,"35":3,"36":3,"37":2,"38":1,"39":1,"40":2,"41":1,"42":1,"43":1,"44":26,"45":1,"46":26,"47":2,"48":2,"49":26,"50":1,"51":26,"52":20,"53":0,"54":20,"55":20,"56":26,"57":20,"58":0,"59":1,"60":0,"61":10,"62":9,"63":26,"64":30,"65":26,"66":26,"67":15,"68":26,"69":20,"70":20,"71":20,"72":1,"73":3,"74":1},"f":{"0":26,"1":12,"2":12,"3":22,"4":20,"5":10,"6":3,"7":1,"8":2,"9":1,"10":2,"11":1,"12":20,"13":20,"14":30,"15":15,"16":20,"17":1,"18":3,"19":1},"b":{"0":[1,11],"1":[11,0],"2":[11,11],"3":[22,0],"4":[1,1],"5":[1,1],"6":[0,1],"7":[2,0],"8":[0,20],"9":[0,1,0,10,9,9],"10":[14,12],"11":[14,12],"12":[14,12],"13":[0,26],"14":[14,12],"15":[2,10],"16":[20,0],"17":[1,19],"18":[10,10],"19":[10,10],"20":[20,0],"21":[20,0],"22":[1,19],"23":[10,10],"24":[20,0],"25":[20,1],"26":[1,0],"27":[1,1],"28":[1,0],"29":[1,0],"30":[1,0]},"meta":{"lastBranch":31,"lastFunction":20,"lastStatement":75,"seen":{"f:5:24:5:37":0,"s:6:17:6:39":0,"s:7:25:7:55":1,"s:8:23:8:54":2,"s:9:25:9:56":3,"s:10:28:10:64":4,"s:12:10:12:34":5,"s:14:4:55:Infinity":6,"f:14:4:14:20":1,"s:15:37:50:Infinity":7,"f:15:37:15:49":2,"s:16:12:16:Infinity":8,"s:17:12:50:Infinity":9,"s:18:30:18:59":10,"b:19:16:19:Infinity:undefined:undefined:undefined:undefined":0,"s:19:16:19:Infinity":11,"s:19:30:19:50":12,"s:19:50:19:Infinity":13,"s:21:32:21:70":14,"s:23:50:26:18":15,"b:28:16:45:Infinity:undefined:undefined:undefined:undefined":1,"s:28:16:45:Infinity":16,"b:28:20:28:38:28:38:28:53":2,"s:29:37:29:61":17,"s:30:36:30:59":18,"s:32:44:32:113":19,"f:32:53:32:61":3,"s:32:72:32:111":20,"b:32:95:32:106:32:106:32:111":3,"s:33:20:33:Infinity":21,"s:35:39:35:49":22,"s:36:20:36:Infinity":23,"s:38:45:41:Infinity":24,"f:38:53:38:60":4,"s:39:43:39:69":25,"s:40:24:40:Infinity":26,"s:43:45:43:123":27,"f:43:62:43:68":5,"s:43:77:43:122":28,"s:45:20:45:Infinity":29,"s:48:16:48:Infinity":30,"s:50:16:50:Infinity":31,"s:54:8:54:Infinity":32,"s:57:34:77:Infinity":33,"f:57:34:57:41":6,"s:58:8:77:Infinity":34,"s:59:26:59:55":35,"s:60:29:64:14":36,"b:66:12:73:Infinity:72:19:73:Infinity":4,"s:66:12:73:Infinity":37,"s:67:16:71:Infinity":38,"f:67:16:67:32":7,"s:68:20:69:Infinity":39,"f:68:31:68:35":8,"s:69:24:69:Infinity":40,"b:69:50:69:86:69:86:69:Infinity":5,"s:73:16:73:Infinity":41,"s:76:12:76:Infinity":42,"s:77:12:77:Infinity":43,"s:81:10:82:Infinity":44,"f:81:10:81:30":9,"s:82:8:82:Infinity":45,"b:82:52:82:59:82:59:82:62":6,"s:85:10:85:Infinity":46,"f:85:10:85:31":10,"b:85:33:85:Infinity:undefined:undefined:undefined:undefined":7,"s:85:33:85:Infinity":47,"s:85:47:85:Infinity":48,"s:86:10:86:Infinity":49,"f:86:10:86:31":11,"s:86:33:86:Infinity":50,"s:88:10:91:Infinity":51,"f:88:10:88:26":12,"b:89:8:89:Infinity:undefined:undefined:undefined:undefined":8,"s:89:8:89:Infinity":52,"s:89:25:89:Infinity":53,"s:90:21:90:41":54,"s:91:8:91:Infinity":55,"s:94:10:101:Infinity":56,"f:94:10:94:31":13,"b:96:12:96:Infinity:97:12:97:Infinity:98:12:98:Infinity:99:12:99:Infinity:100:12:100:Infinity:101:12:101:Infinity":9,"s:95:8:101:Infinity":57,"s:96:29:96:Infinity":58,"s:97:28:97:Infinity":59,"s:98:29:98:Infinity":60,"s:99:30:99:Infinity":61,"s:101:21:101:Infinity":62,"s:106:27:106:87":63,"f:106:40:106:47":14,"s:106:57:106:87":64,"s:107:30:107:Infinity":65,"s:108:31:108:87":66,"f:108:46:108:54":15,"s:108:65:108:85":67,"s:110:4:233:Infinity":68,"b:119:82:119:90:119:90:119:123":10,"b:120:94:120:102:120:102:120:141":11,"b:121:89:121:97:121:97:121:116":12,"b:129:155:129:163:129:163:129:Infinity":13,"b:141:20:142:33:142:20:230:Infinity":14,"b:143:20:145:21:145:20:230:Infinity":15,"f:157:46:157:50":16,"s:158:51:158:93":69,"b:158:69:158:86:158:86:158:93":16,"s:159:56:159:Infinity":70,"s:161:36:225:Infinity":71,"b:165:98:165:110:165:110:165:Infinity":17,"b:166:71:166:77:166:77:166:Infinity":18,"b:171:146:171:163:171:163:171:171":19,"b:172:53:172:71:172:71:172:Infinity":20,"b:176:72:176:94:176:94:176:96":21,"f:178:60:178:75":17,"s:178:75:178:103":72,"b:179:90:179:104:179:104:179:Infinity":22,"b:182:99:182:111:182:111:182:122":23,"b:187:63:187:80:187:80:187:Infinity":24,"f:188:56:188:67":18,"s:188:73:188:122":73,"b:200:45:200:Infinity:201:48:225:Infinity":25,"b:205:60:214:61:214:60:214:Infinity":26,"b:204:57:204:73:204:73:204:Infinity":27,"f:206:78:206:83":19,"s:207:68:210:Infinity":74,"b:208:115:208:128:208:128:208:163":28,"b:209:98:209:122:209:122:209:174":29,"b:216:57:216:Infinity:217:60:219:Infinity":30},"fnNames":{}}}
}
