{"/home/christian-sperb/Documents/projects/unyleya/3P-1-frontend/server.js": {"path":"/home/christian-sperb/Documents/projects/unyleya/3P-1-frontend/server.js","statementMap":{"0":{"start":{"line":4,"column":0},"end":{"line":4,"column":27}},"1":{"start":{"line":5,"column":16},"end":{"line":5,"column":34}},"2":{"start":{"line":6,"column":17},"end":{"line":6,"column":36}},"3":{"start":{"line":7,"column":13},"end":{"line":7,"column":28}},"4":{"start":{"line":8,"column":18},"end":{"line":8,"column":47}},"5":{"start":{"line":9,"column":21},"end":{"line":9,"column":45}},"6":{"start":{"line":10,"column":21},"end":{"line":10,"column":58}},"7":{"start":{"line":13,"column":22},"end":{"line":13,"column":55}},"8":{"start":{"line":14,"column":21},"end":{"line":14,"column":53}},"9":{"start":{"line":15,"column":20},"end":{"line":15,"column":51}},"10":{"start":{"line":16,"column":22},"end":{"line":16,"column":55}},"11":{"start":{"line":18,"column":12},"end":{"line":18,"column":21}},"12":{"start":{"line":19,"column":13},"end":{"line":19,"column":37}},"13":{"start":{"line":21,"column":23},"end":{"line":44,"column":1}},"14":{"start":{"line":46,"column":20},"end":{"line":46,"column":48}},"15":{"start":{"line":49,"column":0},"end":{"line":49,"column":16}},"16":{"start":{"line":50,"column":0},"end":{"line":50,"column":24}},"17":{"start":{"line":51,"column":0},"end":{"line":51,"column":68}},"18":{"start":{"line":54,"column":0},"end":{"line":58,"column":1}},"19":{"start":{"line":55,"column":4},"end":{"line":57,"column":86}},"20":{"start":{"line":56,"column":20},"end":{"line":56,"column":68}},"21":{"start":{"line":57,"column":25},"end":{"line":57,"column":84}},"22":{"start":{"line":61,"column":0},"end":{"line":67,"column":3}},"23":{"start":{"line":62,"column":4},"end":{"line":66,"column":7}},"24":{"start":{"line":70,"column":0},"end":{"line":70,"column":31}},"25":{"start":{"line":71,"column":0},"end":{"line":71,"column":30}},"26":{"start":{"line":72,"column":0},"end":{"line":72,"column":29}},"27":{"start":{"line":73,"column":0},"end":{"line":73,"column":31}},"28":{"start":{"line":74,"column":0},"end":{"line":74,"column":22}},"29":{"start":{"line":78,"column":0},"end":{"line":83,"column":1}},"30":{"start":{"line":79,"column":4},"end":{"line":82,"column":7}},"31":{"start":{"line":80,"column":8},"end":{"line":80,"column":69}},"32":{"start":{"line":81,"column":8},"end":{"line":81,"column":56}},"33":{"start":{"line":85,"column":0},"end":{"line":85,"column":21}}},"fnMap":{"0":{"name":"(anonymous_0)","decl":{"start":{"line":56,"column":14},"end":{"line":56,"column":15}},"loc":{"start":{"line":56,"column":20},"end":{"line":56,"column":68}},"line":56},"1":{"name":"(anonymous_1)","decl":{"start":{"line":57,"column":15},"end":{"line":57,"column":16}},"loc":{"start":{"line":57,"column":25},"end":{"line":57,"column":84}},"line":57},"2":{"name":"(anonymous_2)","decl":{"start":{"line":61,"column":13},"end":{"line":61,"column":14}},"loc":{"start":{"line":61,"column":27},"end":{"line":67,"column":1}},"line":61},"3":{"name":"(anonymous_3)","decl":{"start":{"line":79,"column":21},"end":{"line":79,"column":22}},"loc":{"start":{"line":79,"column":27},"end":{"line":82,"column":5}},"line":79}},"branchMap":{"0":{"loc":{"start":{"line":19,"column":13},"end":{"line":19,"column":37}},"type":"binary-expr","locations":[{"start":{"line":19,"column":13},"end":{"line":19,"column":29}},{"start":{"line":19,"column":33},"end":{"line":19,"column":37}}],"line":19},"1":{"loc":{"start":{"line":54,"column":0},"end":{"line":58,"column":1}},"type":"if","locations":[{"start":{"line":54,"column":0},"end":{"line":58,"column":1}},{"start":{},"end":{}}],"line":54},"2":{"loc":{"start":{"line":78,"column":0},"end":{"line":83,"column":1}},"type":"if","locations":[{"start":{"line":78,"column":0},"end":{"line":83,"column":1}},{"start":{},"end":{}}],"line":78}},"s":{"0":1,"1":1,"2":1,"3":1,"4":1,"5":1,"6":1,"7":1,"8":1,"9":1,"10":1,"11":1,"12":1,"13":1,"14":1,"15":1,"16":1,"17":1,"18":1,"19":0,"20":0,"21":0,"22":1,"23":1,"24":1,"25":1,"26":1,"27":1,"28":1,"29":1,"30":0,"31":0,"32":0,"33":1},"f":{"0":0,"1":0,"2":1,"3":0},"b":{"0":[1,0],"1":[0,1],"2":[0,1]},"_coverageSchema":"1a1c01bbd47fc00a2c39e90264f33305004495a9","hash":"be0138c8c8632d5778f80a756b269de0c7721053"}
,"/home/christian-sperb/Documents/projects/unyleya/3P-1-frontend/controllers/FreteController.js": {"path":"/home/christian-sperb/Documents/projects/unyleya/3P-1-frontend/controllers/FreteController.js","statementMap":{"0":{"start":{"line":1,"column":21},"end":{"line":1,"column":56}},"1":{"start":{"line":6,"column":8},"end":{"line":18,"column":9}},"2":{"start":{"line":7,"column":31},"end":{"line":7,"column":73}},"3":{"start":{"line":9,"column":12},"end":{"line":9,"column":45}},"4":{"start":{"line":12,"column":12},"end":{"line":14,"column":13}},"5":{"start":{"line":13,"column":16},"end":{"line":13,"column":65}},"6":{"start":{"line":16,"column":12},"end":{"line":16,"column":70}},"7":{"start":{"line":17,"column":12},"end":{"line":17,"column":58}},"8":{"start":{"line":22,"column":0},"end":{"line":22,"column":33}}},"fnMap":{"0":{"name":"(anonymous_0)","decl":{"start":{"line":5,"column":4},"end":{"line":5,"column":5}},"loc":{"start":{"line":5,"column":36},"end":{"line":19,"column":5}},"line":5}},"branchMap":{"0":{"loc":{"start":{"line":12,"column":12},"end":{"line":14,"column":13}},"type":"if","locations":[{"start":{"line":12,"column":12},"end":{"line":14,"column":13}},{"start":{},"end":{}}],"line":12}},"s":{"0":2,"1":3,"2":3,"3":1,"4":2,"5":1,"6":1,"7":1,"8":2},"f":{"0":3},"b":{"0":[1,1]},"_coverageSchema":"1a1c01bbd47fc00a2c39e90264f33305004495a9","hash":"2a1ffc1e44f2d14055124432559ec89da9f6699a"}
,"/home/christian-sperb/Documents/projects/unyleya/3P-1-frontend/controllers/PedidoController.js": {"path":"/home/christian-sperb/Documents/projects/unyleya/3P-1-frontend/controllers/PedidoController.js","statementMap":{"0":{"start":{"line":1,"column":22},"end":{"line":1,"column":58}},"1":{"start":{"line":6,"column":8},"end":{"line":11,"column":9}},"2":{"start":{"line":7,"column":32},"end":{"line":7,"column":79}},"3":{"start":{"line":8,"column":12},"end":{"line":8,"column":101}},"4":{"start":{"line":10,"column":12},"end":{"line":10,"column":58}},"5":{"start":{"line":15,"column":8},"end":{"line":21,"column":9}},"6":{"start":{"line":16,"column":28},"end":{"line":16,"column":61}},"7":{"start":{"line":17,"column":12},"end":{"line":17,"column":42}},"8":{"start":{"line":19,"column":12},"end":{"line":19,"column":60}},"9":{"start":{"line":20,"column":12},"end":{"line":20,"column":85}},"10":{"start":{"line":25,"column":8},"end":{"line":33,"column":9}},"11":{"start":{"line":26,"column":27},"end":{"line":26,"column":37}},"12":{"start":{"line":27,"column":31},"end":{"line":27,"column":39}},"13":{"start":{"line":29,"column":37},"end":{"line":29,"column":84}},"14":{"start":{"line":30,"column":12},"end":{"line":30,"column":95}},"15":{"start":{"line":32,"column":12},"end":{"line":32,"column":58}},"16":{"start":{"line":37,"column":8},"end":{"line":43,"column":9}},"17":{"start":{"line":38,"column":27},"end":{"line":38,"column":37}},"18":{"start":{"line":39,"column":30},"end":{"line":39,"column":67}},"19":{"start":{"line":40,"column":12},"end":{"line":40,"column":44}},"20":{"start":{"line":42,"column":12},"end":{"line":42,"column":58}},"21":{"start":{"line":47,"column":0},"end":{"line":47,"column":34}}},"fnMap":{"0":{"name":"(anonymous_0)","decl":{"start":{"line":5,"column":4},"end":{"line":5,"column":5}},"loc":{"start":{"line":5,"column":39},"end":{"line":12,"column":5}},"line":5},"1":{"name":"(anonymous_1)","decl":{"start":{"line":14,"column":4},"end":{"line":14,"column":5}},"loc":{"start":{"line":14,"column":41},"end":{"line":22,"column":5}},"line":14},"2":{"name":"(anonymous_2)","decl":{"start":{"line":24,"column":4},"end":{"line":24,"column":5}},"loc":{"start":{"line":24,"column":43},"end":{"line":34,"column":5}},"line":24},"3":{"name":"(anonymous_3)","decl":{"start":{"line":36,"column":4},"end":{"line":36,"column":5}},"loc":{"start":{"line":36,"column":41},"end":{"line":44,"column":5}},"line":36}},"branchMap":{},"s":{"0":2,"1":2,"2":2,"3":1,"4":1,"5":2,"6":2,"7":1,"8":1,"9":1,"10":2,"11":2,"12":2,"13":2,"14":1,"15":1,"16":2,"17":2,"18":2,"19":1,"20":1,"21":2},"f":{"0":2,"1":2,"2":2,"3":2},"b":{},"_coverageSchema":"1a1c01bbd47fc00a2c39e90264f33305004495a9","hash":"5fe17b2b3a75639a14c3f142b2ae12cc76065460"}
,"/home/christian-sperb/Documents/projects/unyleya/3P-1-frontend/controllers/ProdutoController.js": {"path":"/home/christian-sperb/Documents/projects/unyleya/3P-1-frontend/controllers/ProdutoController.js","statementMap":{"0":{"start":{"line":1,"column":23},"end":{"line":1,"column":60}},"1":{"start":{"line":6,"column":8},"end":{"line":12,"column":9}},"2":{"start":{"line":7,"column":33},"end":{"line":7,"column":69}},"3":{"start":{"line":8,"column":12},"end":{"line":8,"column":105}},"4":{"start":{"line":10,"column":27},"end":{"line":10,"column":67}},"5":{"start":{"line":11,"column":12},"end":{"line":11,"column":61}},"6":{"start":{"line":16,"column":8},"end":{"line":21,"column":9}},"7":{"start":{"line":17,"column":29},"end":{"line":17,"column":63}},"8":{"start":{"line":18,"column":12},"end":{"line":18,"column":43}},"9":{"start":{"line":20,"column":12},"end":{"line":20,"column":74}},"10":{"start":{"line":25,"column":8},"end":{"line":31,"column":9}},"11":{"start":{"line":26,"column":23},"end":{"line":26,"column":46}},"12":{"start":{"line":27,"column":28},"end":{"line":27,"column":64}},"13":{"start":{"line":28,"column":12},"end":{"line":28,"column":42}},"14":{"start":{"line":30,"column":12},"end":{"line":30,"column":58}},"15":{"start":{"line":35,"column":8},"end":{"line":41,"column":9}},"16":{"start":{"line":36,"column":23},"end":{"line":36,"column":46}},"17":{"start":{"line":37,"column":38},"end":{"line":37,"column":82}},"18":{"start":{"line":38,"column":12},"end":{"line":38,"column":98}},"19":{"start":{"line":40,"column":12},"end":{"line":40,"column":58}},"20":{"start":{"line":45,"column":8},"end":{"line":51,"column":9}},"21":{"start":{"line":46,"column":23},"end":{"line":46,"column":46}},"22":{"start":{"line":47,"column":12},"end":{"line":47,"column":45}},"23":{"start":{"line":48,"column":12},"end":{"line":48,"column":92}},"24":{"start":{"line":50,"column":12},"end":{"line":50,"column":58}},"25":{"start":{"line":55,"column":0},"end":{"line":55,"column":35}}},"fnMap":{"0":{"name":"(anonymous_0)","decl":{"start":{"line":5,"column":4},"end":{"line":5,"column":5}},"loc":{"start":{"line":5,"column":40},"end":{"line":13,"column":5}},"line":5},"1":{"name":"(anonymous_1)","decl":{"start":{"line":15,"column":4},"end":{"line":15,"column":5}},"loc":{"start":{"line":15,"column":42},"end":{"line":22,"column":5}},"line":15},"2":{"name":"(anonymous_2)","decl":{"start":{"line":24,"column":4},"end":{"line":24,"column":5}},"loc":{"start":{"line":24,"column":39},"end":{"line":32,"column":5}},"line":24},"3":{"name":"(anonymous_3)","decl":{"start":{"line":34,"column":4},"end":{"line":34,"column":5}},"loc":{"start":{"line":34,"column":44},"end":{"line":42,"column":5}},"line":34},"4":{"name":"(anonymous_4)","decl":{"start":{"line":44,"column":4},"end":{"line":44,"column":5}},"loc":{"start":{"line":44,"column":42},"end":{"line":52,"column":5}},"line":44}},"branchMap":{"0":{"loc":{"start":{"line":10,"column":27},"end":{"line":10,"column":67}},"type":"cond-expr","locations":[{"start":{"line":10,"column":58},"end":{"line":10,"column":61}},{"start":{"line":10,"column":64},"end":{"line":10,"column":67}}],"line":10}},"s":{"0":2,"1":3,"2":3,"3":1,"4":2,"5":2,"6":2,"7":2,"8":1,"9":1,"10":2,"11":2,"12":2,"13":1,"14":1,"15":2,"16":2,"17":2,"18":1,"19":1,"20":2,"21":2,"22":2,"23":1,"24":1,"25":2},"f":{"0":3,"1":2,"2":2,"3":2,"4":2},"b":{"0":[1,1]},"_coverageSchema":"1a1c01bbd47fc00a2c39e90264f33305004495a9","hash":"dd3efc0b3fa38532d2218bed3a4ff0e6b063b5c7"}
,"/home/christian-sperb/Documents/projects/unyleya/3P-1-frontend/controllers/UsuarioController.js": {"path":"/home/christian-sperb/Documents/projects/unyleya/3P-1-frontend/controllers/UsuarioController.js","statementMap":{"0":{"start":{"line":1,"column":23},"end":{"line":1,"column":60}},"1":{"start":{"line":6,"column":8},"end":{"line":11,"column":9}},"2":{"start":{"line":7,"column":29},"end":{"line":7,"column":65}},"3":{"start":{"line":8,"column":12},"end":{"line":8,"column":43}},"4":{"start":{"line":10,"column":12},"end":{"line":10,"column":58}},"5":{"start":{"line":15,"column":8},"end":{"line":20,"column":9}},"6":{"start":{"line":16,"column":32},"end":{"line":16,"column":72}},"7":{"start":{"line":17,"column":12},"end":{"line":17,"column":100}},"8":{"start":{"line":19,"column":12},"end":{"line":19,"column":58}},"9":{"start":{"line":24,"column":0},"end":{"line":24,"column":35}}},"fnMap":{"0":{"name":"(anonymous_0)","decl":{"start":{"line":5,"column":4},"end":{"line":5,"column":5}},"loc":{"start":{"line":5,"column":33},"end":{"line":12,"column":5}},"line":5},"1":{"name":"(anonymous_1)","decl":{"start":{"line":14,"column":4},"end":{"line":14,"column":5}},"loc":{"start":{"line":14,"column":37},"end":{"line":21,"column":5}},"line":14}},"branchMap":{},"s":{"0":2,"1":2,"2":2,"3":1,"4":1,"5":2,"6":2,"7":1,"8":1,"9":2},"f":{"0":2,"1":2},"b":{},"_coverageSchema":"1a1c01bbd47fc00a2c39e90264f33305004495a9","hash":"9b3b741166755219595205ccabbec7d1a7961066"}
,"/home/christian-sperb/Documents/projects/unyleya/3P-1-frontend/middlewares/authMiddleware.js": {"path":"/home/christian-sperb/Documents/projects/unyleya/3P-1-frontend/middlewares/authMiddleware.js","statementMap":{"0":{"start":{"line":1,"column":12},"end":{"line":1,"column":35}},"1":{"start":{"line":4,"column":23},"end":{"line":22,"column":1}},"2":{"start":{"line":5,"column":23},"end":{"line":5,"column":48}},"3":{"start":{"line":7,"column":4},"end":{"line":9,"column":5}},"4":{"start":{"line":8,"column":8},"end":{"line":8,"column":94}},"5":{"start":{"line":11,"column":18},"end":{"line":11,"column":42}},"6":{"start":{"line":13,"column":4},"end":{"line":21,"column":5}},"7":{"start":{"line":14,"column":29},"end":{"line":14,"column":70}},"8":{"start":{"line":16,"column":8},"end":{"line":16,"column":35}},"9":{"start":{"line":18,"column":8},"end":{"line":18,"column":15}},"10":{"start":{"line":20,"column":8},"end":{"line":20,"column":99}},"11":{"start":{"line":25,"column":20},"end":{"line":30,"column":1}},"12":{"start":{"line":26,"column":4},"end":{"line":28,"column":5}},"13":{"start":{"line":27,"column":8},"end":{"line":27,"column":109}},"14":{"start":{"line":29,"column":4},"end":{"line":29,"column":11}},"15":{"start":{"line":32,"column":0},"end":{"line":32,"column":49}}},"fnMap":{"0":{"name":"(anonymous_0)","decl":{"start":{"line":4,"column":23},"end":{"line":4,"column":24}},"loc":{"start":{"line":4,"column":43},"end":{"line":22,"column":1}},"line":4},"1":{"name":"(anonymous_1)","decl":{"start":{"line":25,"column":20},"end":{"line":25,"column":21}},"loc":{"start":{"line":25,"column":40},"end":{"line":30,"column":1}},"line":25}},"branchMap":{"0":{"loc":{"start":{"line":7,"column":4},"end":{"line":9,"column":5}},"type":"if","locations":[{"start":{"line":7,"column":4},"end":{"line":9,"column":5}},{"start":{},"end":{}}],"line":7},"1":{"loc":{"start":{"line":7,"column":8},"end":{"line":7,"column":56}},"type":"binary-expr","locations":[{"start":{"line":7,"column":8},"end":{"line":7,"column":19}},{"start":{"line":7,"column":23},"end":{"line":7,"column":56}}],"line":7},"2":{"loc":{"start":{"line":26,"column":4},"end":{"line":28,"column":5}},"type":"if","locations":[{"start":{"line":26,"column":4},"end":{"line":28,"column":5}},{"start":{},"end":{}}],"line":26}},"s":{"0":2,"1":2,"2":4,"3":4,"4":2,"5":2,"6":2,"7":2,"8":1,"9":1,"10":1,"11":2,"12":2,"13":1,"14":1,"15":2},"f":{"0":4,"1":2},"b":{"0":[2,2],"1":[4,3],"2":[1,1]},"_coverageSchema":"1a1c01bbd47fc00a2c39e90264f33305004495a9","hash":"f0e78f85f7ddea3d369142a80a44536033644dda"}
,"/home/christian-sperb/Documents/projects/unyleya/3P-1-frontend/middlewares/errorHandler.js": {"path":"/home/christian-sperb/Documents/projects/unyleya/3P-1-frontend/middlewares/errorHandler.js","statementMap":{"0":{"start":{"line":1,"column":21},"end":{"line":35,"column":1}},"1":{"start":{"line":2,"column":4},"end":{"line":2,"column":51}},"2":{"start":{"line":6,"column":4},"end":{"line":11,"column":5}},"3":{"start":{"line":7,"column":8},"end":{"line":10,"column":11}},"4":{"start":{"line":14,"column":4},"end":{"line":19,"column":5}},"5":{"start":{"line":15,"column":8},"end":{"line":18,"column":11}},"6":{"start":{"line":22,"column":4},"end":{"line":27,"column":5}},"7":{"start":{"line":23,"column":8},"end":{"line":26,"column":11}},"8":{"start":{"line":30,"column":4},"end":{"line":34,"column":7}},"9":{"start":{"line":37,"column":0},"end":{"line":37,"column":30}}},"fnMap":{"0":{"name":"(anonymous_0)","decl":{"start":{"line":1,"column":21},"end":{"line":1,"column":22}},"loc":{"start":{"line":1,"column":46},"end":{"line":35,"column":1}},"line":1}},"branchMap":{"0":{"loc":{"start":{"line":6,"column":4},"end":{"line":11,"column":5}},"type":"if","locations":[{"start":{"line":6,"column":4},"end":{"line":11,"column":5}},{"start":{},"end":{}}],"line":6},"1":{"loc":{"start":{"line":14,"column":4},"end":{"line":19,"column":5}},"type":"if","locations":[{"start":{"line":14,"column":4},"end":{"line":19,"column":5}},{"start":{},"end":{}}],"line":14},"2":{"loc":{"start":{"line":14,"column":8},"end":{"line":14,"column":76}},"type":"binary-expr","locations":[{"start":{"line":14,"column":8},"end":{"line":14,"column":40}},{"start":{"line":14,"column":44},"end":{"line":14,"column":76}}],"line":14},"3":{"loc":{"start":{"line":22,"column":4},"end":{"line":27,"column":5}},"type":"if","locations":[{"start":{"line":22,"column":4},"end":{"line":27,"column":5}},{"start":{},"end":{}}],"line":22},"4":{"loc":{"start":{"line":33,"column":18},"end":{"line":33,"column":82}},"type":"cond-expr","locations":[{"start":{"line":33,"column":59},"end":{"line":33,"column":70}},{"start":{"line":33,"column":73},"end":{"line":33,"column":82}}],"line":33}},"s":{"0":2,"1":6,"2":6,"3":1,"4":5,"5":2,"6":3,"7":1,"8":2,"9":2},"f":{"0":6},"b":{"0":[1,5],"1":[2,3],"2":[5,4],"3":[1,2],"4":[1,1]},"_coverageSchema":"1a1c01bbd47fc00a2c39e90264f33305004495a9","hash":"fdf2a693671b81f83fa0014267fb48b5b6fee4c3"}
,"/home/christian-sperb/Documents/projects/unyleya/3P-1-frontend/models/pedido/Pedido.js": {"path":"/home/christian-sperb/Documents/projects/unyleya/3P-1-frontend/models/pedido/Pedido.js","statementMap":{"0":{"start":{"line":1,"column":17},"end":{"line":1,"column":36}},"1":{"start":{"line":4,"column":25},"end":{"line":28,"column":2}},"2":{"start":{"line":31,"column":21},"end":{"line":58,"column":2}},"3":{"start":{"line":60,"column":0},"end":{"line":60,"column":56}}},"fnMap":{},"branchMap":{},"s":{"0":3,"1":3,"2":3,"3":3},"f":{},"b":{},"_coverageSchema":"1a1c01bbd47fc00a2c39e90264f33305004495a9","hash":"914afd86fb9c5445b6c299e50fe2414a437d2ecb"}
,"/home/christian-sperb/Documents/projects/unyleya/3P-1-frontend/models/produto/Produto.js": {"path":"/home/christian-sperb/Documents/projects/unyleya/3P-1-frontend/models/produto/Produto.js","statementMap":{"0":{"start":{"line":1,"column":17},"end":{"line":1,"column":36}},"1":{"start":{"line":3,"column":22},"end":{"line":38,"column":2}},"2":{"start":{"line":40,"column":0},"end":{"line":40,"column":58}}},"fnMap":{},"branchMap":{},"s":{"0":5,"1":5,"2":5},"f":{},"b":{},"_coverageSchema":"1a1c01bbd47fc00a2c39e90264f33305004495a9","hash":"9ed805d8f49925e6aefbe4c543b702d316ef6a32"}
,"/home/christian-sperb/Documents/projects/unyleya/3P-1-frontend/models/usuario/Usuario.js": {"path":"/home/christian-sperb/Documents/projects/unyleya/3P-1-frontend/models/usuario/Usuario.js","statementMap":{"0":{"start":{"line":1,"column":17},"end":{"line":1,"column":36}},"1":{"start":{"line":3,"column":22},"end":{"line":24,"column":24}},"2":{"start":{"line":26,"column":0},"end":{"line":26,"column":58}}},"fnMap":{},"branchMap":{},"s":{"0":3,"1":3,"2":3},"f":{},"b":{},"_coverageSchema":"1a1c01bbd47fc00a2c39e90264f33305004495a9","hash":"c9cad9ce6f79f32c67da5c70eed815f3ad77b412"}
,"/home/christian-sperb/Documents/projects/unyleya/3P-1-frontend/routes/freteRoutes.js": {"path":"/home/christian-sperb/Documents/projects/unyleya/3P-1-frontend/routes/freteRoutes.js","statementMap":{"0":{"start":{"line":1,"column":16},"end":{"line":1,"column":34}},"1":{"start":{"line":2,"column":15},"end":{"line":2,"column":31}},"2":{"start":{"line":3,"column":24},"end":{"line":3,"column":65}},"3":{"start":{"line":5,"column":0},"end":{"line":5,"column":48}},"4":{"start":{"line":7,"column":0},"end":{"line":7,"column":24}}},"fnMap":{},"branchMap":{},"s":{"0":1,"1":1,"2":1,"3":1,"4":1},"f":{},"b":{},"_coverageSchema":"1a1c01bbd47fc00a2c39e90264f33305004495a9","hash":"22470a8362d82f24bf2f30d99e948e69ecf47091"}
,"/home/christian-sperb/Documents/projects/unyleya/3P-1-frontend/routes/pedidoRoutes.js": {"path":"/home/christian-sperb/Documents/projects/unyleya/3P-1-frontend/routes/pedidoRoutes.js","statementMap":{"0":{"start":{"line":1,"column":16},"end":{"line":1,"column":34}},"1":{"start":{"line":2,"column":15},"end":{"line":2,"column":31}},"2":{"start":{"line":3,"column":25},"end":{"line":3,"column":67}},"3":{"start":{"line":4,"column":40},"end":{"line":4,"column":80}},"4":{"start":{"line":51,"column":0},"end":{"line":51,"column":70}},"5":{"start":{"line":52,"column":0},"end":{"line":52,"column":71}},"6":{"start":{"line":53,"column":0},"end":{"line":53,"column":97}},"7":{"start":{"line":54,"column":0},"end":{"line":54,"column":91}},"8":{"start":{"line":56,"column":0},"end":{"line":56,"column":24}}},"fnMap":{},"branchMap":{},"s":{"0":1,"1":1,"2":1,"3":1,"4":1,"5":1,"6":1,"7":1,"8":1},"f":{},"b":{},"_coverageSchema":"1a1c01bbd47fc00a2c39e90264f33305004495a9","hash":"e4b071fbeae3bbab74cdcb9ac0b612afb0b48ed2"}
,"/home/christian-sperb/Documents/projects/unyleya/3P-1-frontend/routes/produtoRoutes.js": {"path":"/home/christian-sperb/Documents/projects/unyleya/3P-1-frontend/routes/produtoRoutes.js","statementMap":{"0":{"start":{"line":1,"column":16},"end":{"line":1,"column":34}},"1":{"start":{"line":2,"column":15},"end":{"line":2,"column":31}},"2":{"start":{"line":3,"column":26},"end":{"line":3,"column":69}},"3":{"start":{"line":5,"column":40},"end":{"line":5,"column":80}},"4":{"start":{"line":57,"column":0},"end":{"line":57,"column":73}},"5":{"start":{"line":58,"column":0},"end":{"line":58,"column":74}},"6":{"start":{"line":61,"column":0},"end":{"line":61,"column":88}},"7":{"start":{"line":62,"column":0},"end":{"line":62,"column":93}},"8":{"start":{"line":63,"column":0},"end":{"line":63,"column":94}},"9":{"start":{"line":65,"column":0},"end":{"line":65,"column":24}}},"fnMap":{},"branchMap":{},"s":{"0":1,"1":1,"2":1,"3":1,"4":1,"5":1,"6":1,"7":1,"8":1,"9":1},"f":{},"b":{},"_coverageSchema":"1a1c01bbd47fc00a2c39e90264f33305004495a9","hash":"63ed929d58f83c60186f9defc9c1777977bb1638"}
,"/home/christian-sperb/Documents/projects/unyleya/3P-1-frontend/routes/usuarioRoutes.js": {"path":"/home/christian-sperb/Documents/projects/unyleya/3P-1-frontend/routes/usuarioRoutes.js","statementMap":{"0":{"start":{"line":1,"column":16},"end":{"line":1,"column":34}},"1":{"start":{"line":2,"column":15},"end":{"line":2,"column":31}},"2":{"start":{"line":3,"column":26},"end":{"line":3,"column":69}},"3":{"start":{"line":31,"column":0},"end":{"line":31,"column":47}},"4":{"start":{"line":32,"column":0},"end":{"line":32,"column":54}},"5":{"start":{"line":34,"column":0},"end":{"line":34,"column":24}}},"fnMap":{},"branchMap":{},"s":{"0":1,"1":1,"2":1,"3":1,"4":1,"5":1},"f":{},"b":{},"_coverageSchema":"1a1c01bbd47fc00a2c39e90264f33305004495a9","hash":"8f6f412856685a529ab27e38fc70e92db9ceaafa"}
,"/home/christian-sperb/Documents/projects/unyleya/3P-1-frontend/services/FreteService.js": {"path":"/home/christian-sperb/Documents/projects/unyleya/3P-1-frontend/services/FreteService.js","statementMap":{"0":{"start":{"line":1,"column":14},"end":{"line":1,"column":30}},"1":{"start":{"line":6,"column":8},"end":{"line":27,"column":9}},"2":{"start":{"line":7,"column":29},"end":{"line":18,"column":13}},"3":{"start":{"line":20,"column":12},"end":{"line":20,"column":33}},"4":{"start":{"line":23,"column":12},"end":{"line":25,"column":13}},"5":{"start":{"line":24,"column":16},"end":{"line":24,"column":83}},"6":{"start":{"line":26,"column":12},"end":{"line":26,"column":79}},"7":{"start":{"line":31,"column":0},"end":{"line":31,"column":30}}},"fnMap":{"0":{"name":"(anonymous_0)","decl":{"start":{"line":5,"column":4},"end":{"line":5,"column":5}},"loc":{"start":{"line":5,"column":44},"end":{"line":28,"column":5}},"line":5}},"branchMap":{"0":{"loc":{"start":{"line":23,"column":12},"end":{"line":25,"column":13}},"type":"if","locations":[{"start":{"line":23,"column":12},"end":{"line":25,"column":13}},{"start":{},"end":{}}],"line":23}},"s":{"0":3,"1":2,"2":2,"3":1,"4":1,"5":1,"6":0,"7":3},"f":{"0":2},"b":{"0":[1,0]},"_coverageSchema":"1a1c01bbd47fc00a2c39e90264f33305004495a9","hash":"ec0f614e9baac18a8f59297acd3c668bea7a2a5a"}
,"/home/christian-sperb/Documents/projects/unyleya/3P-1-frontend/services/PedidoService.js": {"path":"/home/christian-sperb/Documents/projects/unyleya/3P-1-frontend/services/PedidoService.js","statementMap":{"0":{"start":{"line":1,"column":15},"end":{"line":1,"column":49}},"1":{"start":{"line":2,"column":16},"end":{"line":2,"column":52}},"2":{"start":{"line":7,"column":29},"end":{"line":7,"column":30}},"3":{"start":{"line":8,"column":33},"end":{"line":8,"column":35}},"4":{"start":{"line":10,"column":8},"end":{"line":29,"column":9}},"5":{"start":{"line":11,"column":30},"end":{"line":11,"column":83}},"6":{"start":{"line":13,"column":12},"end":{"line":13,"column":96}},"7":{"start":{"line":13,"column":28},"end":{"line":13,"column":96}},"8":{"start":{"line":14,"column":12},"end":{"line":16,"column":13}},"9":{"start":{"line":15,"column":16},"end":{"line":15,"column":128}},"10":{"start":{"line":18,"column":34},"end":{"line":18,"column":73}},"11":{"start":{"line":19,"column":29},"end":{"line":19,"column":68}},"12":{"start":{"line":20,"column":12},"end":{"line":20,"column":39}},"13":{"start":{"line":22,"column":12},"end":{"line":25,"column":15}},"14":{"start":{"line":27,"column":12},"end":{"line":27,"column":60}},"15":{"start":{"line":28,"column":12},"end":{"line":28,"column":35}},"16":{"start":{"line":31,"column":27},"end":{"line":33,"column":10}},"17":{"start":{"line":35,"column":8},"end":{"line":35,"column":39}},"18":{"start":{"line":39,"column":8},"end":{"line":39,"column":59}},"19":{"start":{"line":43,"column":33},"end":{"line":47,"column":9}},"20":{"start":{"line":49,"column":8},"end":{"line":49,"column":73}},"21":{"start":{"line":49,"column":31},"end":{"line":49,"column":73}},"22":{"start":{"line":50,"column":8},"end":{"line":50,"column":32}},"23":{"start":{"line":54,"column":23},"end":{"line":54,"column":54}},"24":{"start":{"line":55,"column":8},"end":{"line":55,"column":77}},"25":{"start":{"line":55,"column":21},"end":{"line":55,"column":77}},"26":{"start":{"line":57,"column":8},"end":{"line":63,"column":9}},"27":{"start":{"line":58,"column":30},"end":{"line":58,"column":75}},"28":{"start":{"line":59,"column":12},"end":{"line":62,"column":13}},"29":{"start":{"line":60,"column":16},"end":{"line":60,"column":56}},"30":{"start":{"line":61,"column":16},"end":{"line":61,"column":39}},"31":{"start":{"line":65,"column":8},"end":{"line":65,"column":49}},"32":{"start":{"line":67,"column":8},"end":{"line":67,"column":81}},"33":{"start":{"line":72,"column":0},"end":{"line":72,"column":31}}},"fnMap":{"0":{"name":"(anonymous_0)","decl":{"start":{"line":6,"column":4},"end":{"line":6,"column":5}},"loc":{"start":{"line":6,"column":65},"end":{"line":36,"column":5}},"line":6},"1":{"name":"(anonymous_1)","decl":{"start":{"line":38,"column":4},"end":{"line":38,"column":5}},"loc":{"start":{"line":38,"column":31},"end":{"line":40,"column":5}},"line":38},"2":{"name":"(anonymous_2)","decl":{"start":{"line":42,"column":4},"end":{"line":42,"column":5}},"loc":{"start":{"line":42,"column":55},"end":{"line":51,"column":5}},"line":42},"3":{"name":"(anonymous_3)","decl":{"start":{"line":53,"column":4},"end":{"line":53,"column":5}},"loc":{"start":{"line":53,"column":41},"end":{"line":68,"column":5}},"line":53}},"branchMap":{"0":{"loc":{"start":{"line":13,"column":12},"end":{"line":13,"column":96}},"type":"if","locations":[{"start":{"line":13,"column":12},"end":{"line":13,"column":96}},{"start":{},"end":{}}],"line":13},"1":{"loc":{"start":{"line":14,"column":12},"end":{"line":16,"column":13}},"type":"if","locations":[{"start":{"line":14,"column":12},"end":{"line":16,"column":13}},{"start":{},"end":{}}],"line":14},"2":{"loc":{"start":{"line":18,"column":34},"end":{"line":18,"column":73}},"type":"binary-expr","locations":[{"start":{"line":18,"column":34},"end":{"line":18,"column":54}},{"start":{"line":18,"column":58},"end":{"line":18,"column":73}}],"line":18},"3":{"loc":{"start":{"line":49,"column":8},"end":{"line":49,"column":73}},"type":"if","locations":[{"start":{"line":49,"column":8},"end":{"line":49,"column":73}},{"start":{},"end":{}}],"line":49},"4":{"loc":{"start":{"line":55,"column":8},"end":{"line":55,"column":77}},"type":"if","locations":[{"start":{"line":55,"column":8},"end":{"line":55,"column":77}},{"start":{},"end":{}}],"line":55},"5":{"loc":{"start":{"line":59,"column":12},"end":{"line":62,"column":13}},"type":"if","locations":[{"start":{"line":59,"column":12},"end":{"line":62,"column":13}},{"start":{},"end":{}}],"line":59}},"s":{"0":3,"1":3,"2":3,"3":3,"4":3,"5":3,"6":3,"7":1,"8":2,"9":1,"10":1,"11":1,"12":1,"13":1,"14":1,"15":1,"16":1,"17":1,"18":1,"19":2,"20":2,"21":1,"22":1,"23":2,"24":2,"25":1,"26":1,"27":1,"28":1,"29":1,"30":1,"31":1,"32":1,"33":3},"f":{"0":3,"1":1,"2":2,"3":2},"b":{"0":[1,2],"1":[1,1],"2":[1,0],"3":[1,1],"4":[1,1],"5":[1,0]},"_coverageSchema":"1a1c01bbd47fc00a2c39e90264f33305004495a9","hash":"a1687aae3e321e86739ede97dae39bdab519dc21"}
,"/home/christian-sperb/Documents/projects/unyleya/3P-1-frontend/services/ProdutoService.js": {"path":"/home/christian-sperb/Documents/projects/unyleya/3P-1-frontend/services/ProdutoService.js","statementMap":{"0":{"start":{"line":1,"column":16},"end":{"line":1,"column":52}},"1":{"start":{"line":6,"column":28},"end":{"line":6,"column":53}},"2":{"start":{"line":7,"column":8},"end":{"line":14,"column":9}},"3":{"start":{"line":8,"column":12},"end":{"line":8,"column":44}},"4":{"start":{"line":10,"column":12},"end":{"line":12,"column":13}},"5":{"start":{"line":11,"column":16},"end":{"line":11,"column":78}},"6":{"start":{"line":13,"column":12},"end":{"line":13,"column":24}},"7":{"start":{"line":18,"column":8},"end":{"line":18,"column":36}},"8":{"start":{"line":22,"column":24},"end":{"line":22,"column":62}},"9":{"start":{"line":23,"column":8},"end":{"line":23,"column":65}},"10":{"start":{"line":23,"column":22},"end":{"line":23,"column":65}},"11":{"start":{"line":24,"column":8},"end":{"line":24,"column":23}},"12":{"start":{"line":28,"column":34},"end":{"line":32,"column":9}},"13":{"start":{"line":33,"column":8},"end":{"line":33,"column":92}},"14":{"start":{"line":33,"column":32},"end":{"line":33,"column":92}},"15":{"start":{"line":34,"column":8},"end":{"line":34,"column":33}},"16":{"start":{"line":38,"column":32},"end":{"line":38,"column":79}},"17":{"start":{"line":39,"column":8},"end":{"line":39,"column":87}},"18":{"start":{"line":39,"column":30},"end":{"line":39,"column":87}},"19":{"start":{"line":40,"column":8},"end":{"line":40,"column":31}},"20":{"start":{"line":44,"column":0},"end":{"line":44,"column":32}}},"fnMap":{"0":{"name":"(anonymous_0)","decl":{"start":{"line":5,"column":4},"end":{"line":5,"column":5}},"loc":{"start":{"line":5,"column":37},"end":{"line":15,"column":5}},"line":5},"1":{"name":"(anonymous_1)","decl":{"start":{"line":17,"column":4},"end":{"line":17,"column":5}},"loc":{"start":{"line":17,"column":31},"end":{"line":19,"column":5}},"line":17},"2":{"name":"(anonymous_2)","decl":{"start":{"line":21,"column":4},"end":{"line":21,"column":5}},"loc":{"start":{"line":21,"column":38},"end":{"line":25,"column":5}},"line":21},"3":{"name":"(anonymous_3)","decl":{"start":{"line":27,"column":4},"end":{"line":27,"column":5}},"loc":{"start":{"line":27,"column":54},"end":{"line":35,"column":5}},"line":27},"4":{"name":"(anonymous_4)","decl":{"start":{"line":37,"column":4},"end":{"line":37,"column":5}},"loc":{"start":{"line":37,"column":34},"end":{"line":41,"column":5}},"line":37}},"branchMap":{"0":{"loc":{"start":{"line":10,"column":12},"end":{"line":12,"column":13}},"type":"if","locations":[{"start":{"line":10,"column":12},"end":{"line":12,"column":13}},{"start":{},"end":{}}],"line":10},"1":{"loc":{"start":{"line":23,"column":8},"end":{"line":23,"column":65}},"type":"if","locations":[{"start":{"line":23,"column":8},"end":{"line":23,"column":65}},{"start":{},"end":{}}],"line":23},"2":{"loc":{"start":{"line":33,"column":8},"end":{"line":33,"column":92}},"type":"if","locations":[{"start":{"line":33,"column":8},"end":{"line":33,"column":92}},{"start":{},"end":{}}],"line":33},"3":{"loc":{"start":{"line":39,"column":8},"end":{"line":39,"column":87}},"type":"if","locations":[{"start":{"line":39,"column":8},"end":{"line":39,"column":87}},{"start":{},"end":{}}],"line":39}},"s":{"0":3,"1":3,"2":3,"3":3,"4":2,"5":1,"6":1,"7":1,"8":2,"9":2,"10":1,"11":1,"12":2,"13":2,"14":1,"15":1,"16":2,"17":2,"18":1,"19":1,"20":3},"f":{"0":3,"1":1,"2":2,"3":2,"4":2},"b":{"0":[1,1],"1":[1,1],"2":[1,1],"3":[1,1]},"_coverageSchema":"1a1c01bbd47fc00a2c39e90264f33305004495a9","hash":"af745658b1c1f77f48d792112c63d5221cc4878b"}
,"/home/christian-sperb/Documents/projects/unyleya/3P-1-frontend/services/UsuarioService.js": {"path":"/home/christian-sperb/Documents/projects/unyleya/3P-1-frontend/services/UsuarioService.js","statementMap":{"0":{"start":{"line":1,"column":16},"end":{"line":1,"column":52}},"1":{"start":{"line":2,"column":15},"end":{"line":2,"column":32}},"2":{"start":{"line":3,"column":12},"end":{"line":3,"column":35}},"3":{"start":{"line":8,"column":33},"end":{"line":8,"column":65}},"4":{"start":{"line":9,"column":8},"end":{"line":9,"column":80}},"5":{"start":{"line":9,"column":30},"end":{"line":9,"column":80}},"6":{"start":{"line":11,"column":21},"end":{"line":11,"column":45}},"7":{"start":{"line":12,"column":35},"end":{"line":12,"column":65}},"8":{"start":{"line":14,"column":28},"end":{"line":19,"column":10}},"9":{"start":{"line":21,"column":8},"end":{"line":21,"column":33}},"10":{"start":{"line":23,"column":8},"end":{"line":23,"column":38}},"11":{"start":{"line":24,"column":8},"end":{"line":24,"column":27}},"12":{"start":{"line":28,"column":24},"end":{"line":28,"column":73}},"13":{"start":{"line":29,"column":8},"end":{"line":29,"column":68}},"14":{"start":{"line":29,"column":22},"end":{"line":29,"column":68}},"15":{"start":{"line":31,"column":28},"end":{"line":31,"column":70}},"16":{"start":{"line":32,"column":8},"end":{"line":32,"column":72}},"17":{"start":{"line":32,"column":26},"end":{"line":32,"column":72}},"18":{"start":{"line":34,"column":22},"end":{"line":38,"column":9}},"19":{"start":{"line":40,"column":8},"end":{"line":49,"column":10}},"20":{"start":{"line":53,"column":0},"end":{"line":53,"column":32}}},"fnMap":{"0":{"name":"(anonymous_0)","decl":{"start":{"line":7,"column":4},"end":{"line":7,"column":5}},"loc":{"start":{"line":7,"column":57},"end":{"line":25,"column":5}},"line":7},"1":{"name":"(anonymous_1)","decl":{"start":{"line":27,"column":4},"end":{"line":27,"column":5}},"loc":{"start":{"line":27,"column":41},"end":{"line":50,"column":5}},"line":27}},"branchMap":{"0":{"loc":{"start":{"line":9,"column":8},"end":{"line":9,"column":80}},"type":"if","locations":[{"start":{"line":9,"column":8},"end":{"line":9,"column":80}},{"start":{},"end":{}}],"line":9},"1":{"loc":{"start":{"line":29,"column":8},"end":{"line":29,"column":68}},"type":"if","locations":[{"start":{"line":29,"column":8},"end":{"line":29,"column":68}},{"start":{},"end":{}}],"line":29},"2":{"loc":{"start":{"line":32,"column":8},"end":{"line":32,"column":72}},"type":"if","locations":[{"start":{"line":32,"column":8},"end":{"line":32,"column":72}},{"start":{},"end":{}}],"line":32}},"s":{"0":3,"1":3,"2":3,"3":2,"4":2,"5":1,"6":1,"7":1,"8":1,"9":1,"10":1,"11":1,"12":3,"13":3,"14":1,"15":2,"16":2,"17":1,"18":1,"19":1,"20":3},"f":{"0":2,"1":3},"b":{"0":[1,1],"1":[1,2],"2":[1,1]},"_coverageSchema":"1a1c01bbd47fc00a2c39e90264f33305004495a9","hash":"ea4bcc93a6c1a93684d7cc661122944838175d46"}
}
