TN:
SF:server.js
FN:56,(anonymous_0)
FN:57,(anonymous_1)
FN:61,(anonymous_2)
FN:79,(anonymous_3)
FNF:4
FNH:1
FNDA:0,(anonymous_0)
FNDA:0,(anonymous_1)
FNDA:1,(anonymous_2)
FNDA:0,(anonymous_3)
DA:4,1
DA:5,1
DA:6,1
DA:7,1
DA:8,1
DA:9,1
DA:10,1
DA:13,1
DA:14,1
DA:15,1
DA:16,1
DA:18,1
DA:19,1
DA:21,1
DA:46,1
DA:49,1
DA:50,1
DA:51,1
DA:54,1
DA:55,0
DA:56,0
DA:57,0
DA:61,1
DA:62,1
DA:70,1
DA:71,1
DA:72,1
DA:73,1
DA:74,1
DA:78,1
DA:79,0
DA:80,0
DA:81,0
DA:85,1
LF:34
LH:28
BRDA:19,0,0,1
BRDA:19,0,1,0
BRDA:54,1,0,0
BRDA:54,1,1,1
BRDA:78,2,0,0
BRDA:78,2,1,1
BRF:6
BRH:3
end_of_record
TN:
SF:controllers/FreteController.js
FN:5,(anonymous_0)
FNF:1
FNH:1
FNDA:3,(anonymous_0)
DA:1,2
DA:6,3
DA:7,3
DA:9,1
DA:12,2
DA:13,1
DA:16,1
DA:17,1
DA:22,2
LF:9
LH:9
BRDA:12,0,0,1
BRDA:12,0,1,1
BRF:2
BRH:2
end_of_record
TN:
SF:controllers/PedidoController.js
FN:5,(anonymous_0)
FN:14,(anonymous_1)
FN:24,(anonymous_2)
FN:36,(anonymous_3)
FNF:4
FNH:4
FNDA:2,(anonymous_0)
FNDA:2,(anonymous_1)
FNDA:2,(anonymous_2)
FNDA:2,(anonymous_3)
DA:1,2
DA:6,2
DA:7,2
DA:8,1
DA:10,1
DA:15,2
DA:16,2
DA:17,1
DA:19,1
DA:20,1
DA:25,2
DA:26,2
DA:27,2
DA:29,2
DA:30,1
DA:32,1
DA:37,2
DA:38,2
DA:39,2
DA:40,1
DA:42,1
DA:47,2
LF:22
LH:22
BRF:0
BRH:0
end_of_record
TN:
SF:controllers/ProdutoController.js
FN:5,(anonymous_0)
FN:15,(anonymous_1)
FN:24,(anonymous_2)
FN:34,(anonymous_3)
FN:44,(anonymous_4)
FNF:5
FNH:5
FNDA:3,(anonymous_0)
FNDA:2,(anonymous_1)
FNDA:2,(anonymous_2)
FNDA:2,(anonymous_3)
FNDA:2,(anonymous_4)
DA:1,2
DA:6,3
DA:7,3
DA:8,1
DA:10,2
DA:11,2
DA:16,2
DA:17,2
DA:18,1
DA:20,1
DA:25,2
DA:26,2
DA:27,2
DA:28,1
DA:30,1
DA:35,2
DA:36,2
DA:37,2
DA:38,1
DA:40,1
DA:45,2
DA:46,2
DA:47,2
DA:48,1
DA:50,1
DA:55,2
LF:26
LH:26
BRDA:10,0,0,1
BRDA:10,0,1,1
BRF:2
BRH:2
end_of_record
TN:
SF:controllers/UsuarioController.js
FN:5,(anonymous_0)
FN:14,(anonymous_1)
FNF:2
FNH:2
FNDA:2,(anonymous_0)
FNDA:2,(anonymous_1)
DA:1,2
DA:6,2
DA:7,2
DA:8,1
DA:10,1
DA:15,2
DA:16,2
DA:17,1
DA:19,1
DA:24,2
LF:10
LH:10
BRF:0
BRH:0
end_of_record
TN:
SF:middlewares/authMiddleware.js
FN:4,(anonymous_0)
FN:25,(anonymous_1)
FNF:2
FNH:2
FNDA:4,(anonymous_0)
FNDA:2,(anonymous_1)
DA:1,2
DA:4,2
DA:5,4
DA:7,4
DA:8,2
DA:11,2
DA:13,2
DA:14,2
DA:16,1
DA:18,1
DA:20,1
DA:25,2
DA:26,2
DA:27,1
DA:29,1
DA:32,2
LF:16
LH:16
BRDA:7,0,0,2
BRDA:7,0,1,2
BRDA:7,1,0,4
BRDA:7,1,1,3
BRDA:26,2,0,1
BRDA:26,2,1,1
BRF:6
BRH:6
end_of_record
TN:
SF:middlewares/errorHandler.js
FN:1,(anonymous_0)
FNF:1
FNH:1
FNDA:6,(anonymous_0)
DA:1,2
DA:2,6
DA:6,6
DA:7,1
DA:14,5
DA:15,2
DA:22,3
DA:23,1
DA:30,2
DA:37,2
LF:10
LH:10
BRDA:6,0,0,1
BRDA:6,0,1,5
BRDA:14,1,0,2
BRDA:14,1,1,3
BRDA:14,2,0,5
BRDA:14,2,1,4
BRDA:22,3,0,1
BRDA:22,3,1,2
BRDA:33,4,0,1
BRDA:33,4,1,1
BRF:10
BRH:10
end_of_record
TN:
SF:models/pedido/Pedido.js
FNF:0
FNH:0
DA:1,3
DA:4,3
DA:31,3
DA:60,3
LF:4
LH:4
BRF:0
BRH:0
end_of_record
TN:
SF:models/produto/Produto.js
FNF:0
FNH:0
DA:1,5
DA:3,5
DA:40,5
LF:3
LH:3
BRF:0
BRH:0
end_of_record
TN:
SF:models/usuario/Usuario.js
FNF:0
FNH:0
DA:1,3
DA:3,3
DA:26,3
LF:3
LH:3
BRF:0
BRH:0
end_of_record
TN:
SF:routes/freteRoutes.js
FNF:0
FNH:0
DA:1,1
DA:2,1
DA:3,1
DA:5,1
DA:7,1
LF:5
LH:5
BRF:0
BRH:0
end_of_record
TN:
SF:routes/pedidoRoutes.js
FNF:0
FNH:0
DA:1,1
DA:2,1
DA:3,1
DA:4,1
DA:51,1
DA:52,1
DA:53,1
DA:54,1
DA:56,1
LF:9
LH:9
BRF:0
BRH:0
end_of_record
TN:
SF:routes/produtoRoutes.js
FNF:0
FNH:0
DA:1,1
DA:2,1
DA:3,1
DA:5,1
DA:57,1
DA:58,1
DA:61,1
DA:62,1
DA:63,1
DA:65,1
LF:10
LH:10
BRF:0
BRH:0
end_of_record
TN:
SF:routes/usuarioRoutes.js
FNF:0
FNH:0
DA:1,1
DA:2,1
DA:3,1
DA:31,1
DA:32,1
DA:34,1
LF:6
LH:6
BRF:0
BRH:0
end_of_record
TN:
SF:services/FreteService.js
FN:5,(anonymous_0)
FNF:1
FNH:1
FNDA:2,(anonymous_0)
DA:1,3
DA:6,2
DA:7,2
DA:20,1
DA:23,1
DA:24,1
DA:26,0
DA:31,3
LF:8
LH:7
BRDA:23,0,0,1
BRDA:23,0,1,0
BRF:2
BRH:1
end_of_record
TN:
SF:services/PedidoService.js
FN:6,(anonymous_0)
FN:38,(anonymous_1)
FN:42,(anonymous_2)
FN:53,(anonymous_3)
FNF:4
FNH:4
FNDA:3,(anonymous_0)
FNDA:1,(anonymous_1)
FNDA:2,(anonymous_2)
FNDA:2,(anonymous_3)
DA:1,3
DA:2,3
DA:7,3
DA:8,3
DA:10,3
DA:11,3
DA:13,3
DA:14,2
DA:15,1
DA:18,1
DA:19,1
DA:20,1
DA:22,1
DA:27,1
DA:28,1
DA:31,1
DA:35,1
DA:39,1
DA:43,2
DA:49,2
DA:50,1
DA:54,2
DA:55,2
DA:57,1
DA:58,1
DA:59,1
DA:60,1
DA:61,1
DA:65,1
DA:67,1
DA:72,3
LF:31
LH:31
BRDA:13,0,0,1
BRDA:13,0,1,2
BRDA:14,1,0,1
BRDA:14,1,1,1
BRDA:18,2,0,1
BRDA:18,2,1,0
BRDA:49,3,0,1
BRDA:49,3,1,1
BRDA:55,4,0,1
BRDA:55,4,1,1
BRDA:59,5,0,1
BRDA:59,5,1,0
BRF:12
BRH:10
end_of_record
TN:
SF:services/ProdutoService.js
FN:5,(anonymous_0)
FN:17,(anonymous_1)
FN:21,(anonymous_2)
FN:27,(anonymous_3)
FN:37,(anonymous_4)
FNF:5
FNH:5
FNDA:3,(anonymous_0)
FNDA:1,(anonymous_1)
FNDA:2,(anonymous_2)
FNDA:2,(anonymous_3)
FNDA:2,(anonymous_4)
DA:1,3
DA:6,3
DA:7,3
DA:8,3
DA:10,2
DA:11,1
DA:13,1
DA:18,1
DA:22,2
DA:23,2
DA:24,1
DA:28,2
DA:33,2
DA:34,1
DA:38,2
DA:39,2
DA:40,1
DA:44,3
LF:18
LH:18
BRDA:10,0,0,1
BRDA:10,0,1,1
BRDA:23,1,0,1
BRDA:23,1,1,1
BRDA:33,2,0,1
BRDA:33,2,1,1
BRDA:39,3,0,1
BRDA:39,3,1,1
BRF:8
BRH:8
end_of_record
TN:
SF:services/UsuarioService.js
FN:7,(anonymous_0)
FN:27,(anonymous_1)
FNF:2
FNH:2
FNDA:2,(anonymous_0)
FNDA:3,(anonymous_1)
DA:1,3
DA:2,3
DA:3,3
DA:8,2
DA:9,2
DA:11,1
DA:12,1
DA:14,1
DA:21,1
DA:23,1
DA:24,1
DA:28,3
DA:29,3
DA:31,2
DA:32,2
DA:34,1
DA:40,1
DA:53,3
LF:18
LH:18
BRDA:9,0,0,1
BRDA:9,0,1,1
BRDA:29,1,0,1
BRDA:29,1,1,2
BRDA:32,2,0,1
BRDA:32,2,1,1
BRF:6
BRH:6
end_of_record
